-------------------------------------------------------------------------------
Test set: com.EmployeeManagement.EmployeeManagementApplicationTests
-------------------------------------------------------------------------------
Tests run: 1, Failures: 0, Errors: 1, Skipped: 0, Time elapsed: 7.333 s <<< FAILURE! - in com.EmployeeManagement.EmployeeManagementApplicationTests
com.EmployeeManagement.EmployeeManagementApplicationTests.contextLoads  Time elapsed: 0.157 s  <<< ERROR!
java.lang.StackOverflowError
	at com.EmployeeManagement.Service.EmployeeServiceImpl.addNewEmployee(EmployeeServiceImpl.java:18)
	at com.EmployeeManagement.Service.EmployeeServiceImpl.addNewEmployee(EmployeeServiceImpl.java:18)
	at com.EmployeeManagement.Service.EmployeeServiceImpl.addNewEmployee(EmployeeServiceImpl.java:18)
	at com.EmployeeManagement.Service.EmployeeServiceImpl.addNewEmployee(EmployeeServiceImpl.java:18)
	at com.EmployeeManagement.Service.EmployeeServiceImpl.addNewEmployee(EmployeeServiceImpl.java:18)
	at com.EmployeeManagement.Service.EmployeeServiceImpl.addNewEmployee(EmployeeServiceImpl.java:18)
	at com.EmployeeManagement.Service.EmployeeServiceImpl.addNewEmployee(EmployeeServiceImpl.java:18)
	at com.EmployeeManagement.Service.EmployeeServiceImpl.addNewEmployee(EmployeeServiceImpl.java:18)
	at com.EmployeeManagement.Service.EmployeeServiceImpl.addNewEmployee(EmployeeServiceImpl.java:18)
	at com.EmployeeManagement.Service.EmployeeServiceImpl.addNewEmployee(EmployeeServiceImpl.java:18)
	at com.EmployeeManagement.Service.EmployeeServiceImpl.addNewEmployee(EmployeeServiceImpl.java:18)
	at com.EmployeeManagement.Service.EmployeeServiceImpl.addNewEmployee(EmployeeServiceImpl.java:18)
	at com.EmployeeManagement.Service.EmployeeServiceImpl.addNewEmployee(EmployeeServiceImpl.java:18)
	at com.EmployeeManagement.Service.EmployeeServiceImpl.addNewEmployee(EmployeeServiceImpl.java:18)
	at com.EmployeeManagement.Service.EmployeeServiceImpl.addNewEmployee(EmployeeServiceImpl.java:18)
	at com.EmployeeManagement.Service.EmployeeServiceImpl.addNewEmployee(EmployeeServiceImpl.java:18)
	at com.EmployeeManagement.Service.EmployeeServiceImpl.addNewEmployee(EmployeeServiceImpl.java:18)
	at com.EmployeeManagement.Service.EmployeeServiceImpl.addNewEmployee(EmployeeServiceImpl.java:18)
	at com.EmployeeManagement.Service.EmployeeServiceImpl.addNewEmployee(EmployeeServiceImpl.java:18)
	at com.EmployeeManagement.Service.EmployeeServiceImpl.addNewEmployee(EmployeeServiceImpl.java:18)
	at com.EmployeeManagement.Service.EmployeeServiceImpl.addNewEmployee(EmployeeServiceImpl.java:18)
	at com.EmployeeManagement.Service.EmployeeServiceImpl.addNewEmployee(EmployeeServiceImpl.java:18)
	at com.EmployeeManagement.Service.EmployeeServiceImpl.addNewEmployee(EmployeeServiceImpl.java:18)
	at com.EmployeeManagement.Service.EmployeeServiceImpl.addNewEmployee(EmployeeServiceImpl.java:18)
	at com.EmployeeManagement.Service.EmployeeServiceImpl.addNewEmployee(EmployeeServiceImpl.java:18)
	at com.EmployeeManagement.Service.EmployeeServiceImpl.addNewEmployee(EmployeeServiceImpl.java:18)
	at com.EmployeeManagement.Service.EmployeeServiceImpl.addNewEmployee(EmployeeServiceImpl.java:18)
	at com.EmployeeManagement.Service.EmployeeServiceImpl.addNewEmployee(EmployeeServiceImpl.java:18)
	at com.EmployeeManagement.Service.EmployeeServiceImpl.addNewEmployee(EmployeeServiceImpl.java:18)
	at com.EmployeeManagement.Service.EmployeeServiceImpl.addNewEmployee(EmployeeServiceImpl.java:18)
	at com.EmployeeManagement.Service.EmployeeServiceImpl.addNewEmployee(EmployeeServiceImpl.java:18)
	at com.EmployeeManagement.Service.EmployeeServiceImpl.addNewEmployee(EmployeeServiceImpl.java:18)
	at com.EmployeeManagement.Service.EmployeeServiceImpl.addNewEmployee(EmployeeServiceImpl.java:18)
	at com.EmployeeManagement.Service.EmployeeServiceImpl.addNewEmployee(EmployeeServiceImpl.java:18)
	at com.EmployeeManagement.Service.EmployeeServiceImpl.addNewEmployee(EmployeeServiceImpl.java:18)
	at com.EmployeeManagement.Service.EmployeeServiceImpl.addNewEmployee(EmployeeServiceImpl.java:18)
	at com.EmployeeManagement.Service.EmployeeServiceImpl.addNewEmployee(EmployeeServiceImpl.java:18)
	at com.EmployeeManagement.Service.EmployeeServiceImpl.addNewEmployee(EmployeeServiceImpl.java:18)
	at com.EmployeeManagement.Service.EmployeeServiceImpl.addNewEmployee(EmployeeServiceImpl.java:18)
	at com.EmployeeManagement.Service.EmployeeServiceImpl.addNewEmployee(EmployeeServiceImpl.java:18)
	at com.EmployeeManagement.Service.EmployeeServiceImpl.addNewEmployee(EmployeeServiceImpl.java:18)
	at com.EmployeeManagement.Service.EmployeeServiceImpl.addNewEmployee(EmployeeServiceImpl.java:18)
	at com.EmployeeManagement.Service.EmployeeServiceImpl.addNewEmployee(EmployeeServiceImpl.java:18)
	at com.EmployeeManagement.Service.EmployeeServiceImpl.addNewEmployee(EmployeeServiceImpl.java:18)
	at com.EmployeeManagement.Service.EmployeeServiceImpl.addNewEmployee(EmployeeServiceImpl.java:18)
	at com.EmployeeManagement.Service.EmployeeServiceImpl.addNewEmployee(EmployeeServiceImpl.java:18)
	at com.EmployeeManagement.Service.EmployeeServiceImpl.addNewEmployee(EmployeeServiceImpl.java:18)
	at com.EmployeeManagement.Service.EmployeeServiceImpl.addNewEmployee(EmployeeServiceImpl.java:18)
	at com.EmployeeManagement.Service.EmployeeServiceImpl.addNewEmployee(EmployeeServiceImpl.java:18)
	at com.EmployeeManagement.Service.EmployeeServiceImpl.addNewEmployee(EmployeeServiceImpl.java:18)
	at com.EmployeeManagement.Service.EmployeeServiceImpl.addNewEmployee(EmployeeServiceImpl.java:18)
	at com.EmployeeManagement.Service.EmployeeServiceImpl.addNewEmployee(EmployeeServiceImpl.java:18)
	at com.EmployeeManagement.Service.EmployeeServiceImpl.addNewEmployee(EmployeeServiceImpl.java:18)
	at com.EmployeeManagement.Service.EmployeeServiceImpl.addNewEmployee(EmployeeServiceImpl.java:18)
	at com.EmployeeManagement.Service.EmployeeServiceImpl.addNewEmployee(EmployeeServiceImpl.java:18)
	at com.EmployeeManagement.Service.EmployeeServiceImpl.addNewEmployee(EmployeeServiceImpl.java:18)
	at com.EmployeeManagement.Service.EmployeeServiceImpl.addNewEmployee(EmployeeServiceImpl.java:18)
	at com.EmployeeManagement.Service.EmployeeServiceImpl.addNewEmployee(EmployeeServiceImpl.java:18)
	at com.EmployeeManagement.Service.EmployeeServiceImpl.addNewEmployee(EmployeeServiceImpl.java:18)
	at com.EmployeeManagement.Service.EmployeeServiceImpl.addNewEmployee(EmployeeServiceImpl.java:18)
	at com.EmployeeManagement.Service.EmployeeServiceImpl.addNewEmployee(EmployeeServiceImpl.java:18)
	at com.EmployeeManagement.Service.EmployeeServiceImpl.addNewEmployee(EmployeeServiceImpl.java:18)
	at com.EmployeeManagement.Service.EmployeeServiceImpl.addNewEmployee(EmployeeServiceImpl.java:18)
	at com.EmployeeManagement.Service.EmployeeServiceImpl.addNewEmployee(EmployeeServiceImpl.java:18)
	at com.EmployeeManagement.Service.EmployeeServiceImpl.addNewEmployee(EmployeeServiceImpl.java:18)
	at com.EmployeeManagement.Service.EmployeeServiceImpl.addNewEmployee(EmployeeServiceImpl.java:18)
	at com.EmployeeManagement.Service.EmployeeServiceImpl.addNewEmployee(EmployeeServiceImpl.java:18)
	at com.EmployeeManagement.Service.EmployeeServiceImpl.addNewEmployee(EmployeeServiceImpl.java:18)
	at com.EmployeeManagement.Service.EmployeeServiceImpl.addNewEmployee(EmployeeServiceImpl.java:18)
	at com.EmployeeManagement.Service.EmployeeServiceImpl.addNewEmployee(EmployeeServiceImpl.java:18)
	at com.EmployeeManagement.Service.EmployeeServiceImpl.addNewEmployee(EmployeeServiceImpl.java:18)
	at com.EmployeeManagement.Service.EmployeeServiceImpl.addNewEmployee(EmployeeServiceImpl.java:18)
	at com.EmployeeManagement.Service.EmployeeServiceImpl.addNewEmployee(EmployeeServiceImpl.java:18)
	at com.EmployeeManagement.Service.EmployeeServiceImpl.addNewEmployee(EmployeeServiceImpl.java:18)
	at com.EmployeeManagement.Service.EmployeeServiceImpl.addNewEmployee(EmployeeServiceImpl.java:18)
	at com.EmployeeManagement.Service.EmployeeServiceImpl.addNewEmployee(EmployeeServiceImpl.java:18)
	at com.EmployeeManagement.Service.EmployeeServiceImpl.addNewEmployee(EmployeeServiceImpl.java:18)
	at com.EmployeeManagement.Service.EmployeeServiceImpl.addNewEmployee(EmployeeServiceImpl.java:18)
	at com.EmployeeManagement.Service.EmployeeServiceImpl.addNewEmployee(EmployeeServiceImpl.java:18)
	at com.EmployeeManagement.Service.EmployeeServiceImpl.addNewEmployee(EmployeeServiceImpl.java:18)
	at com.EmployeeManagement.Service.EmployeeServiceImpl.addNewEmployee(EmployeeServiceImpl.java:18)
	at com.EmployeeManagement.Service.EmployeeServiceImpl.addNewEmployee(EmployeeServiceImpl.java:18)
	at com.EmployeeManagement.Service.EmployeeServiceImpl.addNewEmployee(EmployeeServiceImpl.java:18)
	at com.EmployeeManagement.Service.EmployeeServiceImpl.addNewEmployee(EmployeeServiceImpl.java:18)
	at com.EmployeeManagement.Service.EmployeeServiceImpl.addNewEmployee(EmployeeServiceImpl.java:18)
	at com.EmployeeManagement.Service.EmployeeServiceImpl.addNewEmployee(EmployeeServiceImpl.java:18)
	at com.EmployeeManagement.Service.EmployeeServiceImpl.addNewEmployee(EmployeeServiceImpl.java:18)
	at com.EmployeeManagement.Service.EmployeeServiceImpl.addNewEmployee(EmployeeServiceImpl.java:18)
	at com.EmployeeManagement.Service.EmployeeServiceImpl.addNewEmployee(EmployeeServiceImpl.java:18)
	at com.EmployeeManagement.Service.EmployeeServiceImpl.addNewEmployee(EmployeeServiceImpl.java:18)
	at com.EmployeeManagement.Service.EmployeeServiceImpl.addNewEmployee(EmployeeServiceImpl.java:18)
	at com.EmployeeManagement.Service.EmployeeServiceImpl.addNewEmployee(EmployeeServiceImpl.java:18)
	at com.EmployeeManagement.Service.EmployeeServiceImpl.addNewEmployee(EmployeeServiceImpl.java:18)
	at com.EmployeeManagement.Service.EmployeeServiceImpl.addNewEmployee(EmployeeServiceImpl.java:18)
	at com.EmployeeManagement.Service.EmployeeServiceImpl.addNewEmployee(EmployeeServiceImpl.java:18)
	at com.EmployeeManagement.Service.EmployeeServiceImpl.addNewEmployee(EmployeeServiceImpl.java:18)
	at com.EmployeeManagement.Service.EmployeeServiceImpl.addNewEmployee(EmployeeServiceImpl.java:18)
	at com.EmployeeManagement.Service.EmployeeServiceImpl.addNewEmployee(EmployeeServiceImpl.java:18)
	at com.EmployeeManagement.Service.EmployeeServiceImpl.addNewEmployee(EmployeeServiceImpl.java:18)
	at com.EmployeeManagement.Service.EmployeeServiceImpl.addNewEmployee(EmployeeServiceImpl.java:18)
	at com.EmployeeManagement.Service.EmployeeServiceImpl.addNewEmployee(EmployeeServiceImpl.java:18)
	at com.EmployeeManagement.Service.EmployeeServiceImpl.addNewEmployee(EmployeeServiceImpl.java:18)
	at com.EmployeeManagement.Service.EmployeeServiceImpl.addNewEmployee(EmployeeServiceImpl.java:18)
	at com.EmployeeManagement.Service.EmployeeServiceImpl.addNewEmployee(EmployeeServiceImpl.java:18)
	at com.EmployeeManagement.Service.EmployeeServiceImpl.addNewEmployee(EmployeeServiceImpl.java:18)
	at com.EmployeeManagement.Service.EmployeeServiceImpl.addNewEmployee(EmployeeServiceImpl.java:18)
	at com.EmployeeManagement.Service.EmployeeServiceImpl.addNewEmployee(EmployeeServiceImpl.java:18)
	at com.EmployeeManagement.Service.EmployeeServiceImpl.addNewEmployee(EmployeeServiceImpl.java:18)
	at com.EmployeeManagement.Service.EmployeeServiceImpl.addNewEmployee(EmployeeServiceImpl.java:18)
	at com.EmployeeManagement.Service.EmployeeServiceImpl.addNewEmployee(EmployeeServiceImpl.java:18)
	at com.EmployeeManagement.Service.EmployeeServiceImpl.addNewEmployee(EmployeeServiceImpl.java:18)
	at com.EmployeeManagement.Service.EmployeeServiceImpl.addNewEmployee(EmployeeServiceImpl.java:18)
	at com.EmployeeManagement.Service.EmployeeServiceImpl.addNewEmployee(EmployeeServiceImpl.java:18)
	at com.EmployeeManagement.Service.EmployeeServiceImpl.addNewEmployee(EmployeeServiceImpl.java:18)
	at com.EmployeeManagement.Service.EmployeeServiceImpl.addNewEmployee(EmployeeServiceImpl.java:18)
	at com.EmployeeManagement.Service.EmployeeServiceImpl.addNewEmployee(EmployeeServiceImpl.java:18)
	at com.EmployeeManagement.Service.EmployeeServiceImpl.addNewEmployee(EmployeeServiceImpl.java:18)
	at com.EmployeeManagement.Service.EmployeeServiceImpl.addNewEmployee(EmployeeServiceImpl.java:18)
	at com.EmployeeManagement.Service.EmployeeServiceImpl.addNewEmployee(EmployeeServiceImpl.java:18)
	at com.EmployeeManagement.Service.EmployeeServiceImpl.addNewEmployee(EmployeeServiceImpl.java:18)
	at com.EmployeeManagement.Service.EmployeeServiceImpl.addNewEmployee(EmployeeServiceImpl.java:18)
	at com.EmployeeManagement.Service.EmployeeServiceImpl.addNewEmployee(EmployeeServiceImpl.java:18)
	at com.EmployeeManagement.Service.EmployeeServiceImpl.addNewEmployee(EmployeeServiceImpl.java:18)
	at com.EmployeeManagement.Service.EmployeeServiceImpl.addNewEmployee(EmployeeServiceImpl.java:18)
	at com.EmployeeManagement.Service.EmployeeServiceImpl.addNewEmployee(EmployeeServiceImpl.java:18)
	at com.EmployeeManagement.Service.EmployeeServiceImpl.addNewEmployee(EmployeeServiceImpl.java:18)
	at com.EmployeeManagement.Service.EmployeeServiceImpl.addNewEmployee(EmployeeServiceImpl.java:18)
	at com.EmployeeManagement.Service.EmployeeServiceImpl.addNewEmployee(EmployeeServiceImpl.java:18)
	at com.EmployeeManagement.Service.EmployeeServiceImpl.addNewEmployee(EmployeeServiceImpl.java:18)
	at com.EmployeeManagement.Service.EmployeeServiceImpl.addNewEmployee(EmployeeServiceImpl.java:18)
	at com.EmployeeManagement.Service.EmployeeServiceImpl.addNewEmployee(EmployeeServiceImpl.java:18)
	at com.EmployeeManagement.Service.EmployeeServiceImpl.addNewEmployee(EmployeeServiceImpl.java:18)
	at com.EmployeeManagement.Service.EmployeeServiceImpl.addNewEmployee(EmployeeServiceImpl.java:18)
	at com.EmployeeManagement.Service.EmployeeServiceImpl.addNewEmployee(EmployeeServiceImpl.java:18)
	at com.EmployeeManagement.Service.EmployeeServiceImpl.addNewEmployee(EmployeeServiceImpl.java:18)
	at com.EmployeeManagement.Service.EmployeeServiceImpl.addNewEmployee(EmployeeServiceImpl.java:18)
	at com.EmployeeManagement.Service.EmployeeServiceImpl.addNewEmployee(EmployeeServiceImpl.java:18)
	at com.EmployeeManagement.Service.EmployeeServiceImpl.addNewEmployee(EmployeeServiceImpl.java:18)
	at com.EmployeeManagement.Service.EmployeeServiceImpl.addNewEmployee(EmployeeServiceImpl.java:18)
	at com.EmployeeManagement.Service.EmployeeServiceImpl.addNewEmployee(EmployeeServiceImpl.java:18)
	at com.EmployeeManagement.Service.EmployeeServiceImpl.addNewEmployee(EmployeeServiceImpl.java:18)
	at com.EmployeeManagement.Service.EmployeeServiceImpl.addNewEmployee(EmployeeServiceImpl.java:18)
	at com.EmployeeManagement.Service.EmployeeServiceImpl.addNewEmployee(EmployeeServiceImpl.java:18)
	at com.EmployeeManagement.Service.EmployeeServiceImpl.addNewEmployee(EmployeeServiceImpl.java:18)
	at com.EmployeeManagement.Service.EmployeeServiceImpl.addNewEmployee(EmployeeServiceImpl.java:18)
	at com.EmployeeManagement.Service.EmployeeServiceImpl.addNewEmployee(EmployeeServiceImpl.java:18)
	at com.EmployeeManagement.Service.EmployeeServiceImpl.addNewEmployee(EmployeeServiceImpl.java:18)
	at com.EmployeeManagement.Service.EmployeeServiceImpl.addNewEmployee(EmployeeServiceImpl.java:18)
	at com.EmployeeManagement.Service.EmployeeServiceImpl.addNewEmployee(EmployeeServiceImpl.java:18)
	at com.EmployeeManagement.Service.EmployeeServiceImpl.addNewEmployee(EmployeeServiceImpl.java:18)
	at com.EmployeeManagement.Service.EmployeeServiceImpl.addNewEmployee(EmployeeServiceImpl.java:18)
	at com.EmployeeManagement.Service.EmployeeServiceImpl.addNewEmployee(EmployeeServiceImpl.java:18)
	at com.EmployeeManagement.Service.EmployeeServiceImpl.addNewEmployee(EmployeeServiceImpl.java:18)
	at com.EmployeeManagement.Service.EmployeeServiceImpl.addNewEmployee(EmployeeServiceImpl.java:18)
	at com.EmployeeManagement.Service.EmployeeServiceImpl.addNewEmployee(EmployeeServiceImpl.java:18)
	at com.EmployeeManagement.Service.EmployeeServiceImpl.addNewEmployee(EmployeeServiceImpl.java:18)
	at com.EmployeeManagement.Service.EmployeeServiceImpl.addNewEmployee(EmployeeServiceImpl.java:18)
	at com.EmployeeManagement.Service.EmployeeServiceImpl.addNewEmployee(EmployeeServiceImpl.java:18)
	at com.EmployeeManagement.Service.EmployeeServiceImpl.addNewEmployee(EmployeeServiceImpl.java:18)
	at com.EmployeeManagement.Service.EmployeeServiceImpl.addNewEmployee(EmployeeServiceImpl.java:18)
	at com.EmployeeManagement.Service.EmployeeServiceImpl.addNewEmployee(EmployeeServiceImpl.java:18)
	at com.EmployeeManagement.Service.EmployeeServiceImpl.addNewEmployee(EmployeeServiceImpl.java:18)
	at com.EmployeeManagement.Service.EmployeeServiceImpl.addNewEmployee(EmployeeServiceImpl.java:18)
	at com.EmployeeManagement.Service.EmployeeServiceImpl.addNewEmployee(EmployeeServiceImpl.java:18)
	at com.EmployeeManagement.Service.EmployeeServiceImpl.addNewEmployee(EmployeeServiceImpl.java:18)
	at com.EmployeeManagement.Service.EmployeeServiceImpl.addNewEmployee(EmployeeServiceImpl.java:18)
	at com.EmployeeManagement.Service.EmployeeServiceImpl.addNewEmployee(EmployeeServiceImpl.java:18)
	at com.EmployeeManagement.Service.EmployeeServiceImpl.addNewEmployee(EmployeeServiceImpl.java:18)
	at com.EmployeeManagement.Service.EmployeeServiceImpl.addNewEmployee(EmployeeServiceImpl.java:18)
	at com.EmployeeManagement.Service.EmployeeServiceImpl.addNewEmployee(EmployeeServiceImpl.java:18)
	at com.EmployeeManagement.Service.EmployeeServiceImpl.addNewEmployee(EmployeeServiceImpl.java:18)
	at com.EmployeeManagement.Service.EmployeeServiceImpl.addNewEmployee(EmployeeServiceImpl.java:18)
	at com.EmployeeManagement.Service.EmployeeServiceImpl.addNewEmployee(EmployeeServiceImpl.java:18)
	at com.EmployeeManagement.Service.EmployeeServiceImpl.addNewEmployee(EmployeeServiceImpl.java:18)
	at com.EmployeeManagement.Service.EmployeeServiceImpl.addNewEmployee(EmployeeServiceImpl.java:18)
	at com.EmployeeManagement.Service.EmployeeServiceImpl.addNewEmployee(EmployeeServiceImpl.java:18)
	at com.EmployeeManagement.Service.EmployeeServiceImpl.addNewEmployee(EmployeeServiceImpl.java:18)
	at com.EmployeeManagement.Service.EmployeeServiceImpl.addNewEmployee(EmployeeServiceImpl.java:18)
	at com.EmployeeManagement.Service.EmployeeServiceImpl.addNewEmployee(EmployeeServiceImpl.java:18)
	at com.EmployeeManagement.Service.EmployeeServiceImpl.addNewEmployee(EmployeeServiceImpl.java:18)
	at com.EmployeeManagement.Service.EmployeeServiceImpl.addNewEmployee(EmployeeServiceImpl.java:18)
	at com.EmployeeManagement.Service.EmployeeServiceImpl.addNewEmployee(EmployeeServiceImpl.java:18)
	at com.EmployeeManagement.Service.EmployeeServiceImpl.addNewEmployee(EmployeeServiceImpl.java:18)
	at com.EmployeeManagement.Service.EmployeeServiceImpl.addNewEmployee(EmployeeServiceImpl.java:18)
	at com.EmployeeManagement.Service.EmployeeServiceImpl.addNewEmployee(EmployeeServiceImpl.java:18)
	at com.EmployeeManagement.Service.EmployeeServiceImpl.addNewEmployee(EmployeeServiceImpl.java:18)
	at com.EmployeeManagement.Service.EmployeeServiceImpl.addNewEmployee(EmployeeServiceImpl.java:18)
	at com.EmployeeManagement.Service.EmployeeServiceImpl.addNewEmployee(EmployeeServiceImpl.java:18)
	at com.EmployeeManagement.Service.EmployeeServiceImpl.addNewEmployee(EmployeeServiceImpl.java:18)
	at com.EmployeeManagement.Service.EmployeeServiceImpl.addNewEmployee(EmployeeServiceImpl.java:18)
	at com.EmployeeManagement.Service.EmployeeServiceImpl.addNewEmployee(EmployeeServiceImpl.java:18)
	at com.EmployeeManagement.Service.EmployeeServiceImpl.addNewEmployee(EmployeeServiceImpl.java:18)
	at com.EmployeeManagement.Service.EmployeeServiceImpl.addNewEmployee(EmployeeServiceImpl.java:18)
	at com.EmployeeManagement.Service.EmployeeServiceImpl.addNewEmployee(EmployeeServiceImpl.java:18)
	at com.EmployeeManagement.Service.EmployeeServiceImpl.addNewEmployee(EmployeeServiceImpl.java:18)
	at com.EmployeeManagement.Service.EmployeeServiceImpl.addNewEmployee(EmployeeServiceImpl.java:18)
	at com.EmployeeManagement.Service.EmployeeServiceImpl.addNewEmployee(EmployeeServiceImpl.java:18)
	at com.EmployeeManagement.Service.EmployeeServiceImpl.addNewEmployee(EmployeeServiceImpl.java:18)
	at com.EmployeeManagement.Service.EmployeeServiceImpl.addNewEmployee(EmployeeServiceImpl.java:18)
	at com.EmployeeManagement.Service.EmployeeServiceImpl.addNewEmployee(EmployeeServiceImpl.java:18)
	at com.EmployeeManagement.Service.EmployeeServiceImpl.addNewEmployee(EmployeeServiceImpl.java:18)
	at com.EmployeeManagement.Service.EmployeeServiceImpl.addNewEmployee(EmployeeServiceImpl.java:18)
	at com.EmployeeManagement.Service.EmployeeServiceImpl.addNewEmployee(EmployeeServiceImpl.java:18)
	at com.EmployeeManagement.Service.EmployeeServiceImpl.addNewEmployee(EmployeeServiceImpl.java:18)
	at com.EmployeeManagement.Service.EmployeeServiceImpl.addNewEmployee(EmployeeServiceImpl.java:18)
	at com.EmployeeManagement.Service.EmployeeServiceImpl.addNewEmployee(EmployeeServiceImpl.java:18)
	at com.EmployeeManagement.Service.EmployeeServiceImpl.addNewEmployee(EmployeeServiceImpl.java:18)
	at com.EmployeeManagement.Service.EmployeeServiceImpl.addNewEmployee(EmployeeServiceImpl.java:18)
	at com.EmployeeManagement.Service.EmployeeServiceImpl.addNewEmployee(EmployeeServiceImpl.java:18)
	at com.EmployeeManagement.Service.EmployeeServiceImpl.addNewEmployee(EmployeeServiceImpl.java:18)
	at com.EmployeeManagement.Service.EmployeeServiceImpl.addNewEmployee(EmployeeServiceImpl.java:18)
	at com.EmployeeManagement.Service.EmployeeServiceImpl.addNewEmployee(EmployeeServiceImpl.java:18)
	at com.EmployeeManagement.Service.EmployeeServiceImpl.addNewEmployee(EmployeeServiceImpl.java:18)
	at com.EmployeeManagement.Service.EmployeeServiceImpl.addNewEmployee(EmployeeServiceImpl.java:18)
	at com.EmployeeManagement.Service.EmployeeServiceImpl.addNewEmployee(EmployeeServiceImpl.java:18)
	at com.EmployeeManagement.Service.EmployeeServiceImpl.addNewEmployee(EmployeeServiceImpl.java:18)
	at com.EmployeeManagement.Service.EmployeeServiceImpl.addNewEmployee(EmployeeServiceImpl.java:18)
	at com.EmployeeManagement.Service.EmployeeServiceImpl.addNewEmployee(EmployeeServiceImpl.java:18)
	at com.EmployeeManagement.Service.EmployeeServiceImpl.addNewEmployee(EmployeeServiceImpl.java:18)
	at com.EmployeeManagement.Service.EmployeeServiceImpl.addNewEmployee(EmployeeServiceImpl.java:18)
	at com.EmployeeManagement.Service.EmployeeServiceImpl.addNewEmployee(EmployeeServiceImpl.java:18)
	at com.EmployeeManagement.Service.EmployeeServiceImpl.addNewEmployee(EmployeeServiceImpl.java:18)
	at com.EmployeeManagement.Service.EmployeeServiceImpl.addNewEmployee(EmployeeServiceImpl.java:18)
	at com.EmployeeManagement.Service.EmployeeServiceImpl.addNewEmployee(EmployeeServiceImpl.java:18)
	at com.EmployeeManagement.Service.EmployeeServiceImpl.addNewEmployee(EmployeeServiceImpl.java:18)
	at com.EmployeeManagement.Service.EmployeeServiceImpl.addNewEmployee(EmployeeServiceImpl.java:18)
	at com.EmployeeManagement.Service.EmployeeServiceImpl.addNewEmployee(EmployeeServiceImpl.java:18)
	at com.EmployeeManagement.Service.EmployeeServiceImpl.addNewEmployee(EmployeeServiceImpl.java:18)
	at com.EmployeeManagement.Service.EmployeeServiceImpl.addNewEmployee(EmployeeServiceImpl.java:18)
	at com.EmployeeManagement.Service.EmployeeServiceImpl.addNewEmployee(EmployeeServiceImpl.java:18)
	at com.EmployeeManagement.Service.EmployeeServiceImpl.addNewEmployee(EmployeeServiceImpl.java:18)
	at com.EmployeeManagement.Service.EmployeeServiceImpl.addNewEmployee(EmployeeServiceImpl.java:18)
	at com.EmployeeManagement.Service.EmployeeServiceImpl.addNewEmployee(EmployeeServiceImpl.java:18)
	at com.EmployeeManagement.Service.EmployeeServiceImpl.addNewEmployee(EmployeeServiceImpl.java:18)
	at com.EmployeeManagement.Service.EmployeeServiceImpl.addNewEmployee(EmployeeServiceImpl.java:18)
	at com.EmployeeManagement.Service.EmployeeServiceImpl.addNewEmployee(EmployeeServiceImpl.java:18)
	at com.EmployeeManagement.Service.EmployeeServiceImpl.addNewEmployee(EmployeeServiceImpl.java:18)
	at com.EmployeeManagement.Service.EmployeeServiceImpl.addNewEmployee(EmployeeServiceImpl.java:18)
	at com.EmployeeManagement.Service.EmployeeServiceImpl.addNewEmployee(EmployeeServiceImpl.java:18)
	at com.EmployeeManagement.Service.EmployeeServiceImpl.addNewEmployee(EmployeeServiceImpl.java:18)
	at com.EmployeeManagement.Service.EmployeeServiceImpl.addNewEmployee(EmployeeServiceImpl.java:18)
	at com.EmployeeManagement.Service.EmployeeServiceImpl.addNewEmployee(EmployeeServiceImpl.java:18)
	at com.EmployeeManagement.Service.EmployeeServiceImpl.addNewEmployee(EmployeeServiceImpl.java:18)
	at com.EmployeeManagement.Service.EmployeeServiceImpl.addNewEmployee(EmployeeServiceImpl.java:18)
	at com.EmployeeManagement.Service.EmployeeServiceImpl.addNewEmployee(EmployeeServiceImpl.java:18)
	at com.EmployeeManagement.Service.EmployeeServiceImpl.addNewEmployee(EmployeeServiceImpl.java:18)
	at com.EmployeeManagement.Service.EmployeeServiceImpl.addNewEmployee(EmployeeServiceImpl.java:18)
	at com.EmployeeManagement.Service.EmployeeServiceImpl.addNewEmployee(EmployeeServiceImpl.java:18)
	at com.EmployeeManagement.Service.EmployeeServiceImpl.addNewEmployee(EmployeeServiceImpl.java:18)
	at com.EmployeeManagement.Service.EmployeeServiceImpl.addNewEmployee(EmployeeServiceImpl.java:18)
	at com.EmployeeManagement.Service.EmployeeServiceImpl.addNewEmployee(EmployeeServiceImpl.java:18)
	at com.EmployeeManagement.Service.EmployeeServiceImpl.addNewEmployee(EmployeeServiceImpl.java:18)
	at com.EmployeeManagement.Service.EmployeeServiceImpl.addNewEmployee(EmployeeServiceImpl.java:18)
	at com.EmployeeManagement.Service.EmployeeServiceImpl.addNewEmployee(EmployeeServiceImpl.java:18)
	at com.EmployeeManagement.Service.EmployeeServiceImpl.addNewEmployee(EmployeeServiceImpl.java:18)
	at com.EmployeeManagement.Service.EmployeeServiceImpl.addNewEmployee(EmployeeServiceImpl.java:18)
	at com.EmployeeManagement.Service.EmployeeServiceImpl.addNewEmployee(EmployeeServiceImpl.java:18)
	at com.EmployeeManagement.Service.EmployeeServiceImpl.addNewEmployee(EmployeeServiceImpl.java:18)
	at com.EmployeeManagement.Service.EmployeeServiceImpl.addNewEmployee(EmployeeServiceImpl.java:18)
	at com.EmployeeManagement.Service.EmployeeServiceImpl.addNewEmployee(EmployeeServiceImpl.java:18)
	at com.EmployeeManagement.Service.EmployeeServiceImpl.addNewEmployee(EmployeeServiceImpl.java:18)
	at com.EmployeeManagement.Service.EmployeeServiceImpl.addNewEmployee(EmployeeServiceImpl.java:18)
	at com.EmployeeManagement.Service.EmployeeServiceImpl.addNewEmployee(EmployeeServiceImpl.java:18)
	at com.EmployeeManagement.Service.EmployeeServiceImpl.addNewEmployee(EmployeeServiceImpl.java:18)
	at com.EmployeeManagement.Service.EmployeeServiceImpl.addNewEmployee(EmployeeServiceImpl.java:18)
	at com.EmployeeManagement.Service.EmployeeServiceImpl.addNewEmployee(EmployeeServiceImpl.java:18)
	at com.EmployeeManagement.Service.EmployeeServiceImpl.addNewEmployee(EmployeeServiceImpl.java:18)
	at com.EmployeeManagement.Service.EmployeeServiceImpl.addNewEmployee(EmployeeServiceImpl.java:18)
	at com.EmployeeManagement.Service.EmployeeServiceImpl.addNewEmployee(EmployeeServiceImpl.java:18)
	at com.EmployeeManagement.Service.EmployeeServiceImpl.addNewEmployee(EmployeeServiceImpl.java:18)
	at com.EmployeeManagement.Service.EmployeeServiceImpl.addNewEmployee(EmployeeServiceImpl.java:18)
	at com.EmployeeManagement.Service.EmployeeServiceImpl.addNewEmployee(EmployeeServiceImpl.java:18)
	at com.EmployeeManagement.Service.EmployeeServiceImpl.addNewEmployee(EmployeeServiceImpl.java:18)
	at com.EmployeeManagement.Service.EmployeeServiceImpl.addNewEmployee(EmployeeServiceImpl.java:18)
	at com.EmployeeManagement.Service.EmployeeServiceImpl.addNewEmployee(EmployeeServiceImpl.java:18)
	at com.EmployeeManagement.Service.EmployeeServiceImpl.addNewEmployee(EmployeeServiceImpl.java:18)
	at com.EmployeeManagement.Service.EmployeeServiceImpl.addNewEmployee(EmployeeServiceImpl.java:18)
	at com.EmployeeManagement.Service.EmployeeServiceImpl.addNewEmployee(EmployeeServiceImpl.java:18)
	at com.EmployeeManagement.Service.EmployeeServiceImpl.addNewEmployee(EmployeeServiceImpl.java:18)
	at com.EmployeeManagement.Service.EmployeeServiceImpl.addNewEmployee(EmployeeServiceImpl.java:18)
	at com.EmployeeManagement.Service.EmployeeServiceImpl.addNewEmployee(EmployeeServiceImpl.java:18)
	at com.EmployeeManagement.Service.EmployeeServiceImpl.addNewEmployee(EmployeeServiceImpl.java:18)
	at com.EmployeeManagement.Service.EmployeeServiceImpl.addNewEmployee(EmployeeServiceImpl.java:18)
	at com.EmployeeManagement.Service.EmployeeServiceImpl.addNewEmployee(EmployeeServiceImpl.java:18)
	at com.EmployeeManagement.Service.EmployeeServiceImpl.addNewEmployee(EmployeeServiceImpl.java:18)
	at com.EmployeeManagement.Service.EmployeeServiceImpl.addNewEmployee(EmployeeServiceImpl.java:18)
	at com.EmployeeManagement.Service.EmployeeServiceImpl.addNewEmployee(EmployeeServiceImpl.java:18)
	at com.EmployeeManagement.Service.EmployeeServiceImpl.addNewEmployee(EmployeeServiceImpl.java:18)
	at com.EmployeeManagement.Service.EmployeeServiceImpl.addNewEmployee(EmployeeServiceImpl.java:18)
	at com.EmployeeManagement.Service.EmployeeServiceImpl.addNewEmployee(EmployeeServiceImpl.java:18)
	at com.EmployeeManagement.Service.EmployeeServiceImpl.addNewEmployee(EmployeeServiceImpl.java:18)
	at com.EmployeeManagement.Service.EmployeeServiceImpl.addNewEmployee(EmployeeServiceImpl.java:18)
	at com.EmployeeManagement.Service.EmployeeServiceImpl.addNewEmployee(EmployeeServiceImpl.java:18)
	at com.EmployeeManagement.Service.EmployeeServiceImpl.addNewEmployee(EmployeeServiceImpl.java:18)
	at com.EmployeeManagement.Service.EmployeeServiceImpl.addNewEmployee(EmployeeServiceImpl.java:18)
	at com.EmployeeManagement.Service.EmployeeServiceImpl.addNewEmployee(EmployeeServiceImpl.java:18)
	at com.EmployeeManagement.Service.EmployeeServiceImpl.addNewEmployee(EmployeeServiceImpl.java:18)
	at com.EmployeeManagement.Service.EmployeeServiceImpl.addNewEmployee(EmployeeServiceImpl.java:18)
	at com.EmployeeManagement.Service.EmployeeServiceImpl.addNewEmployee(EmployeeServiceImpl.java:18)
	at com.EmployeeManagement.Service.EmployeeServiceImpl.addNewEmployee(EmployeeServiceImpl.java:18)
	at com.EmployeeManagement.Service.EmployeeServiceImpl.addNewEmployee(EmployeeServiceImpl.java:18)
	at com.EmployeeManagement.Service.EmployeeServiceImpl.addNewEmployee(EmployeeServiceImpl.java:18)
	at com.EmployeeManagement.Service.EmployeeServiceImpl.addNewEmployee(EmployeeServiceImpl.java:18)
	at com.EmployeeManagement.Service.EmployeeServiceImpl.addNewEmployee(EmployeeServiceImpl.java:18)
	at com.EmployeeManagement.Service.EmployeeServiceImpl.addNewEmployee(EmployeeServiceImpl.java:18)
	at com.EmployeeManagement.Service.EmployeeServiceImpl.addNewEmployee(EmployeeServiceImpl.java:18)
	at com.EmployeeManagement.Service.EmployeeServiceImpl.addNewEmployee(EmployeeServiceImpl.java:18)
	at com.EmployeeManagement.Service.EmployeeServiceImpl.addNewEmployee(EmployeeServiceImpl.java:18)
	at com.EmployeeManagement.Service.EmployeeServiceImpl.addNewEmployee(EmployeeServiceImpl.java:18)
	at com.EmployeeManagement.Service.EmployeeServiceImpl.addNewEmployee(EmployeeServiceImpl.java:18)
	at com.EmployeeManagement.Service.EmployeeServiceImpl.addNewEmployee(EmployeeServiceImpl.java:18)
	at com.EmployeeManagement.Service.EmployeeServiceImpl.addNewEmployee(EmployeeServiceImpl.java:18)
	at com.EmployeeManagement.Service.EmployeeServiceImpl.addNewEmployee(EmployeeServiceImpl.java:18)
	at com.EmployeeManagement.Service.EmployeeServiceImpl.addNewEmployee(EmployeeServiceImpl.java:18)
	at com.EmployeeManagement.Service.EmployeeServiceImpl.addNewEmployee(EmployeeServiceImpl.java:18)
	at com.EmployeeManagement.Service.EmployeeServiceImpl.addNewEmployee(EmployeeServiceImpl.java:18)
	at com.EmployeeManagement.Service.EmployeeServiceImpl.addNewEmployee(EmployeeServiceImpl.java:18)
	at com.EmployeeManagement.Service.EmployeeServiceImpl.addNewEmployee(EmployeeServiceImpl.java:18)
	at com.EmployeeManagement.Service.EmployeeServiceImpl.addNewEmployee(EmployeeServiceImpl.java:18)
	at com.EmployeeManagement.Service.EmployeeServiceImpl.addNewEmployee(EmployeeServiceImpl.java:18)
	at com.EmployeeManagement.Service.EmployeeServiceImpl.addNewEmployee(EmployeeServiceImpl.java:18)
	at com.EmployeeManagement.Service.EmployeeServiceImpl.addNewEmployee(EmployeeServiceImpl.java:18)
	at com.EmployeeManagement.Service.EmployeeServiceImpl.addNewEmployee(EmployeeServiceImpl.java:18)
	at com.EmployeeManagement.Service.EmployeeServiceImpl.addNewEmployee(EmployeeServiceImpl.java:18)
	at com.EmployeeManagement.Service.EmployeeServiceImpl.addNewEmployee(EmployeeServiceImpl.java:18)
	at com.EmployeeManagement.Service.EmployeeServiceImpl.addNewEmployee(EmployeeServiceImpl.java:18)
	at com.EmployeeManagement.Service.EmployeeServiceImpl.addNewEmployee(EmployeeServiceImpl.java:18)
	at com.EmployeeManagement.Service.EmployeeServiceImpl.addNewEmployee(EmployeeServiceImpl.java:18)
	at com.EmployeeManagement.Service.EmployeeServiceImpl.addNewEmployee(EmployeeServiceImpl.java:18)
	at com.EmployeeManagement.Service.EmployeeServiceImpl.addNewEmployee(EmployeeServiceImpl.java:18)
	at com.EmployeeManagement.Service.EmployeeServiceImpl.addNewEmployee(EmployeeServiceImpl.java:18)
	at com.EmployeeManagement.Service.EmployeeServiceImpl.addNewEmployee(EmployeeServiceImpl.java:18)
	at com.EmployeeManagement.Service.EmployeeServiceImpl.addNewEmployee(EmployeeServiceImpl.java:18)
	at com.EmployeeManagement.Service.EmployeeServiceImpl.addNewEmployee(EmployeeServiceImpl.java:18)
	at com.EmployeeManagement.Service.EmployeeServiceImpl.addNewEmployee(EmployeeServiceImpl.java:18)
	at com.EmployeeManagement.Service.EmployeeServiceImpl.addNewEmployee(EmployeeServiceImpl.java:18)
	at com.EmployeeManagement.Service.EmployeeServiceImpl.addNewEmployee(EmployeeServiceImpl.java:18)
	at com.EmployeeManagement.Service.EmployeeServiceImpl.addNewEmployee(EmployeeServiceImpl.java:18)
	at com.EmployeeManagement.Service.EmployeeServiceImpl.addNewEmployee(EmployeeServiceImpl.java:18)
	at com.EmployeeManagement.Service.EmployeeServiceImpl.addNewEmployee(EmployeeServiceImpl.java:18)
	at com.EmployeeManagement.Service.EmployeeServiceImpl.addNewEmployee(EmployeeServiceImpl.java:18)
	at com.EmployeeManagement.Service.EmployeeServiceImpl.addNewEmployee(EmployeeServiceImpl.java:18)
	at com.EmployeeManagement.Service.EmployeeServiceImpl.addNewEmployee(EmployeeServiceImpl.java:18)
	at com.EmployeeManagement.Service.EmployeeServiceImpl.addNewEmployee(EmployeeServiceImpl.java:18)
	at com.EmployeeManagement.Service.EmployeeServiceImpl.addNewEmployee(EmployeeServiceImpl.java:18)
	at com.EmployeeManagement.Service.EmployeeServiceImpl.addNewEmployee(EmployeeServiceImpl.java:18)
	at com.EmployeeManagement.Service.EmployeeServiceImpl.addNewEmployee(EmployeeServiceImpl.java:18)
	at com.EmployeeManagement.Service.EmployeeServiceImpl.addNewEmployee(EmployeeServiceImpl.java:18)
	at com.EmployeeManagement.Service.EmployeeServiceImpl.addNewEmployee(EmployeeServiceImpl.java:18)
	at com.EmployeeManagement.Service.EmployeeServiceImpl.addNewEmployee(EmployeeServiceImpl.java:18)
	at com.EmployeeManagement.Service.EmployeeServiceImpl.addNewEmployee(EmployeeServiceImpl.java:18)
	at com.EmployeeManagement.Service.EmployeeServiceImpl.addNewEmployee(EmployeeServiceImpl.java:18)
	at com.EmployeeManagement.Service.EmployeeServiceImpl.addNewEmployee(EmployeeServiceImpl.java:18)
	at com.EmployeeManagement.Service.EmployeeServiceImpl.addNewEmployee(EmployeeServiceImpl.java:18)
	at com.EmployeeManagement.Service.EmployeeServiceImpl.addNewEmployee(EmployeeServiceImpl.java:18)
	at com.EmployeeManagement.Service.EmployeeServiceImpl.addNewEmployee(EmployeeServiceImpl.java:18)
	at com.EmployeeManagement.Service.EmployeeServiceImpl.addNewEmployee(EmployeeServiceImpl.java:18)
	at com.EmployeeManagement.Service.EmployeeServiceImpl.addNewEmployee(EmployeeServiceImpl.java:18)
	at com.EmployeeManagement.Service.EmployeeServiceImpl.addNewEmployee(EmployeeServiceImpl.java:18)
	at com.EmployeeManagement.Service.EmployeeServiceImpl.addNewEmployee(EmployeeServiceImpl.java:18)
	at com.EmployeeManagement.Service.EmployeeServiceImpl.addNewEmployee(EmployeeServiceImpl.java:18)
	at com.EmployeeManagement.Service.EmployeeServiceImpl.addNewEmployee(EmployeeServiceImpl.java:18)
	at com.EmployeeManagement.Service.EmployeeServiceImpl.addNewEmployee(EmployeeServiceImpl.java:18)
	at com.EmployeeManagement.Service.EmployeeServiceImpl.addNewEmployee(EmployeeServiceImpl.java:18)
	at com.EmployeeManagement.Service.EmployeeServiceImpl.addNewEmployee(EmployeeServiceImpl.java:18)
	at com.EmployeeManagement.Service.EmployeeServiceImpl.addNewEmployee(EmployeeServiceImpl.java:18)
	at com.EmployeeManagement.Service.EmployeeServiceImpl.addNewEmployee(EmployeeServiceImpl.java:18)
	at com.EmployeeManagement.Service.EmployeeServiceImpl.addNewEmployee(EmployeeServiceImpl.java:18)
	at com.EmployeeManagement.Service.EmployeeServiceImpl.addNewEmployee(EmployeeServiceImpl.java:18)
	at com.EmployeeManagement.Service.EmployeeServiceImpl.addNewEmployee(EmployeeServiceImpl.java:18)
	at com.EmployeeManagement.Service.EmployeeServiceImpl.addNewEmployee(EmployeeServiceImpl.java:18)
	at com.EmployeeManagement.Service.EmployeeServiceImpl.addNewEmployee(EmployeeServiceImpl.java:18)
	at com.EmployeeManagement.Service.EmployeeServiceImpl.addNewEmployee(EmployeeServiceImpl.java:18)
	at com.EmployeeManagement.Service.EmployeeServiceImpl.addNewEmployee(EmployeeServiceImpl.java:18)
	at com.EmployeeManagement.Service.EmployeeServiceImpl.addNewEmployee(EmployeeServiceImpl.java:18)
	at com.EmployeeManagement.Service.EmployeeServiceImpl.addNewEmployee(EmployeeServiceImpl.java:18)
	at com.EmployeeManagement.Service.EmployeeServiceImpl.addNewEmployee(EmployeeServiceImpl.java:18)
	at com.EmployeeManagement.Service.EmployeeServiceImpl.addNewEmployee(EmployeeServiceImpl.java:18)
	at com.EmployeeManagement.Service.EmployeeServiceImpl.addNewEmployee(EmployeeServiceImpl.java:18)
	at com.EmployeeManagement.Service.EmployeeServiceImpl.addNewEmployee(EmployeeServiceImpl.java:18)
	at com.EmployeeManagement.Service.EmployeeServiceImpl.addNewEmployee(EmployeeServiceImpl.java:18)
	at com.EmployeeManagement.Service.EmployeeServiceImpl.addNewEmployee(EmployeeServiceImpl.java:18)
	at com.EmployeeManagement.Service.EmployeeServiceImpl.addNewEmployee(EmployeeServiceImpl.java:18)
	at com.EmployeeManagement.Service.EmployeeServiceImpl.addNewEmployee(EmployeeServiceImpl.java:18)
	at com.EmployeeManagement.Service.EmployeeServiceImpl.addNewEmployee(EmployeeServiceImpl.java:18)
	at com.EmployeeManagement.Service.EmployeeServiceImpl.addNewEmployee(EmployeeServiceImpl.java:18)
	at com.EmployeeManagement.Service.EmployeeServiceImpl.addNewEmployee(EmployeeServiceImpl.java:18)
	at com.EmployeeManagement.Service.EmployeeServiceImpl.addNewEmployee(EmployeeServiceImpl.java:18)
	at com.EmployeeManagement.Service.EmployeeServiceImpl.addNewEmployee(EmployeeServiceImpl.java:18)
	at com.EmployeeManagement.Service.EmployeeServiceImpl.addNewEmployee(EmployeeServiceImpl.java:18)
	at com.EmployeeManagement.Service.EmployeeServiceImpl.addNewEmployee(EmployeeServiceImpl.java:18)
	at com.EmployeeManagement.Service.EmployeeServiceImpl.addNewEmployee(EmployeeServiceImpl.java:18)
	at com.EmployeeManagement.Service.EmployeeServiceImpl.addNewEmployee(EmployeeServiceImpl.java:18)
	at com.EmployeeManagement.Service.EmployeeServiceImpl.addNewEmployee(EmployeeServiceImpl.java:18)
	at com.EmployeeManagement.Service.EmployeeServiceImpl.addNewEmployee(EmployeeServiceImpl.java:18)
	at com.EmployeeManagement.Service.EmployeeServiceImpl.addNewEmployee(EmployeeServiceImpl.java:18)
	at com.EmployeeManagement.Service.EmployeeServiceImpl.addNewEmployee(EmployeeServiceImpl.java:18)
	at com.EmployeeManagement.Service.EmployeeServiceImpl.addNewEmployee(EmployeeServiceImpl.java:18)
	at com.EmployeeManagement.Service.EmployeeServiceImpl.addNewEmployee(EmployeeServiceImpl.java:18)
	at com.EmployeeManagement.Service.EmployeeServiceImpl.addNewEmployee(EmployeeServiceImpl.java:18)
	at com.EmployeeManagement.Service.EmployeeServiceImpl.addNewEmployee(EmployeeServiceImpl.java:18)
	at com.EmployeeManagement.Service.EmployeeServiceImpl.addNewEmployee(EmployeeServiceImpl.java:18)
	at com.EmployeeManagement.Service.EmployeeServiceImpl.addNewEmployee(EmployeeServiceImpl.java:18)
	at com.EmployeeManagement.Service.EmployeeServiceImpl.addNewEmployee(EmployeeServiceImpl.java:18)
	at com.EmployeeManagement.Service.EmployeeServiceImpl.addNewEmployee(EmployeeServiceImpl.java:18)
	at com.EmployeeManagement.Service.EmployeeServiceImpl.addNewEmployee(EmployeeServiceImpl.java:18)
	at com.EmployeeManagement.Service.EmployeeServiceImpl.addNewEmployee(EmployeeServiceImpl.java:18)
	at com.EmployeeManagement.Service.EmployeeServiceImpl.addNewEmployee(EmployeeServiceImpl.java:18)
	at com.EmployeeManagement.Service.EmployeeServiceImpl.addNewEmployee(EmployeeServiceImpl.java:18)
	at com.EmployeeManagement.Service.EmployeeServiceImpl.addNewEmployee(EmployeeServiceImpl.java:18)
	at com.EmployeeManagement.Service.EmployeeServiceImpl.addNewEmployee(EmployeeServiceImpl.java:18)
	at com.EmployeeManagement.Service.EmployeeServiceImpl.addNewEmployee(EmployeeServiceImpl.java:18)
	at com.EmployeeManagement.Service.EmployeeServiceImpl.addNewEmployee(EmployeeServiceImpl.java:18)
	at com.EmployeeManagement.Service.EmployeeServiceImpl.addNewEmployee(EmployeeServiceImpl.java:18)
	at com.EmployeeManagement.Service.EmployeeServiceImpl.addNewEmployee(EmployeeServiceImpl.java:18)
	at com.EmployeeManagement.Service.EmployeeServiceImpl.addNewEmployee(EmployeeServiceImpl.java:18)
	at com.EmployeeManagement.Service.EmployeeServiceImpl.addNewEmployee(EmployeeServiceImpl.java:18)
	at com.EmployeeManagement.Service.EmployeeServiceImpl.addNewEmployee(EmployeeServiceImpl.java:18)
	at com.EmployeeManagement.Service.EmployeeServiceImpl.addNewEmployee(EmployeeServiceImpl.java:18)
	at com.EmployeeManagement.Service.EmployeeServiceImpl.addNewEmployee(EmployeeServiceImpl.java:18)
	at com.EmployeeManagement.Service.EmployeeServiceImpl.addNewEmployee(EmployeeServiceImpl.java:18)
	at com.EmployeeManagement.Service.EmployeeServiceImpl.addNewEmployee(EmployeeServiceImpl.java:18)
	at com.EmployeeManagement.Service.EmployeeServiceImpl.addNewEmployee(EmployeeServiceImpl.java:18)
	at com.EmployeeManagement.Service.EmployeeServiceImpl.addNewEmployee(EmployeeServiceImpl.java:18)
	at com.EmployeeManagement.Service.EmployeeServiceImpl.addNewEmployee(EmployeeServiceImpl.java:18)
	at com.EmployeeManagement.Service.EmployeeServiceImpl.addNewEmployee(EmployeeServiceImpl.java:18)
	at com.EmployeeManagement.Service.EmployeeServiceImpl.addNewEmployee(EmployeeServiceImpl.java:18)
	at com.EmployeeManagement.Service.EmployeeServiceImpl.addNewEmployee(EmployeeServiceImpl.java:18)
	at com.EmployeeManagement.Service.EmployeeServiceImpl.addNewEmployee(EmployeeServiceImpl.java:18)
	at com.EmployeeManagement.Service.EmployeeServiceImpl.addNewEmployee(EmployeeServiceImpl.java:18)
	at com.EmployeeManagement.Service.EmployeeServiceImpl.addNewEmployee(EmployeeServiceImpl.java:18)
	at com.EmployeeManagement.Service.EmployeeServiceImpl.addNewEmployee(EmployeeServiceImpl.java:18)
	at com.EmployeeManagement.Service.EmployeeServiceImpl.addNewEmployee(EmployeeServiceImpl.java:18)
	at com.EmployeeManagement.Service.EmployeeServiceImpl.addNewEmployee(EmployeeServiceImpl.java:18)
	at com.EmployeeManagement.Service.EmployeeServiceImpl.addNewEmployee(EmployeeServiceImpl.java:18)
	at com.EmployeeManagement.Service.EmployeeServiceImpl.addNewEmployee(EmployeeServiceImpl.java:18)
	at com.EmployeeManagement.Service.EmployeeServiceImpl.addNewEmployee(EmployeeServiceImpl.java:18)
	at com.EmployeeManagement.Service.EmployeeServiceImpl.addNewEmployee(EmployeeServiceImpl.java:18)
	at com.EmployeeManagement.Service.EmployeeServiceImpl.addNewEmployee(EmployeeServiceImpl.java:18)
	at com.EmployeeManagement.Service.EmployeeServiceImpl.addNewEmployee(EmployeeServiceImpl.java:18)
	at com.EmployeeManagement.Service.EmployeeServiceImpl.addNewEmployee(EmployeeServiceImpl.java:18)
	at com.EmployeeManagement.Service.EmployeeServiceImpl.addNewEmployee(EmployeeServiceImpl.java:18)
	at com.EmployeeManagement.Service.EmployeeServiceImpl.addNewEmployee(EmployeeServiceImpl.java:18)
	at com.EmployeeManagement.Service.EmployeeServiceImpl.addNewEmployee(EmployeeServiceImpl.java:18)
	at com.EmployeeManagement.Service.EmployeeServiceImpl.addNewEmployee(EmployeeServiceImpl.java:18)
	at com.EmployeeManagement.Service.EmployeeServiceImpl.addNewEmployee(EmployeeServiceImpl.java:18)
	at com.EmployeeManagement.Service.EmployeeServiceImpl.addNewEmployee(EmployeeServiceImpl.java:18)
	at com.EmployeeManagement.Service.EmployeeServiceImpl.addNewEmployee(EmployeeServiceImpl.java:18)
	at com.EmployeeManagement.Service.EmployeeServiceImpl.addNewEmployee(EmployeeServiceImpl.java:18)
	at com.EmployeeManagement.Service.EmployeeServiceImpl.addNewEmployee(EmployeeServiceImpl.java:18)
	at com.EmployeeManagement.Service.EmployeeServiceImpl.addNewEmployee(EmployeeServiceImpl.java:18)
	at com.EmployeeManagement.Service.EmployeeServiceImpl.addNewEmployee(EmployeeServiceImpl.java:18)
	at com.EmployeeManagement.Service.EmployeeServiceImpl.addNewEmployee(EmployeeServiceImpl.java:18)
	at com.EmployeeManagement.Service.EmployeeServiceImpl.addNewEmployee(EmployeeServiceImpl.java:18)
	at com.EmployeeManagement.Service.EmployeeServiceImpl.addNewEmployee(EmployeeServiceImpl.java:18)
	at com.EmployeeManagement.Service.EmployeeServiceImpl.addNewEmployee(EmployeeServiceImpl.java:18)
	at com.EmployeeManagement.Service.EmployeeServiceImpl.addNewEmployee(EmployeeServiceImpl.java:18)
	at com.EmployeeManagement.Service.EmployeeServiceImpl.addNewEmployee(EmployeeServiceImpl.java:18)
	at com.EmployeeManagement.Service.EmployeeServiceImpl.addNewEmployee(EmployeeServiceImpl.java:18)
	at com.EmployeeManagement.Service.EmployeeServiceImpl.addNewEmployee(EmployeeServiceImpl.java:18)
	at com.EmployeeManagement.Service.EmployeeServiceImpl.addNewEmployee(EmployeeServiceImpl.java:18)
	at com.EmployeeManagement.Service.EmployeeServiceImpl.addNewEmployee(EmployeeServiceImpl.java:18)
	at com.EmployeeManagement.Service.EmployeeServiceImpl.addNewEmployee(EmployeeServiceImpl.java:18)
	at com.EmployeeManagement.Service.EmployeeServiceImpl.addNewEmployee(EmployeeServiceImpl.java:18)
	at com.EmployeeManagement.Service.EmployeeServiceImpl.addNewEmployee(EmployeeServiceImpl.java:18)
	at com.EmployeeManagement.Service.EmployeeServiceImpl.addNewEmployee(EmployeeServiceImpl.java:18)
	at com.EmployeeManagement.Service.EmployeeServiceImpl.addNewEmployee(EmployeeServiceImpl.java:18)
	at com.EmployeeManagement.Service.EmployeeServiceImpl.addNewEmployee(EmployeeServiceImpl.java:18)
	at com.EmployeeManagement.Service.EmployeeServiceImpl.addNewEmployee(EmployeeServiceImpl.java:18)
	at com.EmployeeManagement.Service.EmployeeServiceImpl.addNewEmployee(EmployeeServiceImpl.java:18)
	at com.EmployeeManagement.Service.EmployeeServiceImpl.addNewEmployee(EmployeeServiceImpl.java:18)
	at com.EmployeeManagement.Service.EmployeeServiceImpl.addNewEmployee(EmployeeServiceImpl.java:18)
	at com.EmployeeManagement.Service.EmployeeServiceImpl.addNewEmployee(EmployeeServiceImpl.java:18)
	at com.EmployeeManagement.Service.EmployeeServiceImpl.addNewEmployee(EmployeeServiceImpl.java:18)
	at com.EmployeeManagement.Service.EmployeeServiceImpl.addNewEmployee(EmployeeServiceImpl.java:18)
	at com.EmployeeManagement.Service.EmployeeServiceImpl.addNewEmployee(EmployeeServiceImpl.java:18)
	at com.EmployeeManagement.Service.EmployeeServiceImpl.addNewEmployee(EmployeeServiceImpl.java:18)
	at com.EmployeeManagement.Service.EmployeeServiceImpl.addNewEmployee(EmployeeServiceImpl.java:18)
	at com.EmployeeManagement.Service.EmployeeServiceImpl.addNewEmployee(EmployeeServiceImpl.java:18)
	at com.EmployeeManagement.Service.EmployeeServiceImpl.addNewEmployee(EmployeeServiceImpl.java:18)
	at com.EmployeeManagement.Service.EmployeeServiceImpl.addNewEmployee(EmployeeServiceImpl.java:18)
	at com.EmployeeManagement.Service.EmployeeServiceImpl.addNewEmployee(EmployeeServiceImpl.java:18)
	at com.EmployeeManagement.Service.EmployeeServiceImpl.addNewEmployee(EmployeeServiceImpl.java:18)
	at com.EmployeeManagement.Service.EmployeeServiceImpl.addNewEmployee(EmployeeServiceImpl.java:18)
	at com.EmployeeManagement.Service.EmployeeServiceImpl.addNewEmployee(EmployeeServiceImpl.java:18)
	at com.EmployeeManagement.Service.EmployeeServiceImpl.addNewEmployee(EmployeeServiceImpl.java:18)
	at com.EmployeeManagement.Service.EmployeeServiceImpl.addNewEmployee(EmployeeServiceImpl.java:18)
	at com.EmployeeManagement.Service.EmployeeServiceImpl.addNewEmployee(EmployeeServiceImpl.java:18)
	at com.EmployeeManagement.Service.EmployeeServiceImpl.addNewEmployee(EmployeeServiceImpl.java:18)
	at com.EmployeeManagement.Service.EmployeeServiceImpl.addNewEmployee(EmployeeServiceImpl.java:18)
	at com.EmployeeManagement.Service.EmployeeServiceImpl.addNewEmployee(EmployeeServiceImpl.java:18)
	at com.EmployeeManagement.Service.EmployeeServiceImpl.addNewEmployee(EmployeeServiceImpl.java:18)
	at com.EmployeeManagement.Service.EmployeeServiceImpl.addNewEmployee(EmployeeServiceImpl.java:18)
	at com.EmployeeManagement.Service.EmployeeServiceImpl.addNewEmployee(EmployeeServiceImpl.java:18)
	at com.EmployeeManagement.Service.EmployeeServiceImpl.addNewEmployee(EmployeeServiceImpl.java:18)
	at com.EmployeeManagement.Service.EmployeeServiceImpl.addNewEmployee(EmployeeServiceImpl.java:18)
	at com.EmployeeManagement.Service.EmployeeServiceImpl.addNewEmployee(EmployeeServiceImpl.java:18)
	at com.EmployeeManagement.Service.EmployeeServiceImpl.addNewEmployee(EmployeeServiceImpl.java:18)
	at com.EmployeeManagement.Service.EmployeeServiceImpl.addNewEmployee(EmployeeServiceImpl.java:18)
	at com.EmployeeManagement.Service.EmployeeServiceImpl.addNewEmployee(EmployeeServiceImpl.java:18)
	at com.EmployeeManagement.Service.EmployeeServiceImpl.addNewEmployee(EmployeeServiceImpl.java:18)
	at com.EmployeeManagement.Service.EmployeeServiceImpl.addNewEmployee(EmployeeServiceImpl.java:18)
	at com.EmployeeManagement.Service.EmployeeServiceImpl.addNewEmployee(EmployeeServiceImpl.java:18)
	at com.EmployeeManagement.Service.EmployeeServiceImpl.addNewEmployee(EmployeeServiceImpl.java:18)
	at com.EmployeeManagement.Service.EmployeeServiceImpl.addNewEmployee(EmployeeServiceImpl.java:18)
	at com.EmployeeManagement.Service.EmployeeServiceImpl.addNewEmployee(EmployeeServiceImpl.java:18)
	at com.EmployeeManagement.Service.EmployeeServiceImpl.addNewEmployee(EmployeeServiceImpl.java:18)
	at com.EmployeeManagement.Service.EmployeeServiceImpl.addNewEmployee(EmployeeServiceImpl.java:18)
	at com.EmployeeManagement.Service.EmployeeServiceImpl.addNewEmployee(EmployeeServiceImpl.java:18)
	at com.EmployeeManagement.Service.EmployeeServiceImpl.addNewEmployee(EmployeeServiceImpl.java:18)
	at com.EmployeeManagement.Service.EmployeeServiceImpl.addNewEmployee(EmployeeServiceImpl.java:18)
	at com.EmployeeManagement.Service.EmployeeServiceImpl.addNewEmployee(EmployeeServiceImpl.java:18)
	at com.EmployeeManagement.Service.EmployeeServiceImpl.addNewEmployee(EmployeeServiceImpl.java:18)
	at com.EmployeeManagement.Service.EmployeeServiceImpl.addNewEmployee(EmployeeServiceImpl.java:18)
	at com.EmployeeManagement.Service.EmployeeServiceImpl.addNewEmployee(EmployeeServiceImpl.java:18)
	at com.EmployeeManagement.Service.EmployeeServiceImpl.addNewEmployee(EmployeeServiceImpl.java:18)
	at com.EmployeeManagement.Service.EmployeeServiceImpl.addNewEmployee(EmployeeServiceImpl.java:18)
	at com.EmployeeManagement.Service.EmployeeServiceImpl.addNewEmployee(EmployeeServiceImpl.java:18)
	at com.EmployeeManagement.Service.EmployeeServiceImpl.addNewEmployee(EmployeeServiceImpl.java:18)
	at com.EmployeeManagement.Service.EmployeeServiceImpl.addNewEmployee(EmployeeServiceImpl.java:18)
	at com.EmployeeManagement.Service.EmployeeServiceImpl.addNewEmployee(EmployeeServiceImpl.java:18)
	at com.EmployeeManagement.Service.EmployeeServiceImpl.addNewEmployee(EmployeeServiceImpl.java:18)
	at com.EmployeeManagement.Service.EmployeeServiceImpl.addNewEmployee(EmployeeServiceImpl.java:18)
	at com.EmployeeManagement.Service.EmployeeServiceImpl.addNewEmployee(EmployeeServiceImpl.java:18)
	at com.EmployeeManagement.Service.EmployeeServiceImpl.addNewEmployee(EmployeeServiceImpl.java:18)
	at com.EmployeeManagement.Service.EmployeeServiceImpl.addNewEmployee(EmployeeServiceImpl.java:18)
	at com.EmployeeManagement.Service.EmployeeServiceImpl.addNewEmployee(EmployeeServiceImpl.java:18)
	at com.EmployeeManagement.Service.EmployeeServiceImpl.addNewEmployee(EmployeeServiceImpl.java:18)
	at com.EmployeeManagement.Service.EmployeeServiceImpl.addNewEmployee(EmployeeServiceImpl.java:18)
	at com.EmployeeManagement.Service.EmployeeServiceImpl.addNewEmployee(EmployeeServiceImpl.java:18)
	at com.EmployeeManagement.Service.EmployeeServiceImpl.addNewEmployee(EmployeeServiceImpl.java:18)
	at com.EmployeeManagement.Service.EmployeeServiceImpl.addNewEmployee(EmployeeServiceImpl.java:18)
	at com.EmployeeManagement.Service.EmployeeServiceImpl.addNewEmployee(EmployeeServiceImpl.java:18)
	at com.EmployeeManagement.Service.EmployeeServiceImpl.addNewEmployee(EmployeeServiceImpl.java:18)
	at com.EmployeeManagement.Service.EmployeeServiceImpl.addNewEmployee(EmployeeServiceImpl.java:18)
	at com.EmployeeManagement.Service.EmployeeServiceImpl.addNewEmployee(EmployeeServiceImpl.java:18)
	at com.EmployeeManagement.Service.EmployeeServiceImpl.addNewEmployee(EmployeeServiceImpl.java:18)
	at com.EmployeeManagement.Service.EmployeeServiceImpl.addNewEmployee(EmployeeServiceImpl.java:18)
	at com.EmployeeManagement.Service.EmployeeServiceImpl.addNewEmployee(EmployeeServiceImpl.java:18)
	at com.EmployeeManagement.Service.EmployeeServiceImpl.addNewEmployee(EmployeeServiceImpl.java:18)
	at com.EmployeeManagement.Service.EmployeeServiceImpl.addNewEmployee(EmployeeServiceImpl.java:18)
	at com.EmployeeManagement.Service.EmployeeServiceImpl.addNewEmployee(EmployeeServiceImpl.java:18)
	at com.EmployeeManagement.Service.EmployeeServiceImpl.addNewEmployee(EmployeeServiceImpl.java:18)
	at com.EmployeeManagement.Service.EmployeeServiceImpl.addNewEmployee(EmployeeServiceImpl.java:18)
	at com.EmployeeManagement.Service.EmployeeServiceImpl.addNewEmployee(EmployeeServiceImpl.java:18)
	at com.EmployeeManagement.Service.EmployeeServiceImpl.addNewEmployee(EmployeeServiceImpl.java:18)
	at com.EmployeeManagement.Service.EmployeeServiceImpl.addNewEmployee(EmployeeServiceImpl.java:18)
	at com.EmployeeManagement.Service.EmployeeServiceImpl.addNewEmployee(EmployeeServiceImpl.java:18)
	at com.EmployeeManagement.Service.EmployeeServiceImpl.addNewEmployee(EmployeeServiceImpl.java:18)
	at com.EmployeeManagement.Service.EmployeeServiceImpl.addNewEmployee(EmployeeServiceImpl.java:18)
	at com.EmployeeManagement.Service.EmployeeServiceImpl.addNewEmployee(EmployeeServiceImpl.java:18)
	at com.EmployeeManagement.Service.EmployeeServiceImpl.addNewEmployee(EmployeeServiceImpl.java:18)
	at com.EmployeeManagement.Service.EmployeeServiceImpl.addNewEmployee(EmployeeServiceImpl.java:18)
	at com.EmployeeManagement.Service.EmployeeServiceImpl.addNewEmployee(EmployeeServiceImpl.java:18)
	at com.EmployeeManagement.Service.EmployeeServiceImpl.addNewEmployee(EmployeeServiceImpl.java:18)
	at com.EmployeeManagement.Service.EmployeeServiceImpl.addNewEmployee(EmployeeServiceImpl.java:18)
	at com.EmployeeManagement.Service.EmployeeServiceImpl.addNewEmployee(EmployeeServiceImpl.java:18)
	at com.EmployeeManagement.Service.EmployeeServiceImpl.addNewEmployee(EmployeeServiceImpl.java:18)
	at com.EmployeeManagement.Service.EmployeeServiceImpl.addNewEmployee(EmployeeServiceImpl.java:18)
	at com.EmployeeManagement.Service.EmployeeServiceImpl.addNewEmployee(EmployeeServiceImpl.java:18)
	at com.EmployeeManagement.Service.EmployeeServiceImpl.addNewEmployee(EmployeeServiceImpl.java:18)
	at com.EmployeeManagement.Service.EmployeeServiceImpl.addNewEmployee(EmployeeServiceImpl.java:18)
	at com.EmployeeManagement.Service.EmployeeServiceImpl.addNewEmployee(EmployeeServiceImpl.java:18)
	at com.EmployeeManagement.Service.EmployeeServiceImpl.addNewEmployee(EmployeeServiceImpl.java:18)
	at com.EmployeeManagement.Service.EmployeeServiceImpl.addNewEmployee(EmployeeServiceImpl.java:18)
	at com.EmployeeManagement.Service.EmployeeServiceImpl.addNewEmployee(EmployeeServiceImpl.java:18)
	at com.EmployeeManagement.Service.EmployeeServiceImpl.addNewEmployee(EmployeeServiceImpl.java:18)
	at com.EmployeeManagement.Service.EmployeeServiceImpl.addNewEmployee(EmployeeServiceImpl.java:18)
	at com.EmployeeManagement.Service.EmployeeServiceImpl.addNewEmployee(EmployeeServiceImpl.java:18)
	at com.EmployeeManagement.Service.EmployeeServiceImpl.addNewEmployee(EmployeeServiceImpl.java:18)
	at com.EmployeeManagement.Service.EmployeeServiceImpl.addNewEmployee(EmployeeServiceImpl.java:18)
	at com.EmployeeManagement.Service.EmployeeServiceImpl.addNewEmployee(EmployeeServiceImpl.java:18)
	at com.EmployeeManagement.Service.EmployeeServiceImpl.addNewEmployee(EmployeeServiceImpl.java:18)
	at com.EmployeeManagement.Service.EmployeeServiceImpl.addNewEmployee(EmployeeServiceImpl.java:18)
	at com.EmployeeManagement.Service.EmployeeServiceImpl.addNewEmployee(EmployeeServiceImpl.java:18)
	at com.EmployeeManagement.Service.EmployeeServiceImpl.addNewEmployee(EmployeeServiceImpl.java:18)
	at com.EmployeeManagement.Service.EmployeeServiceImpl.addNewEmployee(EmployeeServiceImpl.java:18)
	at com.EmployeeManagement.Service.EmployeeServiceImpl.addNewEmployee(EmployeeServiceImpl.java:18)
	at com.EmployeeManagement.Service.EmployeeServiceImpl.addNewEmployee(EmployeeServiceImpl.java:18)
	at com.EmployeeManagement.Service.EmployeeServiceImpl.addNewEmployee(EmployeeServiceImpl.java:18)
	at com.EmployeeManagement.Service.EmployeeServiceImpl.addNewEmployee(EmployeeServiceImpl.java:18)
	at com.EmployeeManagement.Service.EmployeeServiceImpl.addNewEmployee(EmployeeServiceImpl.java:18)
	at com.EmployeeManagement.Service.EmployeeServiceImpl.addNewEmployee(EmployeeServiceImpl.java:18)
	at com.EmployeeManagement.Service.EmployeeServiceImpl.addNewEmployee(EmployeeServiceImpl.java:18)
	at com.EmployeeManagement.Service.EmployeeServiceImpl.addNewEmployee(EmployeeServiceImpl.java:18)
	at com.EmployeeManagement.Service.EmployeeServiceImpl.addNewEmployee(EmployeeServiceImpl.java:18)
	at com.EmployeeManagement.Service.EmployeeServiceImpl.addNewEmployee(EmployeeServiceImpl.java:18)
	at com.EmployeeManagement.Service.EmployeeServiceImpl.addNewEmployee(EmployeeServiceImpl.java:18)
	at com.EmployeeManagement.Service.EmployeeServiceImpl.addNewEmployee(EmployeeServiceImpl.java:18)
	at com.EmployeeManagement.Service.EmployeeServiceImpl.addNewEmployee(EmployeeServiceImpl.java:18)
	at com.EmployeeManagement.Service.EmployeeServiceImpl.addNewEmployee(EmployeeServiceImpl.java:18)
	at com.EmployeeManagement.Service.EmployeeServiceImpl.addNewEmployee(EmployeeServiceImpl.java:18)
	at com.EmployeeManagement.Service.EmployeeServiceImpl.addNewEmployee(EmployeeServiceImpl.java:18)
	at com.EmployeeManagement.Service.EmployeeServiceImpl.addNewEmployee(EmployeeServiceImpl.java:18)
	at com.EmployeeManagement.Service.EmployeeServiceImpl.addNewEmployee(EmployeeServiceImpl.java:18)
	at com.EmployeeManagement.Service.EmployeeServiceImpl.addNewEmployee(EmployeeServiceImpl.java:18)
	at com.EmployeeManagement.Service.EmployeeServiceImpl.addNewEmployee(EmployeeServiceImpl.java:18)
	at com.EmployeeManagement.Service.EmployeeServiceImpl.addNewEmployee(EmployeeServiceImpl.java:18)
	at com.EmployeeManagement.Service.EmployeeServiceImpl.addNewEmployee(EmployeeServiceImpl.java:18)
	at com.EmployeeManagement.Service.EmployeeServiceImpl.addNewEmployee(EmployeeServiceImpl.java:18)
	at com.EmployeeManagement.Service.EmployeeServiceImpl.addNewEmployee(EmployeeServiceImpl.java:18)
	at com.EmployeeManagement.Service.EmployeeServiceImpl.addNewEmployee(EmployeeServiceImpl.java:18)
	at com.EmployeeManagement.Service.EmployeeServiceImpl.addNewEmployee(EmployeeServiceImpl.java:18)
	at com.EmployeeManagement.Service.EmployeeServiceImpl.addNewEmployee(EmployeeServiceImpl.java:18)
	at com.EmployeeManagement.Service.EmployeeServiceImpl.addNewEmployee(EmployeeServiceImpl.java:18)
	at com.EmployeeManagement.Service.EmployeeServiceImpl.addNewEmployee(EmployeeServiceImpl.java:18)
	at com.EmployeeManagement.Service.EmployeeServiceImpl.addNewEmployee(EmployeeServiceImpl.java:18)
	at com.EmployeeManagement.Service.EmployeeServiceImpl.addNewEmployee(EmployeeServiceImpl.java:18)
	at com.EmployeeManagement.Service.EmployeeServiceImpl.addNewEmployee(EmployeeServiceImpl.java:18)
	at com.EmployeeManagement.Service.EmployeeServiceImpl.addNewEmployee(EmployeeServiceImpl.java:18)
	at com.EmployeeManagement.Service.EmployeeServiceImpl.addNewEmployee(EmployeeServiceImpl.java:18)
	at com.EmployeeManagement.Service.EmployeeServiceImpl.addNewEmployee(EmployeeServiceImpl.java:18)
	at com.EmployeeManagement.Service.EmployeeServiceImpl.addNewEmployee(EmployeeServiceImpl.java:18)
	at com.EmployeeManagement.Service.EmployeeServiceImpl.addNewEmployee(EmployeeServiceImpl.java:18)
	at com.EmployeeManagement.Service.EmployeeServiceImpl.addNewEmployee(EmployeeServiceImpl.java:18)
	at com.EmployeeManagement.Service.EmployeeServiceImpl.addNewEmployee(EmployeeServiceImpl.java:18)
	at com.EmployeeManagement.Service.EmployeeServiceImpl.addNewEmployee(EmployeeServiceImpl.java:18)
	at com.EmployeeManagement.Service.EmployeeServiceImpl.addNewEmployee(EmployeeServiceImpl.java:18)
	at com.EmployeeManagement.Service.EmployeeServiceImpl.addNewEmployee(EmployeeServiceImpl.java:18)
	at com.EmployeeManagement.Service.EmployeeServiceImpl.addNewEmployee(EmployeeServiceImpl.java:18)
	at com.EmployeeManagement.Service.EmployeeServiceImpl.addNewEmployee(EmployeeServiceImpl.java:18)
	at com.EmployeeManagement.Service.EmployeeServiceImpl.addNewEmployee(EmployeeServiceImpl.java:18)
	at com.EmployeeManagement.Service.EmployeeServiceImpl.addNewEmployee(EmployeeServiceImpl.java:18)
	at com.EmployeeManagement.Service.EmployeeServiceImpl.addNewEmployee(EmployeeServiceImpl.java:18)
	at com.EmployeeManagement.Service.EmployeeServiceImpl.addNewEmployee(EmployeeServiceImpl.java:18)
	at com.EmployeeManagement.Service.EmployeeServiceImpl.addNewEmployee(EmployeeServiceImpl.java:18)
	at com.EmployeeManagement.Service.EmployeeServiceImpl.addNewEmployee(EmployeeServiceImpl.java:18)
	at com.EmployeeManagement.Service.EmployeeServiceImpl.addNewEmployee(EmployeeServiceImpl.java:18)
	at com.EmployeeManagement.Service.EmployeeServiceImpl.addNewEmployee(EmployeeServiceImpl.java:18)
	at com.EmployeeManagement.Service.EmployeeServiceImpl.addNewEmployee(EmployeeServiceImpl.java:18)
	at com.EmployeeManagement.Service.EmployeeServiceImpl.addNewEmployee(EmployeeServiceImpl.java:18)
	at com.EmployeeManagement.Service.EmployeeServiceImpl.addNewEmployee(EmployeeServiceImpl.java:18)
	at com.EmployeeManagement.Service.EmployeeServiceImpl.addNewEmployee(EmployeeServiceImpl.java:18)
	at com.EmployeeManagement.Service.EmployeeServiceImpl.addNewEmployee(EmployeeServiceImpl.java:18)
	at com.EmployeeManagement.Service.EmployeeServiceImpl.addNewEmployee(EmployeeServiceImpl.java:18)
	at com.EmployeeManagement.Service.EmployeeServiceImpl.addNewEmployee(EmployeeServiceImpl.java:18)
	at com.EmployeeManagement.Service.EmployeeServiceImpl.addNewEmployee(EmployeeServiceImpl.java:18)
	at com.EmployeeManagement.Service.EmployeeServiceImpl.addNewEmployee(EmployeeServiceImpl.java:18)
	at com.EmployeeManagement.Service.EmployeeServiceImpl.addNewEmployee(EmployeeServiceImpl.java:18)
	at com.EmployeeManagement.Service.EmployeeServiceImpl.addNewEmployee(EmployeeServiceImpl.java:18)
	at com.EmployeeManagement.Service.EmployeeServiceImpl.addNewEmployee(EmployeeServiceImpl.java:18)
	at com.EmployeeManagement.Service.EmployeeServiceImpl.addNewEmployee(EmployeeServiceImpl.java:18)
	at com.EmployeeManagement.Service.EmployeeServiceImpl.addNewEmployee(EmployeeServiceImpl.java:18)
	at com.EmployeeManagement.Service.EmployeeServiceImpl.addNewEmployee(EmployeeServiceImpl.java:18)
	at com.EmployeeManagement.Service.EmployeeServiceImpl.addNewEmployee(EmployeeServiceImpl.java:18)
	at com.EmployeeManagement.Service.EmployeeServiceImpl.addNewEmployee(EmployeeServiceImpl.java:18)
	at com.EmployeeManagement.Service.EmployeeServiceImpl.addNewEmployee(EmployeeServiceImpl.java:18)
	at com.EmployeeManagement.Service.EmployeeServiceImpl.addNewEmployee(EmployeeServiceImpl.java:18)
	at com.EmployeeManagement.Service.EmployeeServiceImpl.addNewEmployee(EmployeeServiceImpl.java:18)
	at com.EmployeeManagement.Service.EmployeeServiceImpl.addNewEmployee(EmployeeServiceImpl.java:18)
	at com.EmployeeManagement.Service.EmployeeServiceImpl.addNewEmployee(EmployeeServiceImpl.java:18)
	at com.EmployeeManagement.Service.EmployeeServiceImpl.addNewEmployee(EmployeeServiceImpl.java:18)
	at com.EmployeeManagement.Service.EmployeeServiceImpl.addNewEmployee(EmployeeServiceImpl.java:18)
	at com.EmployeeManagement.Service.EmployeeServiceImpl.addNewEmployee(EmployeeServiceImpl.java:18)
	at com.EmployeeManagement.Service.EmployeeServiceImpl.addNewEmployee(EmployeeServiceImpl.java:18)
	at com.EmployeeManagement.Service.EmployeeServiceImpl.addNewEmployee(EmployeeServiceImpl.java:18)
	at com.EmployeeManagement.Service.EmployeeServiceImpl.addNewEmployee(EmployeeServiceImpl.java:18)
	at com.EmployeeManagement.Service.EmployeeServiceImpl.addNewEmployee(EmployeeServiceImpl.java:18)
	at com.EmployeeManagement.Service.EmployeeServiceImpl.addNewEmployee(EmployeeServiceImpl.java:18)
	at com.EmployeeManagement.Service.EmployeeServiceImpl.addNewEmployee(EmployeeServiceImpl.java:18)
	at com.EmployeeManagement.Service.EmployeeServiceImpl.addNewEmployee(EmployeeServiceImpl.java:18)
	at com.EmployeeManagement.Service.EmployeeServiceImpl.addNewEmployee(EmployeeServiceImpl.java:18)
	at com.EmployeeManagement.Service.EmployeeServiceImpl.addNewEmployee(EmployeeServiceImpl.java:18)
	at com.EmployeeManagement.Service.EmployeeServiceImpl.addNewEmployee(EmployeeServiceImpl.java:18)
	at com.EmployeeManagement.Service.EmployeeServiceImpl.addNewEmployee(EmployeeServiceImpl.java:18)
	at com.EmployeeManagement.Service.EmployeeServiceImpl.addNewEmployee(EmployeeServiceImpl.java:18)
	at com.EmployeeManagement.Service.EmployeeServiceImpl.addNewEmployee(EmployeeServiceImpl.java:18)
	at com.EmployeeManagement.Service.EmployeeServiceImpl.addNewEmployee(EmployeeServiceImpl.java:18)
	at com.EmployeeManagement.Service.EmployeeServiceImpl.addNewEmployee(EmployeeServiceImpl.java:18)
	at com.EmployeeManagement.Service.EmployeeServiceImpl.addNewEmployee(EmployeeServiceImpl.java:18)
	at com.EmployeeManagement.Service.EmployeeServiceImpl.addNewEmployee(EmployeeServiceImpl.java:18)
	at com.EmployeeManagement.Service.EmployeeServiceImpl.addNewEmployee(EmployeeServiceImpl.java:18)
	at com.EmployeeManagement.Service.EmployeeServiceImpl.addNewEmployee(EmployeeServiceImpl.java:18)
	at com.EmployeeManagement.Service.EmployeeServiceImpl.addNewEmployee(EmployeeServiceImpl.java:18)
	at com.EmployeeManagement.Service.EmployeeServiceImpl.addNewEmployee(EmployeeServiceImpl.java:18)
	at com.EmployeeManagement.Service.EmployeeServiceImpl.addNewEmployee(EmployeeServiceImpl.java:18)
	at com.EmployeeManagement.Service.EmployeeServiceImpl.addNewEmployee(EmployeeServiceImpl.java:18)
	at com.EmployeeManagement.Service.EmployeeServiceImpl.addNewEmployee(EmployeeServiceImpl.java:18)
	at com.EmployeeManagement.Service.EmployeeServiceImpl.addNewEmployee(EmployeeServiceImpl.java:18)
	at com.EmployeeManagement.Service.EmployeeServiceImpl.addNewEmployee(EmployeeServiceImpl.java:18)
	at com.EmployeeManagement.Service.EmployeeServiceImpl.addNewEmployee(EmployeeServiceImpl.java:18)
	at com.EmployeeManagement.Service.EmployeeServiceImpl.addNewEmployee(EmployeeServiceImpl.java:18)
	at com.EmployeeManagement.Service.EmployeeServiceImpl.addNewEmployee(EmployeeServiceImpl.java:18)
	at com.EmployeeManagement.Service.EmployeeServiceImpl.addNewEmployee(EmployeeServiceImpl.java:18)
	at com.EmployeeManagement.Service.EmployeeServiceImpl.addNewEmployee(EmployeeServiceImpl.java:18)
	at com.EmployeeManagement.Service.EmployeeServiceImpl.addNewEmployee(EmployeeServiceImpl.java:18)
	at com.EmployeeManagement.Service.EmployeeServiceImpl.addNewEmployee(EmployeeServiceImpl.java:18)
	at com.EmployeeManagement.Service.EmployeeServiceImpl.addNewEmployee(EmployeeServiceImpl.java:18)
	at com.EmployeeManagement.Service.EmployeeServiceImpl.addNewEmployee(EmployeeServiceImpl.java:18)
	at com.EmployeeManagement.Service.EmployeeServiceImpl.addNewEmployee(EmployeeServiceImpl.java:18)
	at com.EmployeeManagement.Service.EmployeeServiceImpl.addNewEmployee(EmployeeServiceImpl.java:18)
	at com.EmployeeManagement.Service.EmployeeServiceImpl.addNewEmployee(EmployeeServiceImpl.java:18)
	at com.EmployeeManagement.Service.EmployeeServiceImpl.addNewEmployee(EmployeeServiceImpl.java:18)
	at com.EmployeeManagement.Service.EmployeeServiceImpl.addNewEmployee(EmployeeServiceImpl.java:18)
	at com.EmployeeManagement.Service.EmployeeServiceImpl.addNewEmployee(EmployeeServiceImpl.java:18)
	at com.EmployeeManagement.Service.EmployeeServiceImpl.addNewEmployee(EmployeeServiceImpl.java:18)
	at com.EmployeeManagement.Service.EmployeeServiceImpl.addNewEmployee(EmployeeServiceImpl.java:18)
	at com.EmployeeManagement.Service.EmployeeServiceImpl.addNewEmployee(EmployeeServiceImpl.java:18)
	at com.EmployeeManagement.Service.EmployeeServiceImpl.addNewEmployee(EmployeeServiceImpl.java:18)
	at com.EmployeeManagement.Service.EmployeeServiceImpl.addNewEmployee(EmployeeServiceImpl.java:18)
	at com.EmployeeManagement.Service.EmployeeServiceImpl.addNewEmployee(EmployeeServiceImpl.java:18)
	at com.EmployeeManagement.Service.EmployeeServiceImpl.addNewEmployee(EmployeeServiceImpl.java:18)
	at com.EmployeeManagement.Service.EmployeeServiceImpl.addNewEmployee(EmployeeServiceImpl.java:18)
	at com.EmployeeManagement.Service.EmployeeServiceImpl.addNewEmployee(EmployeeServiceImpl.java:18)
	at com.EmployeeManagement.Service.EmployeeServiceImpl.addNewEmployee(EmployeeServiceImpl.java:18)
	at com.EmployeeManagement.Service.EmployeeServiceImpl.addNewEmployee(EmployeeServiceImpl.java:18)
	at com.EmployeeManagement.Service.EmployeeServiceImpl.addNewEmployee(EmployeeServiceImpl.java:18)
	at com.EmployeeManagement.Service.EmployeeServiceImpl.addNewEmployee(EmployeeServiceImpl.java:18)
	at com.EmployeeManagement.Service.EmployeeServiceImpl.addNewEmployee(EmployeeServiceImpl.java:18)
	at com.EmployeeManagement.Service.EmployeeServiceImpl.addNewEmployee(EmployeeServiceImpl.java:18)
	at com.EmployeeManagement.Service.EmployeeServiceImpl.addNewEmployee(EmployeeServiceImpl.java:18)
	at com.EmployeeManagement.Service.EmployeeServiceImpl.addNewEmployee(EmployeeServiceImpl.java:18)
	at com.EmployeeManagement.Service.EmployeeServiceImpl.addNewEmployee(EmployeeServiceImpl.java:18)
	at com.EmployeeManagement.Service.EmployeeServiceImpl.addNewEmployee(EmployeeServiceImpl.java:18)
	at com.EmployeeManagement.Service.EmployeeServiceImpl.addNewEmployee(EmployeeServiceImpl.java:18)
	at com.EmployeeManagement.Service.EmployeeServiceImpl.addNewEmployee(EmployeeServiceImpl.java:18)
	at com.EmployeeManagement.Service.EmployeeServiceImpl.addNewEmployee(EmployeeServiceImpl.java:18)
	at com.EmployeeManagement.Service.EmployeeServiceImpl.addNewEmployee(EmployeeServiceImpl.java:18)
	at com.EmployeeManagement.Service.EmployeeServiceImpl.addNewEmployee(EmployeeServiceImpl.java:18)
	at com.EmployeeManagement.Service.EmployeeServiceImpl.addNewEmployee(EmployeeServiceImpl.java:18)
	at com.EmployeeManagement.Service.EmployeeServiceImpl.addNewEmployee(EmployeeServiceImpl.java:18)
	at com.EmployeeManagement.Service.EmployeeServiceImpl.addNewEmployee(EmployeeServiceImpl.java:18)
	at com.EmployeeManagement.Service.EmployeeServiceImpl.addNewEmployee(EmployeeServiceImpl.java:18)
	at com.EmployeeManagement.Service.EmployeeServiceImpl.addNewEmployee(EmployeeServiceImpl.java:18)
	at com.EmployeeManagement.Service.EmployeeServiceImpl.addNewEmployee(EmployeeServiceImpl.java:18)
	at com.EmployeeManagement.Service.EmployeeServiceImpl.addNewEmployee(EmployeeServiceImpl.java:18)
	at com.EmployeeManagement.Service.EmployeeServiceImpl.addNewEmployee(EmployeeServiceImpl.java:18)
	at com.EmployeeManagement.Service.EmployeeServiceImpl.addNewEmployee(EmployeeServiceImpl.java:18)
	at com.EmployeeManagement.Service.EmployeeServiceImpl.addNewEmployee(EmployeeServiceImpl.java:18)
	at com.EmployeeManagement.Service.EmployeeServiceImpl.addNewEmployee(EmployeeServiceImpl.java:18)
	at com.EmployeeManagement.Service.EmployeeServiceImpl.addNewEmployee(EmployeeServiceImpl.java:18)
	at com.EmployeeManagement.Service.EmployeeServiceImpl.addNewEmployee(EmployeeServiceImpl.java:18)
	at com.EmployeeManagement.Service.EmployeeServiceImpl.addNewEmployee(EmployeeServiceImpl.java:18)
	at com.EmployeeManagement.Service.EmployeeServiceImpl.addNewEmployee(EmployeeServiceImpl.java:18)
	at com.EmployeeManagement.Service.EmployeeServiceImpl.addNewEmployee(EmployeeServiceImpl.java:18)
	at com.EmployeeManagement.Service.EmployeeServiceImpl.addNewEmployee(EmployeeServiceImpl.java:18)
	at com.EmployeeManagement.Service.EmployeeServiceImpl.addNewEmployee(EmployeeServiceImpl.java:18)
	at com.EmployeeManagement.Service.EmployeeServiceImpl.addNewEmployee(EmployeeServiceImpl.java:18)
	at com.EmployeeManagement.Service.EmployeeServiceImpl.addNewEmployee(EmployeeServiceImpl.java:18)
	at com.EmployeeManagement.Service.EmployeeServiceImpl.addNewEmployee(EmployeeServiceImpl.java:18)
	at com.EmployeeManagement.Service.EmployeeServiceImpl.addNewEmployee(EmployeeServiceImpl.java:18)
	at com.EmployeeManagement.Service.EmployeeServiceImpl.addNewEmployee(EmployeeServiceImpl.java:18)
	at com.EmployeeManagement.Service.EmployeeServiceImpl.addNewEmployee(EmployeeServiceImpl.java:18)
	at com.EmployeeManagement.Service.EmployeeServiceImpl.addNewEmployee(EmployeeServiceImpl.java:18)
	at com.EmployeeManagement.Service.EmployeeServiceImpl.addNewEmployee(EmployeeServiceImpl.java:18)
	at com.EmployeeManagement.Service.EmployeeServiceImpl.addNewEmployee(EmployeeServiceImpl.java:18)
	at com.EmployeeManagement.Service.EmployeeServiceImpl.addNewEmployee(EmployeeServiceImpl.java:18)
	at com.EmployeeManagement.Service.EmployeeServiceImpl.addNewEmployee(EmployeeServiceImpl.java:18)
	at com.EmployeeManagement.Service.EmployeeServiceImpl.addNewEmployee(EmployeeServiceImpl.java:18)
	at com.EmployeeManagement.Service.EmployeeServiceImpl.addNewEmployee(EmployeeServiceImpl.java:18)
	at com.EmployeeManagement.Service.EmployeeServiceImpl.addNewEmployee(EmployeeServiceImpl.java:18)
	at com.EmployeeManagement.Service.EmployeeServiceImpl.addNewEmployee(EmployeeServiceImpl.java:18)
	at com.EmployeeManagement.Service.EmployeeServiceImpl.addNewEmployee(EmployeeServiceImpl.java:18)
	at com.EmployeeManagement.Service.EmployeeServiceImpl.addNewEmployee(EmployeeServiceImpl.java:18)
	at com.EmployeeManagement.Service.EmployeeServiceImpl.addNewEmployee(EmployeeServiceImpl.java:18)
	at com.EmployeeManagement.Service.EmployeeServiceImpl.addNewEmployee(EmployeeServiceImpl.java:18)
	at com.EmployeeManagement.Service.EmployeeServiceImpl.addNewEmployee(EmployeeServiceImpl.java:18)
	at com.EmployeeManagement.Service.EmployeeServiceImpl.addNewEmployee(EmployeeServiceImpl.java:18)
	at com.EmployeeManagement.Service.EmployeeServiceImpl.addNewEmployee(EmployeeServiceImpl.java:18)
	at com.EmployeeManagement.Service.EmployeeServiceImpl.addNewEmployee(EmployeeServiceImpl.java:18)
	at com.EmployeeManagement.Service.EmployeeServiceImpl.addNewEmployee(EmployeeServiceImpl.java:18)
	at com.EmployeeManagement.Service.EmployeeServiceImpl.addNewEmployee(EmployeeServiceImpl.java:18)
	at com.EmployeeManagement.Service.EmployeeServiceImpl.addNewEmployee(EmployeeServiceImpl.java:18)
	at com.EmployeeManagement.Service.EmployeeServiceImpl.addNewEmployee(EmployeeServiceImpl.java:18)
	at com.EmployeeManagement.Service.EmployeeServiceImpl.addNewEmployee(EmployeeServiceImpl.java:18)
	at com.EmployeeManagement.Service.EmployeeServiceImpl.addNewEmployee(EmployeeServiceImpl.java:18)
	at com.EmployeeManagement.Service.EmployeeServiceImpl.addNewEmployee(EmployeeServiceImpl.java:18)
	at com.EmployeeManagement.Service.EmployeeServiceImpl.addNewEmployee(EmployeeServiceImpl.java:18)
	at com.EmployeeManagement.Service.EmployeeServiceImpl.addNewEmployee(EmployeeServiceImpl.java:18)
	at com.EmployeeManagement.Service.EmployeeServiceImpl.addNewEmployee(EmployeeServiceImpl.java:18)
	at com.EmployeeManagement.Service.EmployeeServiceImpl.addNewEmployee(EmployeeServiceImpl.java:18)
	at com.EmployeeManagement.Service.EmployeeServiceImpl.addNewEmployee(EmployeeServiceImpl.java:18)
	at com.EmployeeManagement.Service.EmployeeServiceImpl.addNewEmployee(EmployeeServiceImpl.java:18)
	at com.EmployeeManagement.Service.EmployeeServiceImpl.addNewEmployee(EmployeeServiceImpl.java:18)
	at com.EmployeeManagement.Service.EmployeeServiceImpl.addNewEmployee(EmployeeServiceImpl.java:18)
	at com.EmployeeManagement.Service.EmployeeServiceImpl.addNewEmployee(EmployeeServiceImpl.java:18)
	at com.EmployeeManagement.Service.EmployeeServiceImpl.addNewEmployee(EmployeeServiceImpl.java:18)
	at com.EmployeeManagement.Service.EmployeeServiceImpl.addNewEmployee(EmployeeServiceImpl.java:18)
	at com.EmployeeManagement.Service.EmployeeServiceImpl.addNewEmployee(EmployeeServiceImpl.java:18)
	at com.EmployeeManagement.Service.EmployeeServiceImpl.addNewEmployee(EmployeeServiceImpl.java:18)
	at com.EmployeeManagement.Service.EmployeeServiceImpl.addNewEmployee(EmployeeServiceImpl.java:18)
	at com.EmployeeManagement.Service.EmployeeServiceImpl.addNewEmployee(EmployeeServiceImpl.java:18)
	at com.EmployeeManagement.Service.EmployeeServiceImpl.addNewEmployee(EmployeeServiceImpl.java:18)
	at com.EmployeeManagement.Service.EmployeeServiceImpl.addNewEmployee(EmployeeServiceImpl.java:18)
	at com.EmployeeManagement.Service.EmployeeServiceImpl.addNewEmployee(EmployeeServiceImpl.java:18)
	at com.EmployeeManagement.Service.EmployeeServiceImpl.addNewEmployee(EmployeeServiceImpl.java:18)
	at com.EmployeeManagement.Service.EmployeeServiceImpl.addNewEmployee(EmployeeServiceImpl.java:18)
	at com.EmployeeManagement.Service.EmployeeServiceImpl.addNewEmployee(EmployeeServiceImpl.java:18)
	at com.EmployeeManagement.Service.EmployeeServiceImpl.addNewEmployee(EmployeeServiceImpl.java:18)
	at com.EmployeeManagement.Service.EmployeeServiceImpl.addNewEmployee(EmployeeServiceImpl.java:18)
	at com.EmployeeManagement.Service.EmployeeServiceImpl.addNewEmployee(EmployeeServiceImpl.java:18)
	at com.EmployeeManagement.Service.EmployeeServiceImpl.addNewEmployee(EmployeeServiceImpl.java:18)
	at com.EmployeeManagement.Service.EmployeeServiceImpl.addNewEmployee(EmployeeServiceImpl.java:18)
	at com.EmployeeManagement.Service.EmployeeServiceImpl.addNewEmployee(EmployeeServiceImpl.java:18)
[...]
	at com.EmployeeManagement.Service.EmployeeServiceImpl.addNewEmployee(EmployeeServiceImpl.java:18)
	at com.EmployeeManagement.Service.EmployeeServiceImpl.addNewEmployee(EmployeeServiceImpl.java:18)
	at com.EmployeeManagement.Service.EmployeeServiceImpl.addNewEmployee(EmployeeServiceImpl.java:18)
	at com.EmployeeManagement.Service.EmployeeServiceImpl.addNewEmployee(EmployeeServiceImpl.java:18)
	at com.EmployeeManagement.Service.EmployeeServiceImpl.addNewEmployee(EmployeeServiceImpl.java:18)
	at com.EmployeeManagement.Service.EmployeeServiceImpl.addNewEmployee(EmployeeServiceImpl.java:18)
	at com.EmployeeManagement.Service.EmployeeServiceImpl.addNewEmployee(EmployeeServiceImpl.java:18)
	at com.EmployeeManagement.Service.EmployeeServiceImpl.addNewEmployee(EmployeeServiceImpl.java:18)
	at com.EmployeeManagement.Service.EmployeeServiceImpl.addNewEmployee(EmployeeServiceImpl.java:18)
	at com.EmployeeManagement.Service.EmployeeServiceImpl.addNewEmployee(EmployeeServiceImpl.java:18)
	at com.EmployeeManagement.Service.EmployeeServiceImpl.addNewEmployee(EmployeeServiceImpl.java:18)
	at com.EmployeeManagement.Service.EmployeeServiceImpl.addNewEmployee(EmployeeServiceImpl.java:18)
	at com.EmployeeManagement.Service.EmployeeServiceImpl.addNewEmployee(EmployeeServiceImpl.java:18)
	at com.EmployeeManagement.Service.EmployeeServiceImpl.addNewEmployee(EmployeeServiceImpl.java:18)
	at com.EmployeeManagement.Service.EmployeeServiceImpl.addNewEmployee(EmployeeServiceImpl.java:18)
	at com.EmployeeManagement.Service.EmployeeServiceImpl.addNewEmployee(EmployeeServiceImpl.java:18)
	at com.EmployeeManagement.Service.EmployeeServiceImpl.addNewEmployee(EmployeeServiceImpl.java:18)
	at com.EmployeeManagement.Service.EmployeeServiceImpl.addNewEmployee(EmployeeServiceImpl.java:18)
	at com.EmployeeManagement.Service.EmployeeServiceImpl.addNewEmployee(EmployeeServiceImpl.java:18)
	at com.EmployeeManagement.Service.EmployeeServiceImpl.addNewEmployee(EmployeeServiceImpl.java:18)
	at com.EmployeeManagement.Service.EmployeeServiceImpl.addNewEmployee(EmployeeServiceImpl.java:18)
	at com.EmployeeManagement.Service.EmployeeServiceImpl.addNewEmployee(EmployeeServiceImpl.java:18)
	at com.EmployeeManagement.Service.EmployeeServiceImpl.addNewEmployee(EmployeeServiceImpl.java:18)
	at com.EmployeeManagement.Service.EmployeeServiceImpl.addNewEmployee(EmployeeServiceImpl.java:18)
	at com.EmployeeManagement.Service.EmployeeServiceImpl.addNewEmployee(EmployeeServiceImpl.java:18)
	at com.EmployeeManagement.Service.EmployeeServiceImpl.addNewEmployee(EmployeeServiceImpl.java:18)
	at com.EmployeeManagement.Service.EmployeeServiceImpl.addNewEmployee(EmployeeServiceImpl.java:18)
	at com.EmployeeManagement.Service.EmployeeServiceImpl.addNewEmployee(EmployeeServiceImpl.java:18)
	at com.EmployeeManagement.Service.EmployeeServiceImpl.addNewEmployee(EmployeeServiceImpl.java:18)
	at com.EmployeeManagement.Service.EmployeeServiceImpl.addNewEmployee(EmployeeServiceImpl.java:18)
	at com.EmployeeManagement.Service.EmployeeServiceImpl.addNewEmployee(EmployeeServiceImpl.java:18)
	at com.EmployeeManagement.Service.EmployeeServiceImpl.addNewEmployee(EmployeeServiceImpl.java:18)
	at com.EmployeeManagement.Service.EmployeeServiceImpl.addNewEmployee(EmployeeServiceImpl.java:18)
	at com.EmployeeManagement.Service.EmployeeServiceImpl.addNewEmployee(EmployeeServiceImpl.java:18)
	at com.EmployeeManagement.Service.EmployeeServiceImpl.addNewEmployee(EmployeeServiceImpl.java:18)
	at com.EmployeeManagement.Service.EmployeeServiceImpl.addNewEmployee(EmployeeServiceImpl.java:18)
	at com.EmployeeManagement.Service.EmployeeServiceImpl.addNewEmployee(EmployeeServiceImpl.java:18)
	at com.EmployeeManagement.Service.EmployeeServiceImpl.addNewEmployee(EmployeeServiceImpl.java:18)
	at com.EmployeeManagement.Service.EmployeeServiceImpl.addNewEmployee(EmployeeServiceImpl.java:18)
	at com.EmployeeManagement.Service.EmployeeServiceImpl.addNewEmployee(EmployeeServiceImpl.java:18)
	at com.EmployeeManagement.Service.EmployeeServiceImpl.addNewEmployee(EmployeeServiceImpl.java:18)
	at com.EmployeeManagement.Service.EmployeeServiceImpl.addNewEmployee(EmployeeServiceImpl.java:18)
	at com.EmployeeManagement.Service.EmployeeServiceImpl.addNewEmployee(EmployeeServiceImpl.java:18)
	at com.EmployeeManagement.Service.EmployeeServiceImpl.addNewEmployee(EmployeeServiceImpl.java:18)
	at com.EmployeeManagement.Service.EmployeeServiceImpl.addNewEmployee(EmployeeServiceImpl.java:18)
	at com.EmployeeManagement.Service.EmployeeServiceImpl.addNewEmployee(EmployeeServiceImpl.java:18)
	at com.EmployeeManagement.Service.EmployeeServiceImpl.addNewEmployee(EmployeeServiceImpl.java:18)
	at com.EmployeeManagement.Service.EmployeeServiceImpl.addNewEmployee(EmployeeServiceImpl.java:18)
	at com.EmployeeManagement.Service.EmployeeServiceImpl.addNewEmployee(EmployeeServiceImpl.java:18)
	at com.EmployeeManagement.Service.EmployeeServiceImpl.addNewEmployee(EmployeeServiceImpl.java:18)
	at com.EmployeeManagement.Service.EmployeeServiceImpl.addNewEmployee(EmployeeServiceImpl.java:18)
	at com.EmployeeManagement.Service.EmployeeServiceImpl.addNewEmployee(EmployeeServiceImpl.java:18)
	at com.EmployeeManagement.Service.EmployeeServiceImpl.addNewEmployee(EmployeeServiceImpl.java:18)
	at com.EmployeeManagement.Service.EmployeeServiceImpl.addNewEmployee(EmployeeServiceImpl.java:18)
	at com.EmployeeManagement.Service.EmployeeServiceImpl.addNewEmployee(EmployeeServiceImpl.java:18)
	at com.EmployeeManagement.Service.EmployeeServiceImpl.addNewEmployee(EmployeeServiceImpl.java:18)
	at com.EmployeeManagement.Service.EmployeeServiceImpl.addNewEmployee(EmployeeServiceImpl.java:18)
	at com.EmployeeManagement.Service.EmployeeServiceImpl.addNewEmployee(EmployeeServiceImpl.java:18)
	at com.EmployeeManagement.Service.EmployeeServiceImpl.addNewEmployee(EmployeeServiceImpl.java:18)
	at com.EmployeeManagement.Service.EmployeeServiceImpl.addNewEmployee(EmployeeServiceImpl.java:18)
	at com.EmployeeManagement.Service.EmployeeServiceImpl.addNewEmployee(EmployeeServiceImpl.java:18)
	at com.EmployeeManagement.Service.EmployeeServiceImpl.addNewEmployee(EmployeeServiceImpl.java:18)
	at com.EmployeeManagement.Service.EmployeeServiceImpl.addNewEmployee(EmployeeServiceImpl.java:18)
	at com.EmployeeManagement.Service.EmployeeServiceImpl.addNewEmployee(EmployeeServiceImpl.java:18)
	at com.EmployeeManagement.Service.EmployeeServiceImpl.addNewEmployee(EmployeeServiceImpl.java:18)
	at com.EmployeeManagement.Service.EmployeeServiceImpl.addNewEmployee(EmployeeServiceImpl.java:18)
	at com.EmployeeManagement.Service.EmployeeServiceImpl.addNewEmployee(EmployeeServiceImpl.java:18)
	at com.EmployeeManagement.Service.EmployeeServiceImpl.addNewEmployee(EmployeeServiceImpl.java:18)
	at com.EmployeeManagement.Service.EmployeeServiceImpl.addNewEmployee(EmployeeServiceImpl.java:18)
	at com.EmployeeManagement.Service.EmployeeServiceImpl.addNewEmployee(EmployeeServiceImpl.java:18)
	at com.EmployeeManagement.Service.EmployeeServiceImpl.addNewEmployee(EmployeeServiceImpl.java:18)
	at com.EmployeeManagement.Service.EmployeeServiceImpl.addNewEmployee(EmployeeServiceImpl.java:18)
	at com.EmployeeManagement.Service.EmployeeServiceImpl.addNewEmployee(EmployeeServiceImpl.java:18)
	at com.EmployeeManagement.Service.EmployeeServiceImpl.addNewEmployee(EmployeeServiceImpl.java:18)
	at com.EmployeeManagement.Service.EmployeeServiceImpl.addNewEmployee(EmployeeServiceImpl.java:18)
	at com.EmployeeManagement.Service.EmployeeServiceImpl.addNewEmployee(EmployeeServiceImpl.java:18)
	at com.EmployeeManagement.Service.EmployeeServiceImpl.addNewEmployee(EmployeeServiceImpl.java:18)
	at com.EmployeeManagement.Service.EmployeeServiceImpl.addNewEmployee(EmployeeServiceImpl.java:18)
	at com.EmployeeManagement.Service.EmployeeServiceImpl.addNewEmployee(EmployeeServiceImpl.java:18)
	at com.EmployeeManagement.Service.EmployeeServiceImpl.addNewEmployee(EmployeeServiceImpl.java:18)
	at com.EmployeeManagement.Service.EmployeeServiceImpl.addNewEmployee(EmployeeServiceImpl.java:18)
	at com.EmployeeManagement.Service.EmployeeServiceImpl.addNewEmployee(EmployeeServiceImpl.java:18)
	at com.EmployeeManagement.Service.EmployeeServiceImpl.addNewEmployee(EmployeeServiceImpl.java:18)
	at com.EmployeeManagement.Service.EmployeeServiceImpl.addNewEmployee(EmployeeServiceImpl.java:18)
	at com.EmployeeManagement.Service.EmployeeServiceImpl.addNewEmployee(EmployeeServiceImpl.java:18)
	at com.EmployeeManagement.Service.EmployeeServiceImpl.addNewEmployee(EmployeeServiceImpl.java:18)
	at com.EmployeeManagement.Service.EmployeeServiceImpl.addNewEmployee(EmployeeServiceImpl.java:18)
	at com.EmployeeManagement.Service.EmployeeServiceImpl.addNewEmployee(EmployeeServiceImpl.java:18)
	at com.EmployeeManagement.Service.EmployeeServiceImpl.addNewEmployee(EmployeeServiceImpl.java:18)
	at com.EmployeeManagement.Service.EmployeeServiceImpl.addNewEmployee(EmployeeServiceImpl.java:18)
	at com.EmployeeManagement.Service.EmployeeServiceImpl.addNewEmployee(EmployeeServiceImpl.java:18)
	at com.EmployeeManagement.Service.EmployeeServiceImpl.addNewEmployee(EmployeeServiceImpl.java:18)
	at com.EmployeeManagement.Service.EmployeeServiceImpl.addNewEmployee(EmployeeServiceImpl.java:18)
	at com.EmployeeManagement.Service.EmployeeServiceImpl.addNewEmployee(EmployeeServiceImpl.java:18)
	at com.EmployeeManagement.Service.EmployeeServiceImpl.addNewEmployee(EmployeeServiceImpl.java:18)
	at com.EmployeeManagement.Service.EmployeeServiceImpl.addNewEmployee(EmployeeServiceImpl.java:18)
	at com.EmployeeManagement.Service.EmployeeServiceImpl.addNewEmployee(EmployeeServiceImpl.java:18)
	at com.EmployeeManagement.Service.EmployeeServiceImpl.addNewEmployee(EmployeeServiceImpl.java:18)
	at com.EmployeeManagement.Service.EmployeeServiceImpl.addNewEmployee(EmployeeServiceImpl.java:18)
	at com.EmployeeManagement.Service.EmployeeServiceImpl.addNewEmployee(EmployeeServiceImpl.java:18)
	at com.EmployeeManagement.Service.EmployeeServiceImpl.addNewEmployee(EmployeeServiceImpl.java:18)
	at com.EmployeeManagement.Service.EmployeeServiceImpl.addNewEmployee(EmployeeServiceImpl.java:18)
	at com.EmployeeManagement.Service.EmployeeServiceImpl.addNewEmployee(EmployeeServiceImpl.java:18)
	at com.EmployeeManagement.Service.EmployeeServiceImpl.addNewEmployee(EmployeeServiceImpl.java:18)
	at com.EmployeeManagement.Service.EmployeeServiceImpl.addNewEmployee(EmployeeServiceImpl.java:18)
	at com.EmployeeManagement.Service.EmployeeServiceImpl.addNewEmployee(EmployeeServiceImpl.java:18)
	at com.EmployeeManagement.Service.EmployeeServiceImpl.addNewEmployee(EmployeeServiceImpl.java:18)
	at com.EmployeeManagement.Service.EmployeeServiceImpl.addNewEmployee(EmployeeServiceImpl.java:18)
	at com.EmployeeManagement.Service.EmployeeServiceImpl.addNewEmployee(EmployeeServiceImpl.java:18)
	at com.EmployeeManagement.Service.EmployeeServiceImpl.addNewEmployee(EmployeeServiceImpl.java:18)
	at com.EmployeeManagement.Service.EmployeeServiceImpl.addNewEmployee(EmployeeServiceImpl.java:18)
	at com.EmployeeManagement.Service.EmployeeServiceImpl.addNewEmployee(EmployeeServiceImpl.java:18)
	at com.EmployeeManagement.Service.EmployeeServiceImpl.addNewEmployee(EmployeeServiceImpl.java:18)
	at com.EmployeeManagement.Service.EmployeeServiceImpl.addNewEmployee(EmployeeServiceImpl.java:18)
	at com.EmployeeManagement.Service.EmployeeServiceImpl.addNewEmployee(EmployeeServiceImpl.java:18)
	at com.EmployeeManagement.Service.EmployeeServiceImpl.addNewEmployee(EmployeeServiceImpl.java:18)
	at com.EmployeeManagement.Service.EmployeeServiceImpl.addNewEmployee(EmployeeServiceImpl.java:18)
	at com.EmployeeManagement.Service.EmployeeServiceImpl.addNewEmployee(EmployeeServiceImpl.java:18)
	at com.EmployeeManagement.Service.EmployeeServiceImpl.addNewEmployee(EmployeeServiceImpl.java:18)
	at com.EmployeeManagement.Service.EmployeeServiceImpl.addNewEmployee(EmployeeServiceImpl.java:18)
	at com.EmployeeManagement.Service.EmployeeServiceImpl.addNewEmployee(EmployeeServiceImpl.java:18)
	at com.EmployeeManagement.Service.EmployeeServiceImpl.addNewEmployee(EmployeeServiceImpl.java:18)
	at com.EmployeeManagement.Service.EmployeeServiceImpl.addNewEmployee(EmployeeServiceImpl.java:18)
	at com.EmployeeManagement.Service.EmployeeServiceImpl.addNewEmployee(EmployeeServiceImpl.java:18)
	at com.EmployeeManagement.Service.EmployeeServiceImpl.addNewEmployee(EmployeeServiceImpl.java:18)
	at com.EmployeeManagement.Service.EmployeeServiceImpl.addNewEmployee(EmployeeServiceImpl.java:18)
	at com.EmployeeManagement.Service.EmployeeServiceImpl.addNewEmployee(EmployeeServiceImpl.java:18)
	at com.EmployeeManagement.Service.EmployeeServiceImpl.addNewEmployee(EmployeeServiceImpl.java:18)
	at com.EmployeeManagement.Service.EmployeeServiceImpl.addNewEmployee(EmployeeServiceImpl.java:18)
	at com.EmployeeManagement.Service.EmployeeServiceImpl.addNewEmployee(EmployeeServiceImpl.java:18)
	at com.EmployeeManagement.Service.EmployeeServiceImpl.addNewEmployee(EmployeeServiceImpl.java:18)
	at com.EmployeeManagement.Service.EmployeeServiceImpl.addNewEmployee(EmployeeServiceImpl.java:18)
	at com.EmployeeManagement.Service.EmployeeServiceImpl.addNewEmployee(EmployeeServiceImpl.java:18)
	at com.EmployeeManagement.Service.EmployeeServiceImpl.addNewEmployee(EmployeeServiceImpl.java:18)
	at com.EmployeeManagement.Service.EmployeeServiceImpl.addNewEmployee(EmployeeServiceImpl.java:18)
	at com.EmployeeManagement.Service.EmployeeServiceImpl.addNewEmployee(EmployeeServiceImpl.java:18)
	at com.EmployeeManagement.Service.EmployeeServiceImpl.addNewEmployee(EmployeeServiceImpl.java:18)
	at com.EmployeeManagement.Service.EmployeeServiceImpl.addNewEmployee(EmployeeServiceImpl.java:18)
	at com.EmployeeManagement.Service.EmployeeServiceImpl.addNewEmployee(EmployeeServiceImpl.java:18)
	at com.EmployeeManagement.Service.EmployeeServiceImpl.addNewEmployee(EmployeeServiceImpl.java:18)
	at com.EmployeeManagement.Service.EmployeeServiceImpl.addNewEmployee(EmployeeServiceImpl.java:18)
	at com.EmployeeManagement.Service.EmployeeServiceImpl.addNewEmployee(EmployeeServiceImpl.java:18)
	at com.EmployeeManagement.Service.EmployeeServiceImpl.addNewEmployee(EmployeeServiceImpl.java:18)
	at com.EmployeeManagement.Service.EmployeeServiceImpl.addNewEmployee(EmployeeServiceImpl.java:18)
	at com.EmployeeManagement.Service.EmployeeServiceImpl.addNewEmployee(EmployeeServiceImpl.java:18)
	at com.EmployeeManagement.Service.EmployeeServiceImpl.addNewEmployee(EmployeeServiceImpl.java:18)
	at com.EmployeeManagement.Service.EmployeeServiceImpl.addNewEmployee(EmployeeServiceImpl.java:18)
	at com.EmployeeManagement.Service.EmployeeServiceImpl.addNewEmployee(EmployeeServiceImpl.java:18)
	at com.EmployeeManagement.Service.EmployeeServiceImpl.addNewEmployee(EmployeeServiceImpl.java:18)
	at com.EmployeeManagement.Service.EmployeeServiceImpl.addNewEmployee(EmployeeServiceImpl.java:18)
	at com.EmployeeManagement.Service.EmployeeServiceImpl.addNewEmployee(EmployeeServiceImpl.java:18)
	at com.EmployeeManagement.Service.EmployeeServiceImpl.addNewEmployee(EmployeeServiceImpl.java:18)
	at com.EmployeeManagement.Service.EmployeeServiceImpl.addNewEmployee(EmployeeServiceImpl.java:18)
	at com.EmployeeManagement.Service.EmployeeServiceImpl.addNewEmployee(EmployeeServiceImpl.java:18)
	at com.EmployeeManagement.Service.EmployeeServiceImpl.addNewEmployee(EmployeeServiceImpl.java:18)
	at com.EmployeeManagement.Service.EmployeeServiceImpl.addNewEmployee(EmployeeServiceImpl.java:18)
	at com.EmployeeManagement.Service.EmployeeServiceImpl.addNewEmployee(EmployeeServiceImpl.java:18)
	at com.EmployeeManagement.Service.EmployeeServiceImpl.addNewEmployee(EmployeeServiceImpl.java:18)
	at com.EmployeeManagement.Service.EmployeeServiceImpl.addNewEmployee(EmployeeServiceImpl.java:18)
	at com.EmployeeManagement.Service.EmployeeServiceImpl.addNewEmployee(EmployeeServiceImpl.java:18)
	at com.EmployeeManagement.Service.EmployeeServiceImpl.addNewEmployee(EmployeeServiceImpl.java:18)
	at com.EmployeeManagement.Service.EmployeeServiceImpl.addNewEmployee(EmployeeServiceImpl.java:18)
	at com.EmployeeManagement.Service.EmployeeServiceImpl.addNewEmployee(EmployeeServiceImpl.java:18)
	at com.EmployeeManagement.Service.EmployeeServiceImpl.addNewEmployee(EmployeeServiceImpl.java:18)
	at com.EmployeeManagement.Service.EmployeeServiceImpl.addNewEmployee(EmployeeServiceImpl.java:18)
	at com.EmployeeManagement.Service.EmployeeServiceImpl.addNewEmployee(EmployeeServiceImpl.java:18)
	at com.EmployeeManagement.Service.EmployeeServiceImpl.addNewEmployee(EmployeeServiceImpl.java:18)
	at com.EmployeeManagement.Service.EmployeeServiceImpl.addNewEmployee(EmployeeServiceImpl.java:18)
	at com.EmployeeManagement.Service.EmployeeServiceImpl.addNewEmployee(EmployeeServiceImpl.java:18)
	at com.EmployeeManagement.Service.EmployeeServiceImpl.addNewEmployee(EmployeeServiceImpl.java:18)
	at com.EmployeeManagement.Service.EmployeeServiceImpl.addNewEmployee(EmployeeServiceImpl.java:18)
	at com.EmployeeManagement.Service.EmployeeServiceImpl.addNewEmployee(EmployeeServiceImpl.java:18)
	at com.EmployeeManagement.Service.EmployeeServiceImpl.addNewEmployee(EmployeeServiceImpl.java:18)
	at com.EmployeeManagement.Service.EmployeeServiceImpl.addNewEmployee(EmployeeServiceImpl.java:18)
	at com.EmployeeManagement.Service.EmployeeServiceImpl.addNewEmployee(EmployeeServiceImpl.java:18)
	at com.EmployeeManagement.Service.EmployeeServiceImpl.addNewEmployee(EmployeeServiceImpl.java:18)
	at com.EmployeeManagement.Service.EmployeeServiceImpl.addNewEmployee(EmployeeServiceImpl.java:18)
	at com.EmployeeManagement.Service.EmployeeServiceImpl.addNewEmployee(EmployeeServiceImpl.java:18)
	at com.EmployeeManagement.Service.EmployeeServiceImpl.addNewEmployee(EmployeeServiceImpl.java:18)
	at com.EmployeeManagement.Service.EmployeeServiceImpl.addNewEmployee(EmployeeServiceImpl.java:18)
	at com.EmployeeManagement.Service.EmployeeServiceImpl.addNewEmployee(EmployeeServiceImpl.java:18)
	at com.EmployeeManagement.Service.EmployeeServiceImpl.addNewEmployee(EmployeeServiceImpl.java:18)
	at com.EmployeeManagement.Service.EmployeeServiceImpl.addNewEmployee(EmployeeServiceImpl.java:18)
	at com.EmployeeManagement.Service.EmployeeServiceImpl.addNewEmployee(EmployeeServiceImpl.java:18)
	at com.EmployeeManagement.Service.EmployeeServiceImpl.addNewEmployee(EmployeeServiceImpl.java:18)
	at com.EmployeeManagement.Service.EmployeeServiceImpl.addNewEmployee(EmployeeServiceImpl.java:18)
	at com.EmployeeManagement.Service.EmployeeServiceImpl.addNewEmployee(EmployeeServiceImpl.java:18)
	at com.EmployeeManagement.Service.EmployeeServiceImpl.addNewEmployee(EmployeeServiceImpl.java:18)
	at com.EmployeeManagement.Service.EmployeeServiceImpl.addNewEmployee(EmployeeServiceImpl.java:18)
	at com.EmployeeManagement.Service.EmployeeServiceImpl.addNewEmployee(EmployeeServiceImpl.java:18)
	at com.EmployeeManagement.Service.EmployeeServiceImpl.addNewEmployee(EmployeeServiceImpl.java:18)
	at com.EmployeeManagement.Service.EmployeeServiceImpl.addNewEmployee(EmployeeServiceImpl.java:18)
	at com.EmployeeManagement.Service.EmployeeServiceImpl.addNewEmployee(EmployeeServiceImpl.java:18)
	at com.EmployeeManagement.Service.EmployeeServiceImpl.addNewEmployee(EmployeeServiceImpl.java:18)
	at com.EmployeeManagement.Service.EmployeeServiceImpl.addNewEmployee(EmployeeServiceImpl.java:18)
	at com.EmployeeManagement.Service.EmployeeServiceImpl.addNewEmployee(EmployeeServiceImpl.java:18)
	at com.EmployeeManagement.Service.EmployeeServiceImpl.addNewEmployee(EmployeeServiceImpl.java:18)
	at com.EmployeeManagement.Service.EmployeeServiceImpl.addNewEmployee(EmployeeServiceImpl.java:18)
	at com.EmployeeManagement.Service.EmployeeServiceImpl.addNewEmployee(EmployeeServiceImpl.java:18)

