<?xml version="1.0" encoding="UTF-8"?>
<testsuite xmlns:xsi="http://www.w3.org/2001/XMLSchema-instance" xsi:noNamespaceSchemaLocation="https://maven.apache.org/surefire/maven-surefire-plugin/xsd/surefire-test-report-3.0.xsd" version="3.0" name="com.EmployeeManagement.EmployeeManagementApplicationTests" time="7.333" tests="1" errors="1" skipped="0" failures="0">
  <properties>
[...]
</properties>
  <testcase name="contextLoads" classname="com.EmployeeManagement.EmployeeManagementApplicationTests" time="0.157">
    <error type="java.lang.StackOverflowError"><![CDATA[java.lang.StackOverflowError
	at com.EmployeeManagement.Service.EmployeeServiceImpl.addNewEmployee(EmployeeServiceImpl.java:18)
	at com.EmployeeManagement.Service.EmployeeServiceImpl.addNewEmployee(EmployeeServiceImpl.java:18)
	at com.EmployeeManagement.Service.EmployeeServiceImpl.addNewEmployee(EmployeeServiceImpl.java:18)
	at com.EmployeeManagement.Service.EmployeeServiceImpl.addNewEmployee(EmployeeServiceImpl.java:18)
	at com.EmployeeManagement.Service.EmployeeServiceImpl.addNewEmployee(EmployeeServiceImpl.java:18)
	at com.EmployeeManagement.Service.EmployeeServiceImpl.addNewEmployee(EmployeeServiceImpl.java:18)
	at com.EmployeeManagement.Service.EmployeeServiceImpl.addNewEmployee(EmployeeServiceImpl.java:18)
	at com.EmployeeManagement.Service.EmployeeServiceImpl.addNewEmployee(EmployeeServiceImpl.java:18)
	at com.EmployeeManagement.Service.EmployeeServiceImpl.addNewEmployee(EmployeeServiceImpl.java:18)
	at com.EmployeeManagement.Service.EmployeeServiceImpl.addNewEmployee(EmployeeServiceImpl.java:18)
	at com.EmployeeManagement.Service.EmployeeServiceImpl.addNewEmployee(EmployeeServiceImpl.java:18)
	at com.EmployeeManagement.Service.EmployeeServiceImpl.addNewEmployee(EmployeeServiceImpl.java:18)
	at com.EmployeeManagement.Service.EmployeeServiceImpl.addNewEmployee(EmployeeServiceImpl.java:18)
	at com.EmployeeManagement.Service.EmployeeServiceImpl.addNewEmployee(EmployeeServiceImpl.java:18)
	at com.EmployeeManagement.Service.EmployeeServiceImpl.addNewEmployee(EmployeeServiceImpl.java:18)
	at com.EmployeeManagement.Service.EmployeeServiceImpl.addNewEmployee(EmployeeServiceImpl.java:18)
	at com.EmployeeManagement.Service.EmployeeServiceImpl.addNewEmployee(EmployeeServiceImpl.java:18)
	at com.EmployeeManagement.Service.EmployeeServiceImpl.addNewEmployee(EmployeeServiceImpl.java:18)
	at com.EmployeeManagement.Service.EmployeeServiceImpl.addNewEmployee(EmployeeServiceImpl.java:18)
	at com.EmployeeManagement.Service.EmployeeServiceImpl.addNewEmployee(EmployeeServiceImpl.java:18)
	at com.EmployeeManagement.Service.EmployeeServiceImpl.addNewEmployee(EmployeeServiceImpl.java:18)
	at com.EmployeeManagement.Service.EmployeeServiceImpl.addNewEmployee(EmployeeServiceImpl.java:18)
	at com.EmployeeManagement.Service.EmployeeServiceImpl.addNewEmployee(EmployeeServiceImpl.java:18)
	at com.EmployeeManagement.Service.EmployeeServiceImpl.addNewEmployee(EmployeeServiceImpl.java:18)
	at com.EmployeeManagement.Service.EmployeeServiceImpl.addNewEmployee(EmployeeServiceImpl.java:18)
	at com.EmployeeManagement.Service.EmployeeServiceImpl.addNewEmployee(EmployeeServiceImpl.java:18)
	at com.EmployeeManagement.Service.EmployeeServiceImpl.addNewEmployee(EmployeeServiceImpl.java:18)
	at com.EmployeeManagement.Service.EmployeeServiceImpl.addNewEmployee(EmployeeServiceImpl.java:18)
	at com.EmployeeManagement.Service.EmployeeServiceImpl.addNewEmployee(EmployeeServiceImpl.java:18)
	at com.EmployeeManagement.Service.EmployeeServiceImpl.addNewEmployee(EmployeeServiceImpl.java:18)
	at com.EmployeeManagement.Service.EmployeeServiceImpl.addNewEmployee(EmployeeServiceImpl.java:18)
	at com.EmployeeManagement.Service.EmployeeServiceImpl.addNewEmployee(EmployeeServiceImpl.java:18)
	at com.EmployeeManagement.Service.EmployeeServiceImpl.addNewEmployee(EmployeeServiceImpl.java:18)
	at com.EmployeeManagement.Service.EmployeeServiceImpl.addNewEmployee(EmployeeServiceImpl.java:18)
	at com.EmployeeManagement.Service.EmployeeServiceImpl.addNewEmployee(EmployeeServiceImpl.java:18)
	at com.EmployeeManagement.Service.EmployeeServiceImpl.addNewEmployee(EmployeeServiceImpl.java:18)
	at com.EmployeeManagement.Service.EmployeeServiceImpl.addNewEmployee(EmployeeServiceImpl.java:18)
	at com.EmployeeManagement.Service.EmployeeServiceImpl.addNewEmployee(EmployeeServiceImpl.java:18)
	at com.EmployeeManagement.Service.EmployeeServiceImpl.addNewEmployee(EmployeeServiceImpl.java:18)
	at com.EmployeeManagement.Service.EmployeeServiceImpl.addNewEmployee(EmployeeServiceImpl.java:18)
	at com.EmployeeManagement.Service.EmployeeServiceImpl.addNewEmployee(EmployeeServiceImpl.java:18)
	at com.EmployeeManagement.Service.EmployeeServiceImpl.addNewEmployee(EmployeeServiceImpl.java:18)
	at com.EmployeeManagement.Service.EmployeeServiceImpl.addNewEmployee(EmployeeServiceImpl.java:18)
	at com.EmployeeManagement.Service.EmployeeServiceImpl.addNewEmployee(EmployeeServiceImpl.java:18)
	at com.EmployeeManagement.Service.EmployeeServiceImpl.addNewEmployee(EmployeeServiceImpl.java:18)
	at com.EmployeeManagement.Service.EmployeeServiceImpl.addNewEmployee(EmployeeServiceImpl.java:18)
	at com.EmployeeManagement.Service.EmployeeServiceImpl.addNewEmployee(EmployeeServiceImpl.java:18)
	at com.EmployeeManagement.Service.EmployeeServiceImpl.addNewEmployee(EmployeeServiceImpl.java:18)
	at com.EmployeeManagement.Service.EmployeeServiceImpl.addNewEmployee(EmployeeServiceImpl.java:18)
	at com.EmployeeManagement.Service.EmployeeServiceImpl.addNewEmployee(EmployeeServiceImpl.java:18)
	at com.EmployeeManagement.Service.EmployeeServiceImpl.addNewEmployee(EmployeeServiceImpl.java:18)
	at com.EmployeeManagement.Service.EmployeeServiceImpl.addNewEmployee(EmployeeServiceImpl.java:18)
	at com.EmployeeManagement.Service.EmployeeServiceImpl.addNewEmployee(EmployeeServiceImpl.java:18)
	at com.EmployeeManagement.Service.EmployeeServiceImpl.addNewEmployee(EmployeeServiceImpl.java:18)
	at com.EmployeeManagement.Service.EmployeeServiceImpl.addNewEmployee(EmployeeServiceImpl.java:18)
	at com.EmployeeManagement.Service.EmployeeServiceImpl.addNewEmployee(EmployeeServiceImpl.java:18)
	at com.EmployeeManagement.Service.EmployeeServiceImpl.addNewEmployee(EmployeeServiceImpl.java:18)
	at com.EmployeeManagement.Service.EmployeeServiceImpl.addNewEmployee(EmployeeServiceImpl.java:18)
	at com.EmployeeManagement.Service.EmployeeServiceImpl.addNewEmployee(EmployeeServiceImpl.java:18)
	at com.EmployeeManagement.Service.EmployeeServiceImpl.addNewEmployee(EmployeeServiceImpl.java:18)
	at com.EmployeeManagement.Service.EmployeeServiceImpl.addNewEmployee(EmployeeServiceImpl.java:18)
	at com.EmployeeManagement.Service.EmployeeServiceImpl.addNewEmployee(EmployeeServiceImpl.java:18)
	at com.EmployeeManagement.Service.EmployeeServiceImpl.addNewEmployee(EmployeeServiceImpl.java:18)
	at com.EmployeeManagement.Service.EmployeeServiceImpl.addNewEmployee(EmployeeServiceImpl.java:18)
	at com.EmployeeManagement.Service.EmployeeServiceImpl.addNewEmployee(EmployeeServiceImpl.java:18)
	at com.EmployeeManagement.Service.EmployeeServiceImpl.addNewEmployee(EmployeeServiceImpl.java:18)
	at com.EmployeeManagement.Service.EmployeeServiceImpl.addNewEmployee(EmployeeServiceImpl.java:18)
	at com.EmployeeManagement.Service.EmployeeServiceImpl.addNewEmployee(EmployeeServiceImpl.java:18)
	at com.EmployeeManagement.Service.EmployeeServiceImpl.addNewEmployee(EmployeeServiceImpl.java:18)
	at com.EmployeeManagement.Service.EmployeeServiceImpl.addNewEmployee(EmployeeServiceImpl.java:18)
	at com.EmployeeManagement.Service.EmployeeServiceImpl.addNewEmployee(EmployeeServiceImpl.java:18)
	at com.EmployeeManagement.Service.EmployeeServiceImpl.addNewEmployee(EmployeeServiceImpl.java:18)
	at com.EmployeeManagement.Service.EmployeeServiceImpl.addNewEmployee(EmployeeServiceImpl.java:18)
	at com.EmployeeManagement.Service.EmployeeServiceImpl.addNewEmployee(EmployeeServiceImpl.java:18)
	at com.EmployeeManagement.Service.EmployeeServiceImpl.addNewEmployee(EmployeeServiceImpl.java:18)
	at com.EmployeeManagement.Service.EmployeeServiceImpl.addNewEmployee(EmployeeServiceImpl.java:18)
	at com.EmployeeManagement.Service.EmployeeServiceImpl.addNewEmployee(EmployeeServiceImpl.java:18)
	at com.EmployeeManagement.Service.EmployeeServiceImpl.addNewEmployee(EmployeeServiceImpl.java:18)
	at com.EmployeeManagement.Service.EmployeeServiceImpl.addNewEmployee(EmployeeServiceImpl.java:18)
	at com.EmployeeManagement.Service.EmployeeServiceImpl.addNewEmployee(EmployeeServiceImpl.java:18)
	at com.EmployeeManagement.Service.EmployeeServiceImpl.addNewEmployee(EmployeeServiceImpl.java:18)
	at com.EmployeeManagement.Service.EmployeeServiceImpl.addNewEmployee(EmployeeServiceImpl.java:18)
	at com.EmployeeManagement.Service.EmployeeServiceImpl.addNewEmployee(EmployeeServiceImpl.java:18)
	at com.EmployeeManagement.Service.EmployeeServiceImpl.addNewEmployee(EmployeeServiceImpl.java:18)
	at com.EmployeeManagement.Service.EmployeeServiceImpl.addNewEmployee(EmployeeServiceImpl.java:18)
	at com.EmployeeManagement.Service.EmployeeServiceImpl.addNewEmployee(EmployeeServiceImpl.java:18)
	at com.EmployeeManagement.Service.EmployeeServiceImpl.addNewEmployee(EmployeeServiceImpl.java:18)
	at com.EmployeeManagement.Service.EmployeeServiceImpl.addNewEmployee(EmployeeServiceImpl.java:18)
	at com.EmployeeManagement.Service.EmployeeServiceImpl.addNewEmployee(EmployeeServiceImpl.java:18)
	at com.EmployeeManagement.Service.EmployeeServiceImpl.addNewEmployee(EmployeeServiceImpl.java:18)
	at com.EmployeeManagement.Service.EmployeeServiceImpl.addNewEmployee(EmployeeServiceImpl.java:18)
	at com.EmployeeManagement.Service.EmployeeServiceImpl.addNewEmployee(EmployeeServiceImpl.java:18)
	at com.EmployeeManagement.Service.EmployeeServiceImpl.addNewEmployee(EmployeeServiceImpl.java:18)
	at com.EmployeeManagement.Service.EmployeeServiceImpl.addNewEmployee(EmployeeServiceImpl.java:18)
	at com.EmployeeManagement.Service.EmployeeServiceImpl.addNewEmployee(EmployeeServiceImpl.java:18)
	at com.EmployeeManagement.Service.EmployeeServiceImpl.addNewEmployee(EmployeeServiceImpl.java:18)
	at com.EmployeeManagement.Service.EmployeeServiceImpl.addNewEmployee(EmployeeServiceImpl.java:18)
	at com.EmployeeManagement.Service.EmployeeServiceImpl.addNewEmployee(EmployeeServiceImpl.java:18)
	at com.EmployeeManagement.Service.EmployeeServiceImpl.addNewEmployee(EmployeeServiceImpl.java:18)
	at com.EmployeeManagement.Service.EmployeeServiceImpl.addNewEmployee(EmployeeServiceImpl.java:18)
	at com.EmployeeManagement.Service.EmployeeServiceImpl.addNewEmployee(EmployeeServiceImpl.java:18)
	at com.EmployeeManagement.Service.EmployeeServiceImpl.addNewEmployee(EmployeeServiceImpl.java:18)
	at com.EmployeeManagement.Service.EmployeeServiceImpl.addNewEmployee(EmployeeServiceImpl.java:18)
	at com.EmployeeManagement.Service.EmployeeServiceImpl.addNewEmployee(EmployeeServiceImpl.java:18)
	at com.EmployeeManagement.Service.EmployeeServiceImpl.addNewEmployee(EmployeeServiceImpl.java:18)
	at com.EmployeeManagement.Service.EmployeeServiceImpl.addNewEmployee(EmployeeServiceImpl.java:18)
	at com.EmployeeManagement.Service.EmployeeServiceImpl.addNewEmployee(EmployeeServiceImpl.java:18)
	at com.EmployeeManagement.Service.EmployeeServiceImpl.addNewEmployee(EmployeeServiceImpl.java:18)
	at com.EmployeeManagement.Service.EmployeeServiceImpl.addNewEmployee(EmployeeServiceImpl.java:18)
	at com.EmployeeManagement.Service.EmployeeServiceImpl.addNewEmployee(EmployeeServiceImpl.java:18)
	at com.EmployeeManagement.Service.EmployeeServiceImpl.addNewEmployee(EmployeeServiceImpl.java:18)
	at com.EmployeeManagement.Service.EmployeeServiceImpl.addNewEmployee(EmployeeServiceImpl.java:18)
	at com.EmployeeManagement.Service.EmployeeServiceImpl.addNewEmployee(EmployeeServiceImpl.java:18)
	at com.EmployeeManagement.Service.EmployeeServiceImpl.addNewEmployee(EmployeeServiceImpl.java:18)
	at com.EmployeeManagement.Service.EmployeeServiceImpl.addNewEmployee(EmployeeServiceImpl.java:18)
	at com.EmployeeManagement.Service.EmployeeServiceImpl.addNewEmployee(EmployeeServiceImpl.java:18)
	at com.EmployeeManagement.Service.EmployeeServiceImpl.addNewEmployee(EmployeeServiceImpl.java:18)
	at com.EmployeeManagement.Service.EmployeeServiceImpl.addNewEmployee(EmployeeServiceImpl.java:18)
	at com.EmployeeManagement.Service.EmployeeServiceImpl.addNewEmployee(EmployeeServiceImpl.java:18)
	at com.EmployeeManagement.Service.EmployeeServiceImpl.addNewEmployee(EmployeeServiceImpl.java:18)
	at com.EmployeeManagement.Service.EmployeeServiceImpl.addNewEmployee(EmployeeServiceImpl.java:18)
	at com.EmployeeManagement.Service.EmployeeServiceImpl.addNewEmployee(EmployeeServiceImpl.java:18)
	at com.EmployeeManagement.Service.EmployeeServiceImpl.addNewEmployee(EmployeeServiceImpl.java:18)
	at com.EmployeeManagement.Service.EmployeeServiceImpl.addNewEmployee(EmployeeServiceImpl.java:18)
	at com.EmployeeManagement.Service.EmployeeServiceImpl.addNewEmployee(EmployeeServiceImpl.java:18)
	at com.EmployeeManagement.Service.EmployeeServiceImpl.addNewEmployee(EmployeeServiceImpl.java:18)
	at com.EmployeeManagement.Service.EmployeeServiceImpl.addNewEmployee(EmployeeServiceImpl.java:18)
	at com.EmployeeManagement.Service.EmployeeServiceImpl.addNewEmployee(EmployeeServiceImpl.java:18)
	at com.EmployeeManagement.Service.EmployeeServiceImpl.addNewEmployee(EmployeeServiceImpl.java:18)
	at com.EmployeeManagement.Service.EmployeeServiceImpl.addNewEmployee(EmployeeServiceImpl.java:18)
	at com.EmployeeManagement.Service.EmployeeServiceImpl.addNewEmployee(EmployeeServiceImpl.java:18)
	at com.EmployeeManagement.Service.EmployeeServiceImpl.addNewEmployee(EmployeeServiceImpl.java:18)
	at com.EmployeeManagement.Service.EmployeeServiceImpl.addNewEmployee(EmployeeServiceImpl.java:18)
	at com.EmployeeManagement.Service.EmployeeServiceImpl.addNewEmployee(EmployeeServiceImpl.java:18)
	at com.EmployeeManagement.Service.EmployeeServiceImpl.addNewEmployee(EmployeeServiceImpl.java:18)
	at com.EmployeeManagement.Service.EmployeeServiceImpl.addNewEmployee(EmployeeServiceImpl.java:18)
	at com.EmployeeManagement.Service.EmployeeServiceImpl.addNewEmployee(EmployeeServiceImpl.java:18)
	at com.EmployeeManagement.Service.EmployeeServiceImpl.addNewEmployee(EmployeeServiceImpl.java:18)
	at com.EmployeeManagement.Service.EmployeeServiceImpl.addNewEmployee(EmployeeServiceImpl.java:18)
	at com.EmployeeManagement.Service.EmployeeServiceImpl.addNewEmployee(EmployeeServiceImpl.java:18)
	at com.EmployeeManagement.Service.EmployeeServiceImpl.addNewEmployee(EmployeeServiceImpl.java:18)
	at com.EmployeeManagement.Service.EmployeeServiceImpl.addNewEmployee(EmployeeServiceImpl.java:18)
	at com.EmployeeManagement.Service.EmployeeServiceImpl.addNewEmployee(EmployeeServiceImpl.java:18)
	at com.EmployeeManagement.Service.EmployeeServiceImpl.addNewEmployee(EmployeeServiceImpl.java:18)
	at com.EmployeeManagement.Service.EmployeeServiceImpl.addNewEmployee(EmployeeServiceImpl.java:18)
	at com.EmployeeManagement.Service.EmployeeServiceImpl.addNewEmployee(EmployeeServiceImpl.java:18)
	at com.EmployeeManagement.Service.EmployeeServiceImpl.addNewEmployee(EmployeeServiceImpl.java:18)
	at com.EmployeeManagement.Service.EmployeeServiceImpl.addNewEmployee(EmployeeServiceImpl.java:18)
	at com.EmployeeManagement.Service.EmployeeServiceImpl.addNewEmployee(EmployeeServiceImpl.java:18)
	at com.EmployeeManagement.Service.EmployeeServiceImpl.addNewEmployee(EmployeeServiceImpl.java:18)
	at com.EmployeeManagement.Service.EmployeeServiceImpl.addNewEmployee(EmployeeServiceImpl.java:18)
	at com.EmployeeManagement.Service.EmployeeServiceImpl.addNewEmployee(EmployeeServiceImpl.java:18)
	at com.EmployeeManagement.Service.EmployeeServiceImpl.addNewEmployee(EmployeeServiceImpl.java:18)
	at com.EmployeeManagement.Service.EmployeeServiceImpl.addNewEmployee(EmployeeServiceImpl.java:18)
	at com.EmployeeManagement.Service.EmployeeServiceImpl.addNewEmployee(EmployeeServiceImpl.java:18)
	at com.EmployeeManagement.Service.EmployeeServiceImpl.addNewEmployee(EmployeeServiceImpl.java:18)
	at com.EmployeeManagement.Service.EmployeeServiceImpl.addNewEmployee(EmployeeServiceImpl.java:18)
	at com.EmployeeManagement.Service.EmployeeServiceImpl.addNewEmployee(EmployeeServiceImpl.java:18)
	at com.EmployeeManagement.Service.EmployeeServiceImpl.addNewEmployee(EmployeeServiceImpl.java:18)
	at com.EmployeeManagement.Service.EmployeeServiceImpl.addNewEmployee(EmployeeServiceImpl.java:18)
	at com.EmployeeManagement.Service.EmployeeServiceImpl.addNewEmployee(EmployeeServiceImpl.java:18)
	at com.EmployeeManagement.Service.EmployeeServiceImpl.addNewEmployee(EmployeeServiceImpl.java:18)
	at com.EmployeeManagement.Service.EmployeeServiceImpl.addNewEmployee(EmployeeServiceImpl.java:18)
	at com.EmployeeManagement.Service.EmployeeServiceImpl.addNewEmployee(EmployeeServiceImpl.java:18)
	at com.EmployeeManagement.Service.EmployeeServiceImpl.addNewEmployee(EmployeeServiceImpl.java:18)
	at com.EmployeeManagement.Service.EmployeeServiceImpl.addNewEmployee(EmployeeServiceImpl.java:18)
	at com.EmployeeManagement.Service.EmployeeServiceImpl.addNewEmployee(EmployeeServiceImpl.java:18)
	at com.EmployeeManagement.Service.EmployeeServiceImpl.addNewEmployee(EmployeeServiceImpl.java:18)
	at com.EmployeeManagement.Service.EmployeeServiceImpl.addNewEmployee(EmployeeServiceImpl.java:18)
	at com.EmployeeManagement.Service.EmployeeServiceImpl.addNewEmployee(EmployeeServiceImpl.java:18)
	at com.EmployeeManagement.Service.EmployeeServiceImpl.addNewEmployee(EmployeeServiceImpl.java:18)
	at com.EmployeeManagement.Service.EmployeeServiceImpl.addNewEmployee(EmployeeServiceImpl.java:18)
	at com.EmployeeManagement.Service.EmployeeServiceImpl.addNewEmployee(EmployeeServiceImpl.java:18)
	at com.EmployeeManagement.Service.EmployeeServiceImpl.addNewEmployee(EmployeeServiceImpl.java:18)
	at com.EmployeeManagement.Service.EmployeeServiceImpl.addNewEmployee(EmployeeServiceImpl.java:18)
	at com.EmployeeManagement.Service.EmployeeServiceImpl.addNewEmployee(EmployeeServiceImpl.java:18)
	at com.EmployeeManagement.Service.EmployeeServiceImpl.addNewEmployee(EmployeeServiceImpl.java:18)
	at com.EmployeeManagement.Service.EmployeeServiceImpl.addNewEmployee(EmployeeServiceImpl.java:18)
	at com.EmployeeManagement.Service.EmployeeServiceImpl.addNewEmployee(EmployeeServiceImpl.java:18)
	at com.EmployeeManagement.Service.EmployeeServiceImpl.addNewEmployee(EmployeeServiceImpl.java:18)
	at com.EmployeeManagement.Service.EmployeeServiceImpl.addNewEmployee(EmployeeServiceImpl.java:18)
	at com.EmployeeManagement.Service.EmployeeServiceImpl.addNewEmployee(EmployeeServiceImpl.java:18)
	at com.EmployeeManagement.Service.EmployeeServiceImpl.addNewEmployee(EmployeeServiceImpl.java:18)
	at com.EmployeeManagement.Service.EmployeeServiceImpl.addNewEmployee(EmployeeServiceImpl.java:18)
	at com.EmployeeManagement.Service.EmployeeServiceImpl.addNewEmployee(EmployeeServiceImpl.java:18)
	at com.EmployeeManagement.Service.EmployeeServiceImpl.addNewEmployee(EmployeeServiceImpl.java:18)
	at com.EmployeeManagement.Service.EmployeeServiceImpl.addNewEmployee(EmployeeServiceImpl.java:18)
	at com.EmployeeManagement.Service.EmployeeServiceImpl.addNewEmployee(EmployeeServiceImpl.java:18)
	at com.EmployeeManagement.Service.EmployeeServiceImpl.addNewEmployee(EmployeeServiceImpl.java:18)
	at com.EmployeeManagement.Service.EmployeeServiceImpl.addNewEmployee(EmployeeServiceImpl.java:18)
	at com.EmployeeManagement.Service.EmployeeServiceImpl.addNewEmployee(EmployeeServiceImpl.java:18)
	at com.EmployeeManagement.Service.EmployeeServiceImpl.addNewEmployee(EmployeeServiceImpl.java:18)
	at com.EmployeeManagement.Service.EmployeeServiceImpl.addNewEmployee(EmployeeServiceImpl.java:18)
	at com.EmployeeManagement.Service.EmployeeServiceImpl.addNewEmployee(EmployeeServiceImpl.java:18)
	at com.EmployeeManagement.Service.EmployeeServiceImpl.addNewEmployee(EmployeeServiceImpl.java:18)
	at com.EmployeeManagement.Service.EmployeeServiceImpl.addNewEmployee(EmployeeServiceImpl.java:18)
	at com.EmployeeManagement.Service.EmployeeServiceImpl.addNewEmployee(EmployeeServiceImpl.java:18)
	at com.EmployeeManagement.Service.EmployeeServiceImpl.addNewEmployee(EmployeeServiceImpl.java:18)
	at com.EmployeeManagement.Service.EmployeeServiceImpl.addNewEmployee(EmployeeServiceImpl.java:18)
	at com.EmployeeManagement.Service.EmployeeServiceImpl.addNewEmployee(EmployeeServiceImpl.java:18)
	at com.EmployeeManagement.Service.EmployeeServiceImpl.addNewEmployee(EmployeeServiceImpl.java:18)
	at com.EmployeeManagement.Service.EmployeeServiceImpl.addNewEmployee(EmployeeServiceImpl.java:18)
	at com.EmployeeManagement.Service.EmployeeServiceImpl.addNewEmployee(EmployeeServiceImpl.java:18)
	at com.EmployeeManagement.Service.EmployeeServiceImpl.addNewEmployee(EmployeeServiceImpl.java:18)
	at com.EmployeeManagement.Service.EmployeeServiceImpl.addNewEmployee(EmployeeServiceImpl.java:18)
	at com.EmployeeManagement.Service.EmployeeServiceImpl.addNewEmployee(EmployeeServiceImpl.java:18)
	at com.EmployeeManagement.Service.EmployeeServiceImpl.addNewEmployee(EmployeeServiceImpl.java:18)
	at com.EmployeeManagement.Service.EmployeeServiceImpl.addNewEmployee(EmployeeServiceImpl.java:18)
	at com.EmployeeManagement.Service.EmployeeServiceImpl.addNewEmployee(EmployeeServiceImpl.java:18)
	at com.EmployeeManagement.Service.EmployeeServiceImpl.addNewEmployee(EmployeeServiceImpl.java:18)
	at com.EmployeeManagement.Service.EmployeeServiceImpl.addNewEmployee(EmployeeServiceImpl.java:18)
	at com.EmployeeManagement.Service.EmployeeServiceImpl.addNewEmployee(EmployeeServiceImpl.java:18)
	at com.EmployeeManagement.Service.EmployeeServiceImpl.addNewEmployee(EmployeeServiceImpl.java:18)
	at com.EmployeeManagement.Service.EmployeeServiceImpl.addNewEmployee(EmployeeServiceImpl.java:18)
	at com.EmployeeManagement.Service.EmployeeServiceImpl.addNewEmployee(EmployeeServiceImpl.java:18)
	at com.EmployeeManagement.Service.EmployeeServiceImpl.addNewEmployee(EmployeeServiceImpl.java:18)
	at com.EmployeeManagement.Service.EmployeeServiceImpl.addNewEmployee(EmployeeServiceImpl.java:18)
	at com.EmployeeManagement.Service.EmployeeServiceImpl.addNewEmployee(EmployeeServiceImpl.java:18)
	at com.EmployeeManagement.Service.EmployeeServiceImpl.addNewEmployee(EmployeeServiceImpl.java:18)
	at com.EmployeeManagement.Service.EmployeeServiceImpl.addNewEmployee(EmployeeServiceImpl.java:18)
	at com.EmployeeManagement.Service.EmployeeServiceImpl.addNewEmployee(EmployeeServiceImpl.java:18)
	at com.EmployeeManagement.Service.EmployeeServiceImpl.addNewEmployee(EmployeeServiceImpl.java:18)
	at com.EmployeeManagement.Service.EmployeeServiceImpl.addNewEmployee(EmployeeServiceImpl.java:18)
	at com.EmployeeManagement.Service.EmployeeServiceImpl.addNewEmployee(EmployeeServiceImpl.java:18)
	at com.EmployeeManagement.Service.EmployeeServiceImpl.addNewEmployee(EmployeeServiceImpl.java:18)
	at com.EmployeeManagement.Service.EmployeeServiceImpl.addNewEmployee(EmployeeServiceImpl.java:18)
	at com.EmployeeManagement.Service.EmployeeServiceImpl.addNewEmployee(EmployeeServiceImpl.java:18)
	at com.EmployeeManagement.Service.EmployeeServiceImpl.addNewEmployee(EmployeeServiceImpl.java:18)
	at com.EmployeeManagement.Service.EmployeeServiceImpl.addNewEmployee(EmployeeServiceImpl.java:18)
	at com.EmployeeManagement.Service.EmployeeServiceImpl.addNewEmployee(EmployeeServiceImpl.java:18)
	at com.EmployeeManagement.Service.EmployeeServiceImpl.addNewEmployee(EmployeeServiceImpl.java:18)
	at com.EmployeeManagement.Service.EmployeeServiceImpl.addNewEmployee(EmployeeServiceImpl.java:18)
	at com.EmployeeManagement.Service.EmployeeServiceImpl.addNewEmployee(EmployeeServiceImpl.java:18)
	at com.EmployeeManagement.Service.EmployeeServiceImpl.addNewEmployee(EmployeeServiceImpl.java:18)
	at com.EmployeeManagement.Service.EmployeeServiceImpl.addNewEmployee(EmployeeServiceImpl.java:18)
	at com.EmployeeManagement.Service.EmployeeServiceImpl.addNewEmployee(EmployeeServiceImpl.java:18)
	at com.EmployeeManagement.Service.EmployeeServiceImpl.addNewEmployee(EmployeeServiceImpl.java:18)
	at com.EmployeeManagement.Service.EmployeeServiceImpl.addNewEmployee(EmployeeServiceImpl.java:18)
	at com.EmployeeManagement.Service.EmployeeServiceImpl.addNewEmployee(EmployeeServiceImpl.java:18)
	at com.EmployeeManagement.Service.EmployeeServiceImpl.addNewEmployee(EmployeeServiceImpl.java:18)
	at com.EmployeeManagement.Service.EmployeeServiceImpl.addNewEmployee(EmployeeServiceImpl.java:18)
	at com.EmployeeManagement.Service.EmployeeServiceImpl.addNewEmployee(EmployeeServiceImpl.java:18)
	at com.EmployeeManagement.Service.EmployeeServiceImpl.addNewEmployee(EmployeeServiceImpl.java:18)
	at com.EmployeeManagement.Service.EmployeeServiceImpl.addNewEmployee(EmployeeServiceImpl.java:18)
	at com.EmployeeManagement.Service.EmployeeServiceImpl.addNewEmployee(EmployeeServiceImpl.java:18)
	at com.EmployeeManagement.Service.EmployeeServiceImpl.addNewEmployee(EmployeeServiceImpl.java:18)
	at com.EmployeeManagement.Service.EmployeeServiceImpl.addNewEmployee(EmployeeServiceImpl.java:18)
	at com.EmployeeManagement.Service.EmployeeServiceImpl.addNewEmployee(EmployeeServiceImpl.java:18)
	at com.EmployeeManagement.Service.EmployeeServiceImpl.addNewEmployee(EmployeeServiceImpl.java:18)
	at com.EmployeeManagement.Service.EmployeeServiceImpl.addNewEmployee(EmployeeServiceImpl.java:18)
	at com.EmployeeManagement.Service.EmployeeServiceImpl.addNewEmployee(EmployeeServiceImpl.java:18)
	at com.EmployeeManagement.Service.EmployeeServiceImpl.addNewEmployee(EmployeeServiceImpl.java:18)
	at com.EmployeeManagement.Service.EmployeeServiceImpl.addNewEmployee(EmployeeServiceImpl.java:18)
	at com.EmployeeManagement.Service.EmployeeServiceImpl.addNewEmployee(EmployeeServiceImpl.java:18)
	at com.EmployeeManagement.Service.EmployeeServiceImpl.addNewEmployee(EmployeeServiceImpl.java:18)
	at com.EmployeeManagement.Service.EmployeeServiceImpl.addNewEmployee(EmployeeServiceImpl.java:18)
	at com.EmployeeManagement.Service.EmployeeServiceImpl.addNewEmployee(EmployeeServiceImpl.java:18)
	at com.EmployeeManagement.Service.EmployeeServiceImpl.addNewEmployee(EmployeeServiceImpl.java:18)
	at com.EmployeeManagement.Service.EmployeeServiceImpl.addNewEmployee(EmployeeServiceImpl.java:18)
	at com.EmployeeManagement.Service.EmployeeServiceImpl.addNewEmployee(EmployeeServiceImpl.java:18)
	at com.EmployeeManagement.Service.EmployeeServiceImpl.addNewEmployee(EmployeeServiceImpl.java:18)
	at com.EmployeeManagement.Service.EmployeeServiceImpl.addNewEmployee(EmployeeServiceImpl.java:18)
	at com.EmployeeManagement.Service.EmployeeServiceImpl.addNewEmployee(EmployeeServiceImpl.java:18)
	at com.EmployeeManagement.Service.EmployeeServiceImpl.addNewEmployee(EmployeeServiceImpl.java:18)
	at com.EmployeeManagement.Service.EmployeeServiceImpl.addNewEmployee(EmployeeServiceImpl.java:18)
	at com.EmployeeManagement.Service.EmployeeServiceImpl.addNewEmployee(EmployeeServiceImpl.java:18)
	at com.EmployeeManagement.Service.EmployeeServiceImpl.addNewEmployee(EmployeeServiceImpl.java:18)
	at com.EmployeeManagement.Service.EmployeeServiceImpl.addNewEmployee(EmployeeServiceImpl.java:18)
	at com.EmployeeManagement.Service.EmployeeServiceImpl.addNewEmployee(EmployeeServiceImpl.java:18)
	at com.EmployeeManagement.Service.EmployeeServiceImpl.addNewEmployee(EmployeeServiceImpl.java:18)
	at com.EmployeeManagement.Service.EmployeeServiceImpl.addNewEmployee(EmployeeServiceImpl.java:18)
	at com.EmployeeManagement.Service.EmployeeServiceImpl.addNewEmployee(EmployeeServiceImpl.java:18)
	at com.EmployeeManagement.Service.EmployeeServiceImpl.addNewEmployee(EmployeeServiceImpl.java:18)
	at com.EmployeeManagement.Service.EmployeeServiceImpl.addNewEmployee(EmployeeServiceImpl.java:18)
	at com.EmployeeManagement.Service.EmployeeServiceImpl.addNewEmployee(EmployeeServiceImpl.java:18)
	at com.EmployeeManagement.Service.EmployeeServiceImpl.addNewEmployee(EmployeeServiceImpl.java:18)
	at com.EmployeeManagement.Service.EmployeeServiceImpl.addNewEmployee(EmployeeServiceImpl.java:18)
	at com.EmployeeManagement.Service.EmployeeServiceImpl.addNewEmployee(EmployeeServiceImpl.java:18)
	at com.EmployeeManagement.Service.EmployeeServiceImpl.addNewEmployee(EmployeeServiceImpl.java:18)
	at com.EmployeeManagement.Service.EmployeeServiceImpl.addNewEmployee(EmployeeServiceImpl.java:18)
	at com.EmployeeManagement.Service.EmployeeServiceImpl.addNewEmployee(EmployeeServiceImpl.java:18)
	at com.EmployeeManagement.Service.EmployeeServiceImpl.addNewEmployee(EmployeeServiceImpl.java:18)
	at com.EmployeeManagement.Service.EmployeeServiceImpl.addNewEmployee(EmployeeServiceImpl.java:18)
	at com.EmployeeManagement.Service.EmployeeServiceImpl.addNewEmployee(EmployeeServiceImpl.java:18)
	at com.EmployeeManagement.Service.EmployeeServiceImpl.addNewEmployee(EmployeeServiceImpl.java:18)
	at com.EmployeeManagement.Service.EmployeeServiceImpl.addNewEmployee(EmployeeServiceImpl.java:18)
	at com.EmployeeManagement.Service.EmployeeServiceImpl.addNewEmployee(EmployeeServiceImpl.java:18)
	at com.EmployeeManagement.Service.EmployeeServiceImpl.addNewEmployee(EmployeeServiceImpl.java:18)
	at com.EmployeeManagement.Service.EmployeeServiceImpl.addNewEmployee(EmployeeServiceImpl.java:18)
	at com.EmployeeManagement.Service.EmployeeServiceImpl.addNewEmployee(EmployeeServiceImpl.java:18)
	at com.EmployeeManagement.Service.EmployeeServiceImpl.addNewEmployee(EmployeeServiceImpl.java:18)
	at com.EmployeeManagement.Service.EmployeeServiceImpl.addNewEmployee(EmployeeServiceImpl.java:18)
	at com.EmployeeManagement.Service.EmployeeServiceImpl.addNewEmployee(EmployeeServiceImpl.java:18)
	at com.EmployeeManagement.Service.EmployeeServiceImpl.addNewEmployee(EmployeeServiceImpl.java:18)
	at com.EmployeeManagement.Service.EmployeeServiceImpl.addNewEmployee(EmployeeServiceImpl.java:18)
	at com.EmployeeManagement.Service.EmployeeServiceImpl.addNewEmployee(EmployeeServiceImpl.java:18)
	at com.EmployeeManagement.Service.EmployeeServiceImpl.addNewEmployee(EmployeeServiceImpl.java:18)
	at com.EmployeeManagement.Service.EmployeeServiceImpl.addNewEmployee(EmployeeServiceImpl.java:18)
	at com.EmployeeManagement.Service.EmployeeServiceImpl.addNewEmployee(EmployeeServiceImpl.java:18)
	at com.EmployeeManagement.Service.EmployeeServiceImpl.addNewEmployee(EmployeeServiceImpl.java:18)
	at com.EmployeeManagement.Service.EmployeeServiceImpl.addNewEmployee(EmployeeServiceImpl.java:18)
	at com.EmployeeManagement.Service.EmployeeServiceImpl.addNewEmployee(EmployeeServiceImpl.java:18)
	at com.EmployeeManagement.Service.EmployeeServiceImpl.addNewEmployee(EmployeeServiceImpl.java:18)
	at com.EmployeeManagement.Service.EmployeeServiceImpl.addNewEmployee(EmployeeServiceImpl.java:18)
	at com.EmployeeManagement.Service.EmployeeServiceImpl.addNewEmployee(EmployeeServiceImpl.java:18)
	at com.EmployeeManagement.Service.EmployeeServiceImpl.addNewEmployee(EmployeeServiceImpl.java:18)
	at com.EmployeeManagement.Service.EmployeeServiceImpl.addNewEmployee(EmployeeServiceImpl.java:18)
	at com.EmployeeManagement.Service.EmployeeServiceImpl.addNewEmployee(EmployeeServiceImpl.java:18)
	at com.EmployeeManagement.Service.EmployeeServiceImpl.addNewEmployee(EmployeeServiceImpl.java:18)
	at com.EmployeeManagement.Service.EmployeeServiceImpl.addNewEmployee(EmployeeServiceImpl.java:18)
	at com.EmployeeManagement.Service.EmployeeServiceImpl.addNewEmployee(EmployeeServiceImpl.java:18)
	at com.EmployeeManagement.Service.EmployeeServiceImpl.addNewEmployee(EmployeeServiceImpl.java:18)
	at com.EmployeeManagement.Service.EmployeeServiceImpl.addNewEmployee(EmployeeServiceImpl.java:18)
	at com.EmployeeManagement.Service.EmployeeServiceImpl.addNewEmployee(EmployeeServiceImpl.java:18)
	at com.EmployeeManagement.Service.EmployeeServiceImpl.addNewEmployee(EmployeeServiceImpl.java:18)
	at com.EmployeeManagement.Service.EmployeeServiceImpl.addNewEmployee(EmployeeServiceImpl.java:18)
	at com.EmployeeManagement.Service.EmployeeServiceImpl.addNewEmployee(EmployeeServiceImpl.java:18)
	at com.EmployeeManagement.Service.EmployeeServiceImpl.addNewEmployee(EmployeeServiceImpl.java:18)
	at com.EmployeeManagement.Service.EmployeeServiceImpl.addNewEmployee(EmployeeServiceImpl.java:18)
	at com.EmployeeManagement.Service.EmployeeServiceImpl.addNewEmployee(EmployeeServiceImpl.java:18)
	at com.EmployeeManagement.Service.EmployeeServiceImpl.addNewEmployee(EmployeeServiceImpl.java:18)
	at com.EmployeeManagement.Service.EmployeeServiceImpl.addNewEmployee(EmployeeServiceImpl.java:18)
	at com.EmployeeManagement.Service.EmployeeServiceImpl.addNewEmployee(EmployeeServiceImpl.java:18)
	at com.EmployeeManagement.Service.EmployeeServiceImpl.addNewEmployee(EmployeeServiceImpl.java:18)
	at com.EmployeeManagement.Service.EmployeeServiceImpl.addNewEmployee(EmployeeServiceImpl.java:18)
	at com.EmployeeManagement.Service.EmployeeServiceImpl.addNewEmployee(EmployeeServiceImpl.java:18)
	at com.EmployeeManagement.Service.EmployeeServiceImpl.addNewEmployee(EmployeeServiceImpl.java:18)
	at com.EmployeeManagement.Service.EmployeeServiceImpl.addNewEmployee(EmployeeServiceImpl.java:18)
	at com.EmployeeManagement.Service.EmployeeServiceImpl.addNewEmployee(EmployeeServiceImpl.java:18)
	at com.EmployeeManagement.Service.EmployeeServiceImpl.addNewEmployee(EmployeeServiceImpl.java:18)
	at com.EmployeeManagement.Service.EmployeeServiceImpl.addNewEmployee(EmployeeServiceImpl.java:18)
	at com.EmployeeManagement.Service.EmployeeServiceImpl.addNewEmployee(EmployeeServiceImpl.java:18)
	at com.EmployeeManagement.Service.EmployeeServiceImpl.addNewEmployee(EmployeeServiceImpl.java:18)
	at com.EmployeeManagement.Service.EmployeeServiceImpl.addNewEmployee(EmployeeServiceImpl.java:18)
	at com.EmployeeManagement.Service.EmployeeServiceImpl.addNewEmployee(EmployeeServiceImpl.java:18)
	at com.EmployeeManagement.Service.EmployeeServiceImpl.addNewEmployee(EmployeeServiceImpl.java:18)
	at com.EmployeeManagement.Service.EmployeeServiceImpl.addNewEmployee(EmployeeServiceImpl.java:18)
	at com.EmployeeManagement.Service.EmployeeServiceImpl.addNewEmployee(EmployeeServiceImpl.java:18)
	at com.EmployeeManagement.Service.EmployeeServiceImpl.addNewEmployee(EmployeeServiceImpl.java:18)
	at com.EmployeeManagement.Service.EmployeeServiceImpl.addNewEmployee(EmployeeServiceImpl.java:18)
	at com.EmployeeManagement.Service.EmployeeServiceImpl.addNewEmployee(EmployeeServiceImpl.java:18)
	at com.EmployeeManagement.Service.EmployeeServiceImpl.addNewEmployee(EmployeeServiceImpl.java:18)
	at com.EmployeeManagement.Service.EmployeeServiceImpl.addNewEmployee(EmployeeServiceImpl.java:18)
	at com.EmployeeManagement.Service.EmployeeServiceImpl.addNewEmployee(EmployeeServiceImpl.java:18)
	at com.EmployeeManagement.Service.EmployeeServiceImpl.addNewEmployee(EmployeeServiceImpl.java:18)
	at com.EmployeeManagement.Service.EmployeeServiceImpl.addNewEmployee(EmployeeServiceImpl.java:18)
	at com.EmployeeManagement.Service.EmployeeServiceImpl.addNewEmployee(EmployeeServiceImpl.java:18)
	at com.EmployeeManagement.Service.EmployeeServiceImpl.addNewEmployee(EmployeeServiceImpl.java:18)
	at com.EmployeeManagement.Service.EmployeeServiceImpl.addNewEmployee(EmployeeServiceImpl.java:18)
	at com.EmployeeManagement.Service.EmployeeServiceImpl.addNewEmployee(EmployeeServiceImpl.java:18)
	at com.EmployeeManagement.Service.EmployeeServiceImpl.addNewEmployee(EmployeeServiceImpl.java:18)
	at com.EmployeeManagement.Service.EmployeeServiceImpl.addNewEmployee(EmployeeServiceImpl.java:18)
	at com.EmployeeManagement.Service.EmployeeServiceImpl.addNewEmployee(EmployeeServiceImpl.java:18)
	at com.EmployeeManagement.Service.EmployeeServiceImpl.addNewEmployee(EmployeeServiceImpl.java:18)
	at com.EmployeeManagement.Service.EmployeeServiceImpl.addNewEmployee(EmployeeServiceImpl.java:18)
	at com.EmployeeManagement.Service.EmployeeServiceImpl.addNewEmployee(EmployeeServiceImpl.java:18)
	at com.EmployeeManagement.Service.EmployeeServiceImpl.addNewEmployee(EmployeeServiceImpl.java:18)
	at com.EmployeeManagement.Service.EmployeeServiceImpl.addNewEmployee(EmployeeServiceImpl.java:18)
	at com.EmployeeManagement.Service.EmployeeServiceImpl.addNewEmployee(EmployeeServiceImpl.java:18)
	at com.EmployeeManagement.Service.EmployeeServiceImpl.addNewEmployee(EmployeeServiceImpl.java:18)
	at com.EmployeeManagement.Service.EmployeeServiceImpl.addNewEmployee(EmployeeServiceImpl.java:18)
	at com.EmployeeManagement.Service.EmployeeServiceImpl.addNewEmployee(EmployeeServiceImpl.java:18)
	at com.EmployeeManagement.Service.EmployeeServiceImpl.addNewEmployee(EmployeeServiceImpl.java:18)
	at com.EmployeeManagement.Service.EmployeeServiceImpl.addNewEmployee(EmployeeServiceImpl.java:18)
	at com.EmployeeManagement.Service.EmployeeServiceImpl.addNewEmployee(EmployeeServiceImpl.java:18)
	at com.EmployeeManagement.Service.EmployeeServiceImpl.addNewEmployee(EmployeeServiceImpl.java:18)
	at com.EmployeeManagement.Service.EmployeeServiceImpl.addNewEmployee(EmployeeServiceImpl.java:18)
	at com.EmployeeManagement.Service.EmployeeServiceImpl.addNewEmployee(EmployeeServiceImpl.java:18)
	at com.EmployeeManagement.Service.EmployeeServiceImpl.addNewEmployee(EmployeeServiceImpl.java:18)
	at com.EmployeeManagement.Service.EmployeeServiceImpl.addNewEmployee(EmployeeServiceImpl.java:18)
	at com.EmployeeManagement.Service.EmployeeServiceImpl.addNewEmployee(EmployeeServiceImpl.java:18)
	at com.EmployeeManagement.Service.EmployeeServiceImpl.addNewEmployee(EmployeeServiceImpl.java:18)
	at com.EmployeeManagement.Service.EmployeeServiceImpl.addNewEmployee(EmployeeServiceImpl.java:18)
	at com.EmployeeManagement.Service.EmployeeServiceImpl.addNewEmployee(EmployeeServiceImpl.java:18)
	at com.EmployeeManagement.Service.EmployeeServiceImpl.addNewEmployee(EmployeeServiceImpl.java:18)
	at com.EmployeeManagement.Service.EmployeeServiceImpl.addNewEmployee(EmployeeServiceImpl.java:18)
	at com.EmployeeManagement.Service.EmployeeServiceImpl.addNewEmployee(EmployeeServiceImpl.java:18)
	at com.EmployeeManagement.Service.EmployeeServiceImpl.addNewEmployee(EmployeeServiceImpl.java:18)
	at com.EmployeeManagement.Service.EmployeeServiceImpl.addNewEmployee(EmployeeServiceImpl.java:18)
	at com.EmployeeManagement.Service.EmployeeServiceImpl.addNewEmployee(EmployeeServiceImpl.java:18)
	at com.EmployeeManagement.Service.EmployeeServiceImpl.addNewEmployee(EmployeeServiceImpl.java:18)
	at com.EmployeeManagement.Service.EmployeeServiceImpl.addNewEmployee(EmployeeServiceImpl.java:18)
	at com.EmployeeManagement.Service.EmployeeServiceImpl.addNewEmployee(EmployeeServiceImpl.java:18)
	at com.EmployeeManagement.Service.EmployeeServiceImpl.addNewEmployee(EmployeeServiceImpl.java:18)
	at com.EmployeeManagement.Service.EmployeeServiceImpl.addNewEmployee(EmployeeServiceImpl.java:18)
	at com.EmployeeManagement.Service.EmployeeServiceImpl.addNewEmployee(EmployeeServiceImpl.java:18)
	at com.EmployeeManagement.Service.EmployeeServiceImpl.addNewEmployee(EmployeeServiceImpl.java:18)
	at com.EmployeeManagement.Service.EmployeeServiceImpl.addNewEmployee(EmployeeServiceImpl.java:18)
	at com.EmployeeManagement.Service.EmployeeServiceImpl.addNewEmployee(EmployeeServiceImpl.java:18)
	at com.EmployeeManagement.Service.EmployeeServiceImpl.addNewEmployee(EmployeeServiceImpl.java:18)
	at com.EmployeeManagement.Service.EmployeeServiceImpl.addNewEmployee(EmployeeServiceImpl.java:18)
	at com.EmployeeManagement.Service.EmployeeServiceImpl.addNewEmployee(EmployeeServiceImpl.java:18)
	at com.EmployeeManagement.Service.EmployeeServiceImpl.addNewEmployee(EmployeeServiceImpl.java:18)
	at com.EmployeeManagement.Service.EmployeeServiceImpl.addNewEmployee(EmployeeServiceImpl.java:18)
	at com.EmployeeManagement.Service.EmployeeServiceImpl.addNewEmployee(EmployeeServiceImpl.java:18)
	at com.EmployeeManagement.Service.EmployeeServiceImpl.addNewEmployee(EmployeeServiceImpl.java:18)
	at com.EmployeeManagement.Service.EmployeeServiceImpl.addNewEmployee(EmployeeServiceImpl.java:18)
	at com.EmployeeManagement.Service.EmployeeServiceImpl.addNewEmployee(EmployeeServiceImpl.java:18)
	at com.EmployeeManagement.Service.EmployeeServiceImpl.addNewEmployee(EmployeeServiceImpl.java:18)
	at com.EmployeeManagement.Service.EmployeeServiceImpl.addNewEmployee(EmployeeServiceImpl.java:18)
	at com.EmployeeManagement.Service.EmployeeServiceImpl.addNewEmployee(EmployeeServiceImpl.java:18)
	at com.EmployeeManagement.Service.EmployeeServiceImpl.addNewEmployee(EmployeeServiceImpl.java:18)
	at com.EmployeeManagement.Service.EmployeeServiceImpl.addNewEmployee(EmployeeServiceImpl.java:18)
	at com.EmployeeManagement.Service.EmployeeServiceImpl.addNewEmployee(EmployeeServiceImpl.java:18)
	at com.EmployeeManagement.Service.EmployeeServiceImpl.addNewEmployee(EmployeeServiceImpl.java:18)
	at com.EmployeeManagement.Service.EmployeeServiceImpl.addNewEmployee(EmployeeServiceImpl.java:18)
	at com.EmployeeManagement.Service.EmployeeServiceImpl.addNewEmployee(EmployeeServiceImpl.java:18)
	at com.EmployeeManagement.Service.EmployeeServiceImpl.addNewEmployee(EmployeeServiceImpl.java:18)
	at com.EmployeeManagement.Service.EmployeeServiceImpl.addNewEmployee(EmployeeServiceImpl.java:18)
	at com.EmployeeManagement.Service.EmployeeServiceImpl.addNewEmployee(EmployeeServiceImpl.java:18)
	at com.EmployeeManagement.Service.EmployeeServiceImpl.addNewEmployee(EmployeeServiceImpl.java:18)
	at com.EmployeeManagement.Service.EmployeeServiceImpl.addNewEmployee(EmployeeServiceImpl.java:18)
	at com.EmployeeManagement.Service.EmployeeServiceImpl.addNewEmployee(EmployeeServiceImpl.java:18)
	at com.EmployeeManagement.Service.EmployeeServiceImpl.addNewEmployee(EmployeeServiceImpl.java:18)
	at com.EmployeeManagement.Service.EmployeeServiceImpl.addNewEmployee(EmployeeServiceImpl.java:18)
	at com.EmployeeManagement.Service.EmployeeServiceImpl.addNewEmployee(EmployeeServiceImpl.java:18)
	at com.EmployeeManagement.Service.EmployeeServiceImpl.addNewEmployee(EmployeeServiceImpl.java:18)
	at com.EmployeeManagement.Service.EmployeeServiceImpl.addNewEmployee(EmployeeServiceImpl.java:18)
	at com.EmployeeManagement.Service.EmployeeServiceImpl.addNewEmployee(EmployeeServiceImpl.java:18)
	at com.EmployeeManagement.Service.EmployeeServiceImpl.addNewEmployee(EmployeeServiceImpl.java:18)
	at com.EmployeeManagement.Service.EmployeeServiceImpl.addNewEmployee(EmployeeServiceImpl.java:18)
	at com.EmployeeManagement.Service.EmployeeServiceImpl.addNewEmployee(EmployeeServiceImpl.java:18)
	at com.EmployeeManagement.Service.EmployeeServiceImpl.addNewEmployee(EmployeeServiceImpl.java:18)
	at com.EmployeeManagement.Service.EmployeeServiceImpl.addNewEmployee(EmployeeServiceImpl.java:18)
	at com.EmployeeManagement.Service.EmployeeServiceImpl.addNewEmployee(EmployeeServiceImpl.java:18)
	at com.EmployeeManagement.Service.EmployeeServiceImpl.addNewEmployee(EmployeeServiceImpl.java:18)
	at com.EmployeeManagement.Service.EmployeeServiceImpl.addNewEmployee(EmployeeServiceImpl.java:18)
	at com.EmployeeManagement.Service.EmployeeServiceImpl.addNewEmployee(EmployeeServiceImpl.java:18)
	at com.EmployeeManagement.Service.EmployeeServiceImpl.addNewEmployee(EmployeeServiceImpl.java:18)
	at com.EmployeeManagement.Service.EmployeeServiceImpl.addNewEmployee(EmployeeServiceImpl.java:18)
	at com.EmployeeManagement.Service.EmployeeServiceImpl.addNewEmployee(EmployeeServiceImpl.java:18)
	at com.EmployeeManagement.Service.EmployeeServiceImpl.addNewEmployee(EmployeeServiceImpl.java:18)
	at com.EmployeeManagement.Service.EmployeeServiceImpl.addNewEmployee(EmployeeServiceImpl.java:18)
	at com.EmployeeManagement.Service.EmployeeServiceImpl.addNewEmployee(EmployeeServiceImpl.java:18)
	at com.EmployeeManagement.Service.EmployeeServiceImpl.addNewEmployee(EmployeeServiceImpl.java:18)
	at com.EmployeeManagement.Service.EmployeeServiceImpl.addNewEmployee(EmployeeServiceImpl.java:18)
	at com.EmployeeManagement.Service.EmployeeServiceImpl.addNewEmployee(EmployeeServiceImpl.java:18)
	at com.EmployeeManagement.Service.EmployeeServiceImpl.addNewEmployee(EmployeeServiceImpl.java:18)
	at com.EmployeeManagement.Service.EmployeeServiceImpl.addNewEmployee(EmployeeServiceImpl.java:18)
	at com.EmployeeManagement.Service.EmployeeServiceImpl.addNewEmployee(EmployeeServiceImpl.java:18)
	at com.EmployeeManagement.Service.EmployeeServiceImpl.addNewEmployee(EmployeeServiceImpl.java:18)
	at com.EmployeeManagement.Service.EmployeeServiceImpl.addNewEmployee(EmployeeServiceImpl.java:18)
	at com.EmployeeManagement.Service.EmployeeServiceImpl.addNewEmployee(EmployeeServiceImpl.java:18)
	at com.EmployeeManagement.Service.EmployeeServiceImpl.addNewEmployee(EmployeeServiceImpl.java:18)
	at com.EmployeeManagement.Service.EmployeeServiceImpl.addNewEmployee(EmployeeServiceImpl.java:18)
	at com.EmployeeManagement.Service.EmployeeServiceImpl.addNewEmployee(EmployeeServiceImpl.java:18)
	at com.EmployeeManagement.Service.EmployeeServiceImpl.addNewEmployee(EmployeeServiceImpl.java:18)
	at com.EmployeeManagement.Service.EmployeeServiceImpl.addNewEmployee(EmployeeServiceImpl.java:18)
	at com.EmployeeManagement.Service.EmployeeServiceImpl.addNewEmployee(EmployeeServiceImpl.java:18)
	at com.EmployeeManagement.Service.EmployeeServiceImpl.addNewEmployee(EmployeeServiceImpl.java:18)
	at com.EmployeeManagement.Service.EmployeeServiceImpl.addNewEmployee(EmployeeServiceImpl.java:18)
	at com.EmployeeManagement.Service.EmployeeServiceImpl.addNewEmployee(EmployeeServiceImpl.java:18)
	at com.EmployeeManagement.Service.EmployeeServiceImpl.addNewEmployee(EmployeeServiceImpl.java:18)
	at com.EmployeeManagement.Service.EmployeeServiceImpl.addNewEmployee(EmployeeServiceImpl.java:18)
	at com.EmployeeManagement.Service.EmployeeServiceImpl.addNewEmployee(EmployeeServiceImpl.java:18)
	at com.EmployeeManagement.Service.EmployeeServiceImpl.addNewEmployee(EmployeeServiceImpl.java:18)
	at com.EmployeeManagement.Service.EmployeeServiceImpl.addNewEmployee(EmployeeServiceImpl.java:18)
	at com.EmployeeManagement.Service.EmployeeServiceImpl.addNewEmployee(EmployeeServiceImpl.java:18)
	at com.EmployeeManagement.Service.EmployeeServiceImpl.addNewEmployee(EmployeeServiceImpl.java:18)
	at com.EmployeeManagement.Service.EmployeeServiceImpl.addNewEmployee(EmployeeServiceImpl.java:18)
	at com.EmployeeManagement.Service.EmployeeServiceImpl.addNewEmployee(EmployeeServiceImpl.java:18)
	at com.EmployeeManagement.Service.EmployeeServiceImpl.addNewEmployee(EmployeeServiceImpl.java:18)
	at com.EmployeeManagement.Service.EmployeeServiceImpl.addNewEmployee(EmployeeServiceImpl.java:18)
	at com.EmployeeManagement.Service.EmployeeServiceImpl.addNewEmployee(EmployeeServiceImpl.java:18)
	at com.EmployeeManagement.Service.EmployeeServiceImpl.addNewEmployee(EmployeeServiceImpl.java:18)
	at com.EmployeeManagement.Service.EmployeeServiceImpl.addNewEmployee(EmployeeServiceImpl.java:18)
	at com.EmployeeManagement.Service.EmployeeServiceImpl.addNewEmployee(EmployeeServiceImpl.java:18)
	at com.EmployeeManagement.Service.EmployeeServiceImpl.addNewEmployee(EmployeeServiceImpl.java:18)
	at com.EmployeeManagement.Service.EmployeeServiceImpl.addNewEmployee(EmployeeServiceImpl.java:18)
	at com.EmployeeManagement.Service.EmployeeServiceImpl.addNewEmployee(EmployeeServiceImpl.java:18)
	at com.EmployeeManagement.Service.EmployeeServiceImpl.addNewEmployee(EmployeeServiceImpl.java:18)
	at com.EmployeeManagement.Service.EmployeeServiceImpl.addNewEmployee(EmployeeServiceImpl.java:18)
	at com.EmployeeManagement.Service.EmployeeServiceImpl.addNewEmployee(EmployeeServiceImpl.java:18)
	at com.EmployeeManagement.Service.EmployeeServiceImpl.addNewEmployee(EmployeeServiceImpl.java:18)
	at com.EmployeeManagement.Service.EmployeeServiceImpl.addNewEmployee(EmployeeServiceImpl.java:18)
	at com.EmployeeManagement.Service.EmployeeServiceImpl.addNewEmployee(EmployeeServiceImpl.java:18)
	at com.EmployeeManagement.Service.EmployeeServiceImpl.addNewEmployee(EmployeeServiceImpl.java:18)
	at com.EmployeeManagement.Service.EmployeeServiceImpl.addNewEmployee(EmployeeServiceImpl.java:18)
	at com.EmployeeManagement.Service.EmployeeServiceImpl.addNewEmployee(EmployeeServiceImpl.java:18)
	at com.EmployeeManagement.Service.EmployeeServiceImpl.addNewEmployee(EmployeeServiceImpl.java:18)
	at com.EmployeeManagement.Service.EmployeeServiceImpl.addNewEmployee(EmployeeServiceImpl.java:18)
	at com.EmployeeManagement.Service.EmployeeServiceImpl.addNewEmployee(EmployeeServiceImpl.java:18)
	at com.EmployeeManagement.Service.EmployeeServiceImpl.addNewEmployee(EmployeeServiceImpl.java:18)
	at com.EmployeeManagement.Service.EmployeeServiceImpl.addNewEmployee(EmployeeServiceImpl.java:18)
	at com.EmployeeManagement.Service.EmployeeServiceImpl.addNewEmployee(EmployeeServiceImpl.java:18)
	at com.EmployeeManagement.Service.EmployeeServiceImpl.addNewEmployee(EmployeeServiceImpl.java:18)
	at com.EmployeeManagement.Service.EmployeeServiceImpl.addNewEmployee(EmployeeServiceImpl.java:18)
	at com.EmployeeManagement.Service.EmployeeServiceImpl.addNewEmployee(EmployeeServiceImpl.java:18)
	at com.EmployeeManagement.Service.EmployeeServiceImpl.addNewEmployee(EmployeeServiceImpl.java:18)
	at com.EmployeeManagement.Service.EmployeeServiceImpl.addNewEmployee(EmployeeServiceImpl.java:18)
	at com.EmployeeManagement.Service.EmployeeServiceImpl.addNewEmployee(EmployeeServiceImpl.java:18)
	at com.EmployeeManagement.Service.EmployeeServiceImpl.addNewEmployee(EmployeeServiceImpl.java:18)
	at com.EmployeeManagement.Service.EmployeeServiceImpl.addNewEmployee(EmployeeServiceImpl.java:18)
	at com.EmployeeManagement.Service.EmployeeServiceImpl.addNewEmployee(EmployeeServiceImpl.java:18)
	at com.EmployeeManagement.Service.EmployeeServiceImpl.addNewEmployee(EmployeeServiceImpl.java:18)
	at com.EmployeeManagement.Service.EmployeeServiceImpl.addNewEmployee(EmployeeServiceImpl.java:18)
	at com.EmployeeManagement.Service.EmployeeServiceImpl.addNewEmployee(EmployeeServiceImpl.java:18)
	at com.EmployeeManagement.Service.EmployeeServiceImpl.addNewEmployee(EmployeeServiceImpl.java:18)
	at com.EmployeeManagement.Service.EmployeeServiceImpl.addNewEmployee(EmployeeServiceImpl.java:18)
	at com.EmployeeManagement.Service.EmployeeServiceImpl.addNewEmployee(EmployeeServiceImpl.java:18)
	at com.EmployeeManagement.Service.EmployeeServiceImpl.addNewEmployee(EmployeeServiceImpl.java:18)
	at com.EmployeeManagement.Service.EmployeeServiceImpl.addNewEmployee(EmployeeServiceImpl.java:18)
	at com.EmployeeManagement.Service.EmployeeServiceImpl.addNewEmployee(EmployeeServiceImpl.java:18)
	at com.EmployeeManagement.Service.EmployeeServiceImpl.addNewEmployee(EmployeeServiceImpl.java:18)
	at com.EmployeeManagement.Service.EmployeeServiceImpl.addNewEmployee(EmployeeServiceImpl.java:18)
	at com.EmployeeManagement.Service.EmployeeServiceImpl.addNewEmployee(EmployeeServiceImpl.java:18)
	at com.EmployeeManagement.Service.EmployeeServiceImpl.addNewEmployee(EmployeeServiceImpl.java:18)
	at com.EmployeeManagement.Service.EmployeeServiceImpl.addNewEmployee(EmployeeServiceImpl.java:18)
	at com.EmployeeManagement.Service.EmployeeServiceImpl.addNewEmployee(EmployeeServiceImpl.java:18)
	at com.EmployeeManagement.Service.EmployeeServiceImpl.addNewEmployee(EmployeeServiceImpl.java:18)
	at com.EmployeeManagement.Service.EmployeeServiceImpl.addNewEmployee(EmployeeServiceImpl.java:18)
	at com.EmployeeManagement.Service.EmployeeServiceImpl.addNewEmployee(EmployeeServiceImpl.java:18)
	at com.EmployeeManagement.Service.EmployeeServiceImpl.addNewEmployee(EmployeeServiceImpl.java:18)
	at com.EmployeeManagement.Service.EmployeeServiceImpl.addNewEmployee(EmployeeServiceImpl.java:18)
	at com.EmployeeManagement.Service.EmployeeServiceImpl.addNewEmployee(EmployeeServiceImpl.java:18)
	at com.EmployeeManagement.Service.EmployeeServiceImpl.addNewEmployee(EmployeeServiceImpl.java:18)
	at com.EmployeeManagement.Service.EmployeeServiceImpl.addNewEmployee(EmployeeServiceImpl.java:18)
	at com.EmployeeManagement.Service.EmployeeServiceImpl.addNewEmployee(EmployeeServiceImpl.java:18)
	at com.EmployeeManagement.Service.EmployeeServiceImpl.addNewEmployee(EmployeeServiceImpl.java:18)
	at com.EmployeeManagement.Service.EmployeeServiceImpl.addNewEmployee(EmployeeServiceImpl.java:18)
	at com.EmployeeManagement.Service.EmployeeServiceImpl.addNewEmployee(EmployeeServiceImpl.java:18)
	at com.EmployeeManagement.Service.EmployeeServiceImpl.addNewEmployee(EmployeeServiceImpl.java:18)
	at com.EmployeeManagement.Service.EmployeeServiceImpl.addNewEmployee(EmployeeServiceImpl.java:18)
	at com.EmployeeManagement.Service.EmployeeServiceImpl.addNewEmployee(EmployeeServiceImpl.java:18)
	at com.EmployeeManagement.Service.EmployeeServiceImpl.addNewEmployee(EmployeeServiceImpl.java:18)
	at com.EmployeeManagement.Service.EmployeeServiceImpl.addNewEmployee(EmployeeServiceImpl.java:18)
	at com.EmployeeManagement.Service.EmployeeServiceImpl.addNewEmployee(EmployeeServiceImpl.java:18)
	at com.EmployeeManagement.Service.EmployeeServiceImpl.addNewEmployee(EmployeeServiceImpl.java:18)
	at com.EmployeeManagement.Service.EmployeeServiceImpl.addNewEmployee(EmployeeServiceImpl.java:18)
	at com.EmployeeManagement.Service.EmployeeServiceImpl.addNewEmployee(EmployeeServiceImpl.java:18)
	at com.EmployeeManagement.Service.EmployeeServiceImpl.addNewEmployee(EmployeeServiceImpl.java:18)
	at com.EmployeeManagement.Service.EmployeeServiceImpl.addNewEmployee(EmployeeServiceImpl.java:18)
	at com.EmployeeManagement.Service.EmployeeServiceImpl.addNewEmployee(EmployeeServiceImpl.java:18)
	at com.EmployeeManagement.Service.EmployeeServiceImpl.addNewEmployee(EmployeeServiceImpl.java:18)
	at com.EmployeeManagement.Service.EmployeeServiceImpl.addNewEmployee(EmployeeServiceImpl.java:18)
	at com.EmployeeManagement.Service.EmployeeServiceImpl.addNewEmployee(EmployeeServiceImpl.java:18)
	at com.EmployeeManagement.Service.EmployeeServiceImpl.addNewEmployee(EmployeeServiceImpl.java:18)
	at com.EmployeeManagement.Service.EmployeeServiceImpl.addNewEmployee(EmployeeServiceImpl.java:18)
	at com.EmployeeManagement.Service.EmployeeServiceImpl.addNewEmployee(EmployeeServiceImpl.java:18)
	at com.EmployeeManagement.Service.EmployeeServiceImpl.addNewEmployee(EmployeeServiceImpl.java:18)
	at com.EmployeeManagement.Service.EmployeeServiceImpl.addNewEmployee(EmployeeServiceImpl.java:18)
	at com.EmployeeManagement.Service.EmployeeServiceImpl.addNewEmployee(EmployeeServiceImpl.java:18)
	at com.EmployeeManagement.Service.EmployeeServiceImpl.addNewEmployee(EmployeeServiceImpl.java:18)
	at com.EmployeeManagement.Service.EmployeeServiceImpl.addNewEmployee(EmployeeServiceImpl.java:18)
	at com.EmployeeManagement.Service.EmployeeServiceImpl.addNewEmployee(EmployeeServiceImpl.java:18)
	at com.EmployeeManagement.Service.EmployeeServiceImpl.addNewEmployee(EmployeeServiceImpl.java:18)
	at com.EmployeeManagement.Service.EmployeeServiceImpl.addNewEmployee(EmployeeServiceImpl.java:18)
	at com.EmployeeManagement.Service.EmployeeServiceImpl.addNewEmployee(EmployeeServiceImpl.java:18)
	at com.EmployeeManagement.Service.EmployeeServiceImpl.addNewEmployee(EmployeeServiceImpl.java:18)
	at com.EmployeeManagement.Service.EmployeeServiceImpl.addNewEmployee(EmployeeServiceImpl.java:18)
	at com.EmployeeManagement.Service.EmployeeServiceImpl.addNewEmployee(EmployeeServiceImpl.java:18)
	at com.EmployeeManagement.Service.EmployeeServiceImpl.addNewEmployee(EmployeeServiceImpl.java:18)
	at com.EmployeeManagement.Service.EmployeeServiceImpl.addNewEmployee(EmployeeServiceImpl.java:18)
	at com.EmployeeManagement.Service.EmployeeServiceImpl.addNewEmployee(EmployeeServiceImpl.java:18)
	at com.EmployeeManagement.Service.EmployeeServiceImpl.addNewEmployee(EmployeeServiceImpl.java:18)
	at com.EmployeeManagement.Service.EmployeeServiceImpl.addNewEmployee(EmployeeServiceImpl.java:18)
	at com.EmployeeManagement.Service.EmployeeServiceImpl.addNewEmployee(EmployeeServiceImpl.java:18)
	at com.EmployeeManagement.Service.EmployeeServiceImpl.addNewEmployee(EmployeeServiceImpl.java:18)
	at com.EmployeeManagement.Service.EmployeeServiceImpl.addNewEmployee(EmployeeServiceImpl.java:18)
	at com.EmployeeManagement.Service.EmployeeServiceImpl.addNewEmployee(EmployeeServiceImpl.java:18)
	at com.EmployeeManagement.Service.EmployeeServiceImpl.addNewEmployee(EmployeeServiceImpl.java:18)
	at com.EmployeeManagement.Service.EmployeeServiceImpl.addNewEmployee(EmployeeServiceImpl.java:18)
	at com.EmployeeManagement.Service.EmployeeServiceImpl.addNewEmployee(EmployeeServiceImpl.java:18)
	at com.EmployeeManagement.Service.EmployeeServiceImpl.addNewEmployee(EmployeeServiceImpl.java:18)
	at com.EmployeeManagement.Service.EmployeeServiceImpl.addNewEmployee(EmployeeServiceImpl.java:18)
	at com.EmployeeManagement.Service.EmployeeServiceImpl.addNewEmployee(EmployeeServiceImpl.java:18)
	at com.EmployeeManagement.Service.EmployeeServiceImpl.addNewEmployee(EmployeeServiceImpl.java:18)
	at com.EmployeeManagement.Service.EmployeeServiceImpl.addNewEmployee(EmployeeServiceImpl.java:18)
	at com.EmployeeManagement.Service.EmployeeServiceImpl.addNewEmployee(EmployeeServiceImpl.java:18)
	at com.EmployeeManagement.Service.EmployeeServiceImpl.addNewEmployee(EmployeeServiceImpl.java:18)
	at com.EmployeeManagement.Service.EmployeeServiceImpl.addNewEmployee(EmployeeServiceImpl.java:18)
	at com.EmployeeManagement.Service.EmployeeServiceImpl.addNewEmployee(EmployeeServiceImpl.java:18)
	at com.EmployeeManagement.Service.EmployeeServiceImpl.addNewEmployee(EmployeeServiceImpl.java:18)
	at com.EmployeeManagement.Service.EmployeeServiceImpl.addNewEmployee(EmployeeServiceImpl.java:18)
	at com.EmployeeManagement.Service.EmployeeServiceImpl.addNewEmployee(EmployeeServiceImpl.java:18)
	at com.EmployeeManagement.Service.EmployeeServiceImpl.addNewEmployee(EmployeeServiceImpl.java:18)
	at com.EmployeeManagement.Service.EmployeeServiceImpl.addNewEmployee(EmployeeServiceImpl.java:18)
	at com.EmployeeManagement.Service.EmployeeServiceImpl.addNewEmployee(EmployeeServiceImpl.java:18)
	at com.EmployeeManagement.Service.EmployeeServiceImpl.addNewEmployee(EmployeeServiceImpl.java:18)
	at com.EmployeeManagement.Service.EmployeeServiceImpl.addNewEmployee(EmployeeServiceImpl.java:18)
	at com.EmployeeManagement.Service.EmployeeServiceImpl.addNewEmployee(EmployeeServiceImpl.java:18)
	at com.EmployeeManagement.Service.EmployeeServiceImpl.addNewEmployee(EmployeeServiceImpl.java:18)
	at com.EmployeeManagement.Service.EmployeeServiceImpl.addNewEmployee(EmployeeServiceImpl.java:18)
	at com.EmployeeManagement.Service.EmployeeServiceImpl.addNewEmployee(EmployeeServiceImpl.java:18)
	at com.EmployeeManagement.Service.EmployeeServiceImpl.addNewEmployee(EmployeeServiceImpl.java:18)
	at com.EmployeeManagement.Service.EmployeeServiceImpl.addNewEmployee(EmployeeServiceImpl.java:18)
	at com.EmployeeManagement.Service.EmployeeServiceImpl.addNewEmployee(EmployeeServiceImpl.java:18)
	at com.EmployeeManagement.Service.EmployeeServiceImpl.addNewEmployee(EmployeeServiceImpl.java:18)
	at com.EmployeeManagement.Service.EmployeeServiceImpl.addNewEmployee(EmployeeServiceImpl.java:18)
	at com.EmployeeManagement.Service.EmployeeServiceImpl.addNewEmployee(EmployeeServiceImpl.java:18)
	at com.EmployeeManagement.Service.EmployeeServiceImpl.addNewEmployee(EmployeeServiceImpl.java:18)
	at com.EmployeeManagement.Service.EmployeeServiceImpl.addNewEmployee(EmployeeServiceImpl.java:18)
	at com.EmployeeManagement.Service.EmployeeServiceImpl.addNewEmployee(EmployeeServiceImpl.java:18)
	at com.EmployeeManagement.Service.EmployeeServiceImpl.addNewEmployee(EmployeeServiceImpl.java:18)
	at com.EmployeeManagement.Service.EmployeeServiceImpl.addNewEmployee(EmployeeServiceImpl.java:18)
	at com.EmployeeManagement.Service.EmployeeServiceImpl.addNewEmployee(EmployeeServiceImpl.java:18)
	at com.EmployeeManagement.Service.EmployeeServiceImpl.addNewEmployee(EmployeeServiceImpl.java:18)
	at com.EmployeeManagement.Service.EmployeeServiceImpl.addNewEmployee(EmployeeServiceImpl.java:18)
	at com.EmployeeManagement.Service.EmployeeServiceImpl.addNewEmployee(EmployeeServiceImpl.java:18)
	at com.EmployeeManagement.Service.EmployeeServiceImpl.addNewEmployee(EmployeeServiceImpl.java:18)
	at com.EmployeeManagement.Service.EmployeeServiceImpl.addNewEmployee(EmployeeServiceImpl.java:18)
	at com.EmployeeManagement.Service.EmployeeServiceImpl.addNewEmployee(EmployeeServiceImpl.java:18)
	at com.EmployeeManagement.Service.EmployeeServiceImpl.addNewEmployee(EmployeeServiceImpl.java:18)
	at com.EmployeeManagement.Service.EmployeeServiceImpl.addNewEmployee(EmployeeServiceImpl.java:18)
	at com.EmployeeManagement.Service.EmployeeServiceImpl.addNewEmployee(EmployeeServiceImpl.java:18)
	at com.EmployeeManagement.Service.EmployeeServiceImpl.addNewEmployee(EmployeeServiceImpl.java:18)
	at com.EmployeeManagement.Service.EmployeeServiceImpl.addNewEmployee(EmployeeServiceImpl.java:18)
	at com.EmployeeManagement.Service.EmployeeServiceImpl.addNewEmployee(EmployeeServiceImpl.java:18)
	at com.EmployeeManagement.Service.EmployeeServiceImpl.addNewEmployee(EmployeeServiceImpl.java:18)
	at com.EmployeeManagement.Service.EmployeeServiceImpl.addNewEmployee(EmployeeServiceImpl.java:18)
	at com.EmployeeManagement.Service.EmployeeServiceImpl.addNewEmployee(EmployeeServiceImpl.java:18)
	at com.EmployeeManagement.Service.EmployeeServiceImpl.addNewEmployee(EmployeeServiceImpl.java:18)
	at com.EmployeeManagement.Service.EmployeeServiceImpl.addNewEmployee(EmployeeServiceImpl.java:18)
	at com.EmployeeManagement.Service.EmployeeServiceImpl.addNewEmployee(EmployeeServiceImpl.java:18)
	at com.EmployeeManagement.Service.EmployeeServiceImpl.addNewEmployee(EmployeeServiceImpl.java:18)
	at com.EmployeeManagement.Service.EmployeeServiceImpl.addNewEmployee(EmployeeServiceImpl.java:18)
	at com.EmployeeManagement.Service.EmployeeServiceImpl.addNewEmployee(EmployeeServiceImpl.java:18)
	at com.EmployeeManagement.Service.EmployeeServiceImpl.addNewEmployee(EmployeeServiceImpl.java:18)
	at com.EmployeeManagement.Service.EmployeeServiceImpl.addNewEmployee(EmployeeServiceImpl.java:18)
	at com.EmployeeManagement.Service.EmployeeServiceImpl.addNewEmployee(EmployeeServiceImpl.java:18)
	at com.EmployeeManagement.Service.EmployeeServiceImpl.addNewEmployee(EmployeeServiceImpl.java:18)
	at com.EmployeeManagement.Service.EmployeeServiceImpl.addNewEmployee(EmployeeServiceImpl.java:18)
	at com.EmployeeManagement.Service.EmployeeServiceImpl.addNewEmployee(EmployeeServiceImpl.java:18)
	at com.EmployeeManagement.Service.EmployeeServiceImpl.addNewEmployee(EmployeeServiceImpl.java:18)
	at com.EmployeeManagement.Service.EmployeeServiceImpl.addNewEmployee(EmployeeServiceImpl.java:18)
	at com.EmployeeManagement.Service.EmployeeServiceImpl.addNewEmployee(EmployeeServiceImpl.java:18)
	at com.EmployeeManagement.Service.EmployeeServiceImpl.addNewEmployee(EmployeeServiceImpl.java:18)
	at com.EmployeeManagement.Service.EmployeeServiceImpl.addNewEmployee(EmployeeServiceImpl.java:18)
	at com.EmployeeManagement.Service.EmployeeServiceImpl.addNewEmployee(EmployeeServiceImpl.java:18)
	at com.EmployeeManagement.Service.EmployeeServiceImpl.addNewEmployee(EmployeeServiceImpl.java:18)
	at com.EmployeeManagement.Service.EmployeeServiceImpl.addNewEmployee(EmployeeServiceImpl.java:18)
	at com.EmployeeManagement.Service.EmployeeServiceImpl.addNewEmployee(EmployeeServiceImpl.java:18)
	at com.EmployeeManagement.Service.EmployeeServiceImpl.addNewEmployee(EmployeeServiceImpl.java:18)
	at com.EmployeeManagement.Service.EmployeeServiceImpl.addNewEmployee(EmployeeServiceImpl.java:18)
	at com.EmployeeManagement.Service.EmployeeServiceImpl.addNewEmployee(EmployeeServiceImpl.java:18)
	at com.EmployeeManagement.Service.EmployeeServiceImpl.addNewEmployee(EmployeeServiceImpl.java:18)
	at com.EmployeeManagement.Service.EmployeeServiceImpl.addNewEmployee(EmployeeServiceImpl.java:18)
	at com.EmployeeManagement.Service.EmployeeServiceImpl.addNewEmployee(EmployeeServiceImpl.java:18)
	at com.EmployeeManagement.Service.EmployeeServiceImpl.addNewEmployee(EmployeeServiceImpl.java:18)
	at com.EmployeeManagement.Service.EmployeeServiceImpl.addNewEmployee(EmployeeServiceImpl.java:18)
	at com.EmployeeManagement.Service.EmployeeServiceImpl.addNewEmployee(EmployeeServiceImpl.java:18)
	at com.EmployeeManagement.Service.EmployeeServiceImpl.addNewEmployee(EmployeeServiceImpl.java:18)
	at com.EmployeeManagement.Service.EmployeeServiceImpl.addNewEmployee(EmployeeServiceImpl.java:18)
	at com.EmployeeManagement.Service.EmployeeServiceImpl.addNewEmployee(EmployeeServiceImpl.java:18)
	at com.EmployeeManagement.Service.EmployeeServiceImpl.addNewEmployee(EmployeeServiceImpl.java:18)
	at com.EmployeeManagement.Service.EmployeeServiceImpl.addNewEmployee(EmployeeServiceImpl.java:18)
	at com.EmployeeManagement.Service.EmployeeServiceImpl.addNewEmployee(EmployeeServiceImpl.java:18)
	at com.EmployeeManagement.Service.EmployeeServiceImpl.addNewEmployee(EmployeeServiceImpl.java:18)
	at com.EmployeeManagement.Service.EmployeeServiceImpl.addNewEmployee(EmployeeServiceImpl.java:18)
	at com.EmployeeManagement.Service.EmployeeServiceImpl.addNewEmployee(EmployeeServiceImpl.java:18)
	at com.EmployeeManagement.Service.EmployeeServiceImpl.addNewEmployee(EmployeeServiceImpl.java:18)
	at com.EmployeeManagement.Service.EmployeeServiceImpl.addNewEmployee(EmployeeServiceImpl.java:18)
	at com.EmployeeManagement.Service.EmployeeServiceImpl.addNewEmployee(EmployeeServiceImpl.java:18)
	at com.EmployeeManagement.Service.EmployeeServiceImpl.addNewEmployee(EmployeeServiceImpl.java:18)
	at com.EmployeeManagement.Service.EmployeeServiceImpl.addNewEmployee(EmployeeServiceImpl.java:18)
	at com.EmployeeManagement.Service.EmployeeServiceImpl.addNewEmployee(EmployeeServiceImpl.java:18)
	at com.EmployeeManagement.Service.EmployeeServiceImpl.addNewEmployee(EmployeeServiceImpl.java:18)
	at com.EmployeeManagement.Service.EmployeeServiceImpl.addNewEmployee(EmployeeServiceImpl.java:18)
	at com.EmployeeManagement.Service.EmployeeServiceImpl.addNewEmployee(EmployeeServiceImpl.java:18)
	at com.EmployeeManagement.Service.EmployeeServiceImpl.addNewEmployee(EmployeeServiceImpl.java:18)
	at com.EmployeeManagement.Service.EmployeeServiceImpl.addNewEmployee(EmployeeServiceImpl.java:18)
	at com.EmployeeManagement.Service.EmployeeServiceImpl.addNewEmployee(EmployeeServiceImpl.java:18)
	at com.EmployeeManagement.Service.EmployeeServiceImpl.addNewEmployee(EmployeeServiceImpl.java:18)
	at com.EmployeeManagement.Service.EmployeeServiceImpl.addNewEmployee(EmployeeServiceImpl.java:18)
	at com.EmployeeManagement.Service.EmployeeServiceImpl.addNewEmployee(EmployeeServiceImpl.java:18)
	at com.EmployeeManagement.Service.EmployeeServiceImpl.addNewEmployee(EmployeeServiceImpl.java:18)
	at com.EmployeeManagement.Service.EmployeeServiceImpl.addNewEmployee(EmployeeServiceImpl.java:18)
	at com.EmployeeManagement.Service.EmployeeServiceImpl.addNewEmployee(EmployeeServiceImpl.java:18)
	at com.EmployeeManagement.Service.EmployeeServiceImpl.addNewEmployee(EmployeeServiceImpl.java:18)
	at com.EmployeeManagement.Service.EmployeeServiceImpl.addNewEmployee(EmployeeServiceImpl.java:18)
	at com.EmployeeManagement.Service.EmployeeServiceImpl.addNewEmployee(EmployeeServiceImpl.java:18)
	at com.EmployeeManagement.Service.EmployeeServiceImpl.addNewEmployee(EmployeeServiceImpl.java:18)
	at com.EmployeeManagement.Service.EmployeeServiceImpl.addNewEmployee(EmployeeServiceImpl.java:18)
	at com.EmployeeManagement.Service.EmployeeServiceImpl.addNewEmployee(EmployeeServiceImpl.java:18)
	at com.EmployeeManagement.Service.EmployeeServiceImpl.addNewEmployee(EmployeeServiceImpl.java:18)
	at com.EmployeeManagement.Service.EmployeeServiceImpl.addNewEmployee(EmployeeServiceImpl.java:18)
	at com.EmployeeManagement.Service.EmployeeServiceImpl.addNewEmployee(EmployeeServiceImpl.java:18)
	at com.EmployeeManagement.Service.EmployeeServiceImpl.addNewEmployee(EmployeeServiceImpl.java:18)
	at com.EmployeeManagement.Service.EmployeeServiceImpl.addNewEmployee(EmployeeServiceImpl.java:18)
	at com.EmployeeManagement.Service.EmployeeServiceImpl.addNewEmployee(EmployeeServiceImpl.java:18)
	at com.EmployeeManagement.Service.EmployeeServiceImpl.addNewEmployee(EmployeeServiceImpl.java:18)
	at com.EmployeeManagement.Service.EmployeeServiceImpl.addNewEmployee(EmployeeServiceImpl.java:18)
	at com.EmployeeManagement.Service.EmployeeServiceImpl.addNewEmployee(EmployeeServiceImpl.java:18)
	at com.EmployeeManagement.Service.EmployeeServiceImpl.addNewEmployee(EmployeeServiceImpl.java:18)
	at com.EmployeeManagement.Service.EmployeeServiceImpl.addNewEmployee(EmployeeServiceImpl.java:18)
	at com.EmployeeManagement.Service.EmployeeServiceImpl.addNewEmployee(EmployeeServiceImpl.java:18)
	at com.EmployeeManagement.Service.EmployeeServiceImpl.addNewEmployee(EmployeeServiceImpl.java:18)
	at com.EmployeeManagement.Service.EmployeeServiceImpl.addNewEmployee(EmployeeServiceImpl.java:18)
	at com.EmployeeManagement.Service.EmployeeServiceImpl.addNewEmployee(EmployeeServiceImpl.java:18)
	at com.EmployeeManagement.Service.EmployeeServiceImpl.addNewEmployee(EmployeeServiceImpl.java:18)
	at com.EmployeeManagement.Service.EmployeeServiceImpl.addNewEmployee(EmployeeServiceImpl.java:18)
	at com.EmployeeManagement.Service.EmployeeServiceImpl.addNewEmployee(EmployeeServiceImpl.java:18)
	at com.EmployeeManagement.Service.EmployeeServiceImpl.addNewEmployee(EmployeeServiceImpl.java:18)
	at com.EmployeeManagement.Service.EmployeeServiceImpl.addNewEmployee(EmployeeServiceImpl.java:18)
	at com.EmployeeManagement.Service.EmployeeServiceImpl.addNewEmployee(EmployeeServiceImpl.java:18)
	at com.EmployeeManagement.Service.EmployeeServiceImpl.addNewEmployee(EmployeeServiceImpl.java:18)
	at com.EmployeeManagement.Service.EmployeeServiceImpl.addNewEmployee(EmployeeServiceImpl.java:18)
	at com.EmployeeManagement.Service.EmployeeServiceImpl.addNewEmployee(EmployeeServiceImpl.java:18)
	at com.EmployeeManagement.Service.EmployeeServiceImpl.addNewEmployee(EmployeeServiceImpl.java:18)
	at com.EmployeeManagement.Service.EmployeeServiceImpl.addNewEmployee(EmployeeServiceImpl.java:18)
	at com.EmployeeManagement.Service.EmployeeServiceImpl.addNewEmployee(EmployeeServiceImpl.java:18)
	at com.EmployeeManagement.Service.EmployeeServiceImpl.addNewEmployee(EmployeeServiceImpl.java:18)
	at com.EmployeeManagement.Service.EmployeeServiceImpl.addNewEmployee(EmployeeServiceImpl.java:18)
	at com.EmployeeManagement.Service.EmployeeServiceImpl.addNewEmployee(EmployeeServiceImpl.java:18)
	at com.EmployeeManagement.Service.EmployeeServiceImpl.addNewEmployee(EmployeeServiceImpl.java:18)
	at com.EmployeeManagement.Service.EmployeeServiceImpl.addNewEmployee(EmployeeServiceImpl.java:18)
	at com.EmployeeManagement.Service.EmployeeServiceImpl.addNewEmployee(EmployeeServiceImpl.java:18)
	at com.EmployeeManagement.Service.EmployeeServiceImpl.addNewEmployee(EmployeeServiceImpl.java:18)
	at com.EmployeeManagement.Service.EmployeeServiceImpl.addNewEmployee(EmployeeServiceImpl.java:18)
	at com.EmployeeManagement.Service.EmployeeServiceImpl.addNewEmployee(EmployeeServiceImpl.java:18)
	at com.EmployeeManagement.Service.EmployeeServiceImpl.addNewEmployee(EmployeeServiceImpl.java:18)
	at com.EmployeeManagement.Service.EmployeeServiceImpl.addNewEmployee(EmployeeServiceImpl.java:18)
	at com.EmployeeManagement.Service.EmployeeServiceImpl.addNewEmployee(EmployeeServiceImpl.java:18)
	at com.EmployeeManagement.Service.EmployeeServiceImpl.addNewEmployee(EmployeeServiceImpl.java:18)
	at com.EmployeeManagement.Service.EmployeeServiceImpl.addNewEmployee(EmployeeServiceImpl.java:18)
	at com.EmployeeManagement.Service.EmployeeServiceImpl.addNewEmployee(EmployeeServiceImpl.java:18)
	at com.EmployeeManagement.Service.EmployeeServiceImpl.addNewEmployee(EmployeeServiceImpl.java:18)
	at com.EmployeeManagement.Service.EmployeeServiceImpl.addNewEmployee(EmployeeServiceImpl.java:18)
	at com.EmployeeManagement.Service.EmployeeServiceImpl.addNewEmployee(EmployeeServiceImpl.java:18)
	at com.EmployeeManagement.Service.EmployeeServiceImpl.addNewEmployee(EmployeeServiceImpl.java:18)
	at com.EmployeeManagement.Service.EmployeeServiceImpl.addNewEmployee(EmployeeServiceImpl.java:18)
	at com.EmployeeManagement.Service.EmployeeServiceImpl.addNewEmployee(EmployeeServiceImpl.java:18)
	at com.EmployeeManagement.Service.EmployeeServiceImpl.addNewEmployee(EmployeeServiceImpl.java:18)
	at com.EmployeeManagement.Service.EmployeeServiceImpl.addNewEmployee(EmployeeServiceImpl.java:18)
	at com.EmployeeManagement.Service.EmployeeServiceImpl.addNewEmployee(EmployeeServiceImpl.java:18)
	at com.EmployeeManagement.Service.EmployeeServiceImpl.addNewEmployee(EmployeeServiceImpl.java:18)
	at com.EmployeeManagement.Service.EmployeeServiceImpl.addNewEmployee(EmployeeServiceImpl.java:18)
	at com.EmployeeManagement.Service.EmployeeServiceImpl.addNewEmployee(EmployeeServiceImpl.java:18)
	at com.EmployeeManagement.Service.EmployeeServiceImpl.addNewEmployee(EmployeeServiceImpl.java:18)
	at com.EmployeeManagement.Service.EmployeeServiceImpl.addNewEmployee(EmployeeServiceImpl.java:18)
	at com.EmployeeManagement.Service.EmployeeServiceImpl.addNewEmployee(EmployeeServiceImpl.java:18)
	at com.EmployeeManagement.Service.EmployeeServiceImpl.addNewEmployee(EmployeeServiceImpl.java:18)
	at com.EmployeeManagement.Service.EmployeeServiceImpl.addNewEmployee(EmployeeServiceImpl.java:18)
	at com.EmployeeManagement.Service.EmployeeServiceImpl.addNewEmployee(EmployeeServiceImpl.java:18)
	at com.EmployeeManagement.Service.EmployeeServiceImpl.addNewEmployee(EmployeeServiceImpl.java:18)
	at com.EmployeeManagement.Service.EmployeeServiceImpl.addNewEmployee(EmployeeServiceImpl.java:18)
	at com.EmployeeManagement.Service.EmployeeServiceImpl.addNewEmployee(EmployeeServiceImpl.java:18)
	at com.EmployeeManagement.Service.EmployeeServiceImpl.addNewEmployee(EmployeeServiceImpl.java:18)
	at com.EmployeeManagement.Service.EmployeeServiceImpl.addNewEmployee(EmployeeServiceImpl.java:18)
	at com.EmployeeManagement.Service.EmployeeServiceImpl.addNewEmployee(EmployeeServiceImpl.java:18)
	at com.EmployeeManagement.Service.EmployeeServiceImpl.addNewEmployee(EmployeeServiceImpl.java:18)
	at com.EmployeeManagement.Service.EmployeeServiceImpl.addNewEmployee(EmployeeServiceImpl.java:18)
	at com.EmployeeManagement.Service.EmployeeServiceImpl.addNewEmployee(EmployeeServiceImpl.java:18)
	at com.EmployeeManagement.Service.EmployeeServiceImpl.addNewEmployee(EmployeeServiceImpl.java:18)
	at com.EmployeeManagement.Service.EmployeeServiceImpl.addNewEmployee(EmployeeServiceImpl.java:18)
	at com.EmployeeManagement.Service.EmployeeServiceImpl.addNewEmployee(EmployeeServiceImpl.java:18)
	at com.EmployeeManagement.Service.EmployeeServiceImpl.addNewEmployee(EmployeeServiceImpl.java:18)
	at com.EmployeeManagement.Service.EmployeeServiceImpl.addNewEmployee(EmployeeServiceImpl.java:18)
	at com.EmployeeManagement.Service.EmployeeServiceImpl.addNewEmployee(EmployeeServiceImpl.java:18)
	at com.EmployeeManagement.Service.EmployeeServiceImpl.addNewEmployee(EmployeeServiceImpl.java:18)
	at com.EmployeeManagement.Service.EmployeeServiceImpl.addNewEmployee(EmployeeServiceImpl.java:18)
	at com.EmployeeManagement.Service.EmployeeServiceImpl.addNewEmployee(EmployeeServiceImpl.java:18)
	at com.EmployeeManagement.Service.EmployeeServiceImpl.addNewEmployee(EmployeeServiceImpl.java:18)
	at com.EmployeeManagement.Service.EmployeeServiceImpl.addNewEmployee(EmployeeServiceImpl.java:18)
	at com.EmployeeManagement.Service.EmployeeServiceImpl.addNewEmployee(EmployeeServiceImpl.java:18)
	at com.EmployeeManagement.Service.EmployeeServiceImpl.addNewEmployee(EmployeeServiceImpl.java:18)
	at com.EmployeeManagement.Service.EmployeeServiceImpl.addNewEmployee(EmployeeServiceImpl.java:18)
	at com.EmployeeManagement.Service.EmployeeServiceImpl.addNewEmployee(EmployeeServiceImpl.java:18)
	at com.EmployeeManagement.Service.EmployeeServiceImpl.addNewEmployee(EmployeeServiceImpl.java:18)
	at com.EmployeeManagement.Service.EmployeeServiceImpl.addNewEmployee(EmployeeServiceImpl.java:18)
	at com.EmployeeManagement.Service.EmployeeServiceImpl.addNewEmployee(EmployeeServiceImpl.java:18)
	at com.EmployeeManagement.Service.EmployeeServiceImpl.addNewEmployee(EmployeeServiceImpl.java:18)
	at com.EmployeeManagement.Service.EmployeeServiceImpl.addNewEmployee(EmployeeServiceImpl.java:18)
	at com.EmployeeManagement.Service.EmployeeServiceImpl.addNewEmployee(EmployeeServiceImpl.java:18)
	at com.EmployeeManagement.Service.EmployeeServiceImpl.addNewEmployee(EmployeeServiceImpl.java:18)
	at com.EmployeeManagement.Service.EmployeeServiceImpl.addNewEmployee(EmployeeServiceImpl.java:18)
	at com.EmployeeManagement.Service.EmployeeServiceImpl.addNewEmployee(EmployeeServiceImpl.java:18)
	at com.EmployeeManagement.Service.EmployeeServiceImpl.addNewEmployee(EmployeeServiceImpl.java:18)
	at com.EmployeeManagement.Service.EmployeeServiceImpl.addNewEmployee(EmployeeServiceImpl.java:18)
	at com.EmployeeManagement.Service.EmployeeServiceImpl.addNewEmployee(EmployeeServiceImpl.java:18)
	at com.EmployeeManagement.Service.EmployeeServiceImpl.addNewEmployee(EmployeeServiceImpl.java:18)
	at com.EmployeeManagement.Service.EmployeeServiceImpl.addNewEmployee(EmployeeServiceImpl.java:18)
	at com.EmployeeManagement.Service.EmployeeServiceImpl.addNewEmployee(EmployeeServiceImpl.java:18)
	at com.EmployeeManagement.Service.EmployeeServiceImpl.addNewEmployee(EmployeeServiceImpl.java:18)
	at com.EmployeeManagement.Service.EmployeeServiceImpl.addNewEmployee(EmployeeServiceImpl.java:18)
	at com.EmployeeManagement.Service.EmployeeServiceImpl.addNewEmployee(EmployeeServiceImpl.java:18)
	at com.EmployeeManagement.Service.EmployeeServiceImpl.addNewEmployee(EmployeeServiceImpl.java:18)
	at com.EmployeeManagement.Service.EmployeeServiceImpl.addNewEmployee(EmployeeServiceImpl.java:18)
	at com.EmployeeManagement.Service.EmployeeServiceImpl.addNewEmployee(EmployeeServiceImpl.java:18)
	at com.EmployeeManagement.Service.EmployeeServiceImpl.addNewEmployee(EmployeeServiceImpl.java:18)
	at com.EmployeeManagement.Service.EmployeeServiceImpl.addNewEmployee(EmployeeServiceImpl.java:18)
	at com.EmployeeManagement.Service.EmployeeServiceImpl.addNewEmployee(EmployeeServiceImpl.java:18)
	at com.EmployeeManagement.Service.EmployeeServiceImpl.addNewEmployee(EmployeeServiceImpl.java:18)
	at com.EmployeeManagement.Service.EmployeeServiceImpl.addNewEmployee(EmployeeServiceImpl.java:18)
	at com.EmployeeManagement.Service.EmployeeServiceImpl.addNewEmployee(EmployeeServiceImpl.java:18)
	at com.EmployeeManagement.Service.EmployeeServiceImpl.addNewEmployee(EmployeeServiceImpl.java:18)
	at com.EmployeeManagement.Service.EmployeeServiceImpl.addNewEmployee(EmployeeServiceImpl.java:18)
	at com.EmployeeManagement.Service.EmployeeServiceImpl.addNewEmployee(EmployeeServiceImpl.java:18)
	at com.EmployeeManagement.Service.EmployeeServiceImpl.addNewEmployee(EmployeeServiceImpl.java:18)
	at com.EmployeeManagement.Service.EmployeeServiceImpl.addNewEmployee(EmployeeServiceImpl.java:18)
	at com.EmployeeManagement.Service.EmployeeServiceImpl.addNewEmployee(EmployeeServiceImpl.java:18)
	at com.EmployeeManagement.Service.EmployeeServiceImpl.addNewEmployee(EmployeeServiceImpl.java:18)
	at com.EmployeeManagement.Service.EmployeeServiceImpl.addNewEmployee(EmployeeServiceImpl.java:18)
[...]
	at com.EmployeeManagement.Service.EmployeeServiceImpl.addNewEmployee(EmployeeServiceImpl.java:18) ~[classes/:na]
	at com.EmployeeManagement.Service.EmployeeServiceImpl.addNewEmployee(EmployeeServiceImpl.java:18) ~[classes/:na]
	at com.EmployeeManagement.Service.EmployeeServiceImpl.addNewEmployee(EmployeeServiceImpl.java:18) ~[classes/:na]
	at com.EmployeeManagement.Service.EmployeeServiceImpl.addNewEmployee(EmployeeServiceImpl.java:18) ~[classes/:na]
	at com.EmployeeManagement.Service.EmployeeServiceImpl.addNewEmployee(EmployeeServiceImpl.java:18) ~[classes/:na]
	at com.EmployeeManagement.Service.EmployeeServiceImpl.addNewEmployee(EmployeeServiceImpl.java:18) ~[classes/:na]
	at com.EmployeeManagement.Service.EmployeeServiceImpl.addNewEmployee(EmployeeServiceImpl.java:18) ~[classes/:na]
	at com.EmployeeManagement.Service.EmployeeServiceImpl.addNewEmployee(EmployeeServiceImpl.java:18) ~[classes/:na]
	at com.EmployeeManagement.Service.EmployeeServiceImpl.addNewEmployee(EmployeeServiceImpl.java:18) ~[classes/:na]
	at com.EmployeeManagement.Service.EmployeeServiceImpl.addNewEmployee(EmployeeServiceImpl.java:18) ~[classes/:na]
	at com.EmployeeManagement.Service.EmployeeServiceImpl.addNewEmployee(EmployeeServiceImpl.java:18) ~[classes/:na]
	at com.EmployeeManagement.Service.EmployeeServiceImpl.addNewEmployee(EmployeeServiceImpl.java:18) ~[classes/:na]
	at com.EmployeeManagement.Service.EmployeeServiceImpl.addNewEmployee(EmployeeServiceImpl.java:18) ~[classes/:na]
	at com.EmployeeManagement.Service.EmployeeServiceImpl.addNewEmployee(EmployeeServiceImpl.java:18) ~[classes/:na]
	at com.EmployeeManagement.Service.EmployeeServiceImpl.addNewEmployee(EmployeeServiceImpl.java:18) ~[classes/:na]
	at com.EmployeeManagement.Service.EmployeeServiceImpl.addNewEmployee(EmployeeServiceImpl.java:18) ~[classes/:na]
	at com.EmployeeManagement.Service.EmployeeServiceImpl.addNewEmployee(EmployeeServiceImpl.java:18) ~[classes/:na]
	at com.EmployeeManagement.Service.EmployeeServiceImpl.addNewEmployee(EmployeeServiceImpl.java:18) ~[classes/:na]
	at com.EmployeeManagement.Service.EmployeeServiceImpl.addNewEmployee(EmployeeServiceImpl.java:18) ~[classes/:na]
	at com.EmployeeManagement.Service.EmployeeServiceImpl.addNewEmployee(EmployeeServiceImpl.java:18) ~[classes/:na]
	at com.EmployeeManagement.Service.EmployeeServiceImpl.addNewEmployee(EmployeeServiceImpl.java:18) ~[classes/:na]
	at com.EmployeeManagement.Service.EmployeeServiceImpl.addNewEmployee(EmployeeServiceImpl.java:18) ~[classes/:na]
	at com.EmployeeManagement.Service.EmployeeServiceImpl.addNewEmployee(EmployeeServiceImpl.java:18) ~[classes/:na]
	at com.EmployeeManagement.Service.EmployeeServiceImpl.addNewEmployee(EmployeeServiceImpl.java:18) ~[classes/:na]
	at com.EmployeeManagement.Service.EmployeeServiceImpl.addNewEmployee(EmployeeServiceImpl.java:18) ~[classes/:na]
	at com.EmployeeManagement.Service.EmployeeServiceImpl.addNewEmployee(EmployeeServiceImpl.java:18) ~[classes/:na]
	at com.EmployeeManagement.Service.EmployeeServiceImpl.addNewEmployee(EmployeeServiceImpl.java:18) ~[classes/:na]
	at com.EmployeeManagement.Service.EmployeeServiceImpl.addNewEmployee(EmployeeServiceImpl.java:18) ~[classes/:na]
	at com.EmployeeManagement.Service.EmployeeServiceImpl.addNewEmployee(EmployeeServiceImpl.java:18) ~[classes/:na]
	at com.EmployeeManagement.Service.EmployeeServiceImpl.addNewEmployee(EmployeeServiceImpl.java:18) ~[classes/:na]
	at com.EmployeeManagement.Service.EmployeeServiceImpl.addNewEmployee(EmployeeServiceImpl.java:18) ~[classes/:na]
	at com.EmployeeManagement.Service.EmployeeServiceImpl.addNewEmployee(EmployeeServiceImpl.java:18) ~[classes/:na]
	at com.EmployeeManagement.Service.EmployeeServiceImpl.addNewEmployee(EmployeeServiceImpl.java:18) ~[classes/:na]
	at com.EmployeeManagement.Service.EmployeeServiceImpl.addNewEmployee(EmployeeServiceImpl.java:18) ~[classes/:na]
	at com.EmployeeManagement.Service.EmployeeServiceImpl.addNewEmployee(EmployeeServiceImpl.java:18) ~[classes/:na]
	at com.EmployeeManagement.Service.EmployeeServiceImpl.addNewEmployee(EmployeeServiceImpl.java:18) ~[classes/:na]
	at com.EmployeeManagement.Service.EmployeeServiceImpl.addNewEmployee(EmployeeServiceImpl.java:18) ~[classes/:na]
	at com.EmployeeManagement.Service.EmployeeServiceImpl.addNewEmployee(EmployeeServiceImpl.java:18) ~[classes/:na]
	at com.EmployeeManagement.Service.EmployeeServiceImpl.addNewEmployee(EmployeeServiceImpl.java:18) ~[classes/:na]
	at com.EmployeeManagement.Service.EmployeeServiceImpl.addNewEmployee(EmployeeServiceImpl.java:18) ~[classes/:na]
	at com.EmployeeManagement.Service.EmployeeServiceImpl.addNewEmployee(EmployeeServiceImpl.java:18) ~[classes/:na]
	at com.EmployeeManagement.Service.EmployeeServiceImpl.addNewEmployee(EmployeeServiceImpl.java:18) ~[classes/:na]
	at com.EmployeeManagement.Service.EmployeeServiceImpl.addNewEmployee(EmployeeServiceImpl.java:18) ~[classes/:na]
	at com.EmployeeManagement.Service.EmployeeServiceImpl.addNewEmployee(EmployeeServiceImpl.java:18) ~[classes/:na]
	at com.EmployeeManagement.Service.EmployeeServiceImpl.addNewEmployee(EmployeeServiceImpl.java:18) ~[classes/:na]
	at com.EmployeeManagement.Service.EmployeeServiceImpl.addNewEmployee(EmployeeServiceImpl.java:18) ~[classes/:na]
	at com.EmployeeManagement.Service.EmployeeServiceImpl.addNewEmployee(EmployeeServiceImpl.java:18) ~[classes/:na]
	at com.EmployeeManagement.Service.EmployeeServiceImpl.addNewEmployee(EmployeeServiceImpl.java:18) ~[classes/:na]
	at com.EmployeeManagement.Service.EmployeeServiceImpl.addNewEmployee(EmployeeServiceImpl.java:18) ~[classes/:na]
	at com.EmployeeManagement.Service.EmployeeServiceImpl.addNewEmployee(EmployeeServiceImpl.java:18) ~[classes/:na]
	at com.EmployeeManagement.Service.EmployeeServiceImpl.addNewEmployee(EmployeeServiceImpl.java:18) ~[classes/:na]
	at com.EmployeeManagement.Service.EmployeeServiceImpl.addNewEmployee(EmployeeServiceImpl.java:18) ~[classes/:na]
	at com.EmployeeManagement.Service.EmployeeServiceImpl.addNewEmployee(EmployeeServiceImpl.java:18) ~[classes/:na]
	at com.EmployeeManagement.Service.EmployeeServiceImpl.addNewEmployee(EmployeeServiceImpl.java:18) ~[classes/:na]
	at com.EmployeeManagement.Service.EmployeeServiceImpl.addNewEmployee(EmployeeServiceImpl.java:18) ~[classes/:na]
	at com.EmployeeManagement.Service.EmployeeServiceImpl.addNewEmployee(EmployeeServiceImpl.java:18) ~[classes/:na]
	at com.EmployeeManagement.Service.EmployeeServiceImpl.addNewEmployee(EmployeeServiceImpl.java:18) ~[classes/:na]
	at com.EmployeeManagement.Service.EmployeeServiceImpl.addNewEmployee(EmployeeServiceImpl.java:18) ~[classes/:na]
	at com.EmployeeManagement.Service.EmployeeServiceImpl.addNewEmployee(EmployeeServiceImpl.java:18) ~[classes/:na]
	at com.EmployeeManagement.Service.EmployeeServiceImpl.addNewEmployee(EmployeeServiceImpl.java:18) ~[classes/:na]
	at com.EmployeeManagement.Service.EmployeeServiceImpl.addNewEmployee(EmployeeServiceImpl.java:18) ~[classes/:na]
	at com.EmployeeManagement.Service.EmployeeServiceImpl.addNewEmployee(EmployeeServiceImpl.java:18) ~[classes/:na]
	at com.EmployeeManagement.Service.EmployeeServiceImpl.addNewEmployee(EmployeeServiceImpl.java:18) ~[classes/:na]
	at com.EmployeeManagement.Service.EmployeeServiceImpl.addNewEmployee(EmployeeServiceImpl.java:18) ~[classes/:na]
	at com.EmployeeManagement.Service.EmployeeServiceImpl.addNewEmployee(EmployeeServiceImpl.java:18) ~[classes/:na]
	at com.EmployeeManagement.Service.EmployeeServiceImpl.addNewEmployee(EmployeeServiceImpl.java:18) ~[classes/:na]
	at com.EmployeeManagement.Service.EmployeeServiceImpl.addNewEmployee(EmployeeServiceImpl.java:18) ~[classes/:na]
	at com.EmployeeManagement.Service.EmployeeServiceImpl.addNewEmployee(EmployeeServiceImpl.java:18) ~[classes/:na]
	at com.EmployeeManagement.Service.EmployeeServiceImpl.addNewEmployee(EmployeeServiceImpl.java:18) ~[classes/:na]
	at com.EmployeeManagement.Service.EmployeeServiceImpl.addNewEmployee(EmployeeServiceImpl.java:18) ~[classes/:na]
	at com.EmployeeManagement.Service.EmployeeServiceImpl.addNewEmployee(EmployeeServiceImpl.java:18) ~[classes/:na]
	at com.EmployeeManagement.Service.EmployeeServiceImpl.addNewEmployee(EmployeeServiceImpl.java:18) ~[classes/:na]
	at com.EmployeeManagement.Service.EmployeeServiceImpl.addNewEmployee(EmployeeServiceImpl.java:18) ~[classes/:na]
	at com.EmployeeManagement.Service.EmployeeServiceImpl.addNewEmployee(EmployeeServiceImpl.java:18) ~[classes/:na]
	at com.EmployeeManagement.Service.EmployeeServiceImpl.addNewEmployee(EmployeeServiceImpl.java:18) ~[classes/:na]
	at com.EmployeeManagement.Service.EmployeeServiceImpl.addNewEmployee(EmployeeServiceImpl.java:18) ~[classes/:na]
	at com.EmployeeManagement.Service.EmployeeServiceImpl.addNewEmployee(EmployeeServiceImpl.java:18) ~[classes/:na]
	at com.EmployeeManagement.Service.EmployeeServiceImpl.addNewEmployee(EmployeeServiceImpl.java:18) ~[classes/:na]
	at com.EmployeeManagement.Service.EmployeeServiceImpl.addNewEmployee(EmployeeServiceImpl.java:18) ~[classes/:na]
	at com.EmployeeManagement.Service.EmployeeServiceImpl.addNewEmployee(EmployeeServiceImpl.java:18) ~[classes/:na]
	at com.EmployeeManagement.Service.EmployeeServiceImpl.addNewEmployee(EmployeeServiceImpl.java:18) ~[classes/:na]
	at com.EmployeeManagement.Service.EmployeeServiceImpl.addNewEmployee(EmployeeServiceImpl.java:18) ~[classes/:na]
	at com.EmployeeManagement.Service.EmployeeServiceImpl.addNewEmployee(EmployeeServiceImpl.java:18) ~[classes/:na]
	at com.EmployeeManagement.Service.EmployeeServiceImpl.addNewEmployee(EmployeeServiceImpl.java:18) ~[classes/:na]
	at com.EmployeeManagement.Service.EmployeeServiceImpl.addNewEmployee(EmployeeServiceImpl.java:18) ~[classes/:na]
	at com.EmployeeManagement.Service.EmployeeServiceImpl.addNewEmployee(EmployeeServiceImpl.java:18) ~[classes/:na]
	at com.EmployeeManagement.Service.EmployeeServiceImpl.addNewEmployee(EmployeeServiceImpl.java:18) ~[classes/:na]
	at com.EmployeeManagement.Service.EmployeeServiceImpl.addNewEmployee(EmployeeServiceImpl.java:18) ~[classes/:na]
	at com.EmployeeManagement.Service.EmployeeServiceImpl.addNewEmployee(EmployeeServiceImpl.java:18) ~[classes/:na]
	at com.EmployeeManagement.Service.EmployeeServiceImpl.addNewEmployee(EmployeeServiceImpl.java:18) ~[classes/:na]
	at com.EmployeeManagement.Service.EmployeeServiceImpl.addNewEmployee(EmployeeServiceImpl.java:18) ~[classes/:na]
	at com.EmployeeManagement.Service.EmployeeServiceImpl.addNewEmployee(EmployeeServiceImpl.java:18) ~[classes/:na]
	at com.EmployeeManagement.Service.EmployeeServiceImpl.addNewEmployee(EmployeeServiceImpl.java:18) ~[classes/:na]
	at com.EmployeeManagement.Service.EmployeeServiceImpl.addNewEmployee(EmployeeServiceImpl.java:18) ~[classes/:na]
	at com.EmployeeManagement.Service.EmployeeServiceImpl.addNewEmployee(EmployeeServiceImpl.java:18) ~[classes/:na]
	at com.EmployeeManagement.Service.EmployeeServiceImpl.addNewEmployee(EmployeeServiceImpl.java:18) ~[classes/:na]
	at com.EmployeeManagement.Service.EmployeeServiceImpl.addNewEmployee(EmployeeServiceImpl.java:18) ~[classes/:na]
	at com.EmployeeManagement.Service.EmployeeServiceImpl.addNewEmployee(EmployeeServiceImpl.java:18) ~[classes/:na]
	at com.EmployeeManagement.Service.EmployeeServiceImpl.addNewEmployee(EmployeeServiceImpl.java:18) ~[classes/:na]
	at com.EmployeeManagement.Service.EmployeeServiceImpl.addNewEmployee(EmployeeServiceImpl.java:18) ~[classes/:na]
	at com.EmployeeManagement.Service.EmployeeServiceImpl.addNewEmployee(EmployeeServiceImpl.java:18) ~[classes/:na]
	at com.EmployeeManagement.Service.EmployeeServiceImpl.addNewEmployee(EmployeeServiceImpl.java:18) ~[classes/:na]
	at com.EmployeeManagement.Service.EmployeeServiceImpl.addNewEmployee(EmployeeServiceImpl.java:18) ~[classes/:na]
	at com.EmployeeManagement.Service.EmployeeServiceImpl.addNewEmployee(EmployeeServiceImpl.java:18) ~[classes/:na]
	at com.EmployeeManagement.Service.EmployeeServiceImpl.addNewEmployee(EmployeeServiceImpl.java:18) ~[classes/:na]
	at com.EmployeeManagement.Service.EmployeeServiceImpl.addNewEmployee(EmployeeServiceImpl.java:18) ~[classes/:na]
	at com.EmployeeManagement.Service.EmployeeServiceImpl.addNewEmployee(EmployeeServiceImpl.java:18) ~[classes/:na]
	at com.EmployeeManagement.Service.EmployeeServiceImpl.addNewEmployee(EmployeeServiceImpl.java:18) ~[classes/:na]
	at com.EmployeeManagement.Service.EmployeeServiceImpl.addNewEmployee(EmployeeServiceImpl.java:18) ~[classes/:na]
	at com.EmployeeManagement.Service.EmployeeServiceImpl.addNewEmployee(EmployeeServiceImpl.java:18) ~[classes/:na]
	at com.EmployeeManagement.Service.EmployeeServiceImpl.addNewEmployee(EmployeeServiceImpl.java:18) ~[classes/:na]
	at com.EmployeeManagement.Service.EmployeeServiceImpl.addNewEmployee(EmployeeServiceImpl.java:18) ~[classes/:na]
	at com.EmployeeManagement.Service.EmployeeServiceImpl.addNewEmployee(EmployeeServiceImpl.java:18) ~[classes/:na]
	at com.EmployeeManagement.Service.EmployeeServiceImpl.addNewEmployee(EmployeeServiceImpl.java:18) ~[classes/:na]
	at com.EmployeeManagement.Service.EmployeeServiceImpl.addNewEmployee(EmployeeServiceImpl.java:18) ~[classes/:na]
	at com.EmployeeManagement.Service.EmployeeServiceImpl.addNewEmployee(EmployeeServiceImpl.java:18) ~[classes/:na]
	at com.EmployeeManagement.Service.EmployeeServiceImpl.addNewEmployee(EmployeeServiceImpl.java:18) ~[classes/:na]
	at com.EmployeeManagement.Service.EmployeeServiceImpl.addNewEmployee(EmployeeServiceImpl.java:18) ~[classes/:na]
	at com.EmployeeManagement.Service.EmployeeServiceImpl.addNewEmployee(EmployeeServiceImpl.java:18) ~[classes/:na]
	at com.EmployeeManagement.Service.EmployeeServiceImpl.addNewEmployee(EmployeeServiceImpl.java:18) ~[classes/:na]
	at com.EmployeeManagement.Service.EmployeeServiceImpl.addNewEmployee(EmployeeServiceImpl.java:18) ~[classes/:na]
	at com.EmployeeManagement.Service.EmployeeServiceImpl.addNewEmployee(EmployeeServiceImpl.java:18) ~[classes/:na]
	at com.EmployeeManagement.Service.EmployeeServiceImpl.addNewEmployee(EmployeeServiceImpl.java:18) ~[classes/:na]
	at com.EmployeeManagement.Service.EmployeeServiceImpl.addNewEmployee(EmployeeServiceImpl.java:18) ~[classes/:na]
	at com.EmployeeManagement.Service.EmployeeServiceImpl.addNewEmployee(EmployeeServiceImpl.java:18) ~[classes/:na]
	at com.EmployeeManagement.Service.EmployeeServiceImpl.addNewEmployee(EmployeeServiceImpl.java:18) ~[classes/:na]
	at com.EmployeeManagement.Service.EmployeeServiceImpl.addNewEmployee(EmployeeServiceImpl.java:18) ~[classes/:na]
	at com.EmployeeManagement.Service.EmployeeServiceImpl.addNewEmployee(EmployeeServiceImpl.java:18) ~[classes/:na]
	at com.EmployeeManagement.Service.EmployeeServiceImpl.addNewEmployee(EmployeeServiceImpl.java:18) ~[classes/:na]
	at com.EmployeeManagement.Service.EmployeeServiceImpl.addNewEmployee(EmployeeServiceImpl.java:18) ~[classes/:na]
	at com.EmployeeManagement.Service.EmployeeServiceImpl.addNewEmployee(EmployeeServiceImpl.java:18) ~[classes/:na]
	at com.EmployeeManagement.Service.EmployeeServiceImpl.addNewEmployee(EmployeeServiceImpl.java:18) ~[classes/:na]
	at com.EmployeeManagement.Service.EmployeeServiceImpl.addNewEmployee(EmployeeServiceImpl.java:18) ~[classes/:na]
	at com.EmployeeManagement.Service.EmployeeServiceImpl.addNewEmployee(EmployeeServiceImpl.java:18) ~[classes/:na]
	at com.EmployeeManagement.Service.EmployeeServiceImpl.addNewEmployee(EmployeeServiceImpl.java:18) ~[classes/:na]
	at com.EmployeeManagement.Service.EmployeeServiceImpl.addNewEmployee(EmployeeServiceImpl.java:18) ~[classes/:na]
	at com.EmployeeManagement.Service.EmployeeServiceImpl.addNewEmployee(EmployeeServiceImpl.java:18) ~[classes/:na]
	at com.EmployeeManagement.Service.EmployeeServiceImpl.addNewEmployee(EmployeeServiceImpl.java:18) ~[classes/:na]
	at com.EmployeeManagement.Service.EmployeeServiceImpl.addNewEmployee(EmployeeServiceImpl.java:18) ~[classes/:na]
	at com.EmployeeManagement.Service.EmployeeServiceImpl.addNewEmployee(EmployeeServiceImpl.java:18) ~[classes/:na]
	at com.EmployeeManagement.Service.EmployeeServiceImpl.addNewEmployee(EmployeeServiceImpl.java:18) ~[classes/:na]
	at com.EmployeeManagement.Service.EmployeeServiceImpl.addNewEmployee(EmployeeServiceImpl.java:18) ~[classes/:na]
	at com.EmployeeManagement.Service.EmployeeServiceImpl.addNewEmployee(EmployeeServiceImpl.java:18) ~[classes/:na]
	at com.EmployeeManagement.Service.EmployeeServiceImpl.addNewEmployee(EmployeeServiceImpl.java:18) ~[classes/:na]
	at com.EmployeeManagement.Service.EmployeeServiceImpl.addNewEmployee(EmployeeServiceImpl.java:18) ~[classes/:na]
	at com.EmployeeManagement.Service.EmployeeServiceImpl.addNewEmployee(EmployeeServiceImpl.java:18) ~[classes/:na]
	at com.EmployeeManagement.Service.EmployeeServiceImpl.addNewEmployee(EmployeeServiceImpl.java:18) ~[classes/:na]
	at com.EmployeeManagement.Service.EmployeeServiceImpl.addNewEmployee(EmployeeServiceImpl.java:18) ~[classes/:na]
	at com.EmployeeManagement.Service.EmployeeServiceImpl.addNewEmployee(EmployeeServiceImpl.java:18) ~[classes/:na]
	at com.EmployeeManagement.Service.EmployeeServiceImpl.addNewEmployee(EmployeeServiceImpl.java:18) ~[classes/:na]
	at com.EmployeeManagement.Service.EmployeeServiceImpl.addNewEmployee(EmployeeServiceImpl.java:18) ~[classes/:na]
	at com.EmployeeManagement.Service.EmployeeServiceImpl.addNewEmployee(EmployeeServiceImpl.java:18) ~[classes/:na]
	at com.EmployeeManagement.Service.EmployeeServiceImpl.addNewEmployee(EmployeeServiceImpl.java:18) ~[classes/:na]
	at com.EmployeeManagement.Service.EmployeeServiceImpl.addNewEmployee(EmployeeServiceImpl.java:18) ~[classes/:na]
	at com.EmployeeManagement.Service.EmployeeServiceImpl.addNewEmployee(EmployeeServiceImpl.java:18) ~[classes/:na]
	at com.EmployeeManagement.Service.EmployeeServiceImpl.addNewEmployee(EmployeeServiceImpl.java:18) ~[classes/:na]
	at com.EmployeeManagement.Service.EmployeeServiceImpl.addNewEmployee(EmployeeServiceImpl.java:18) ~[classes/:na]
	at com.EmployeeManagement.Service.EmployeeServiceImpl.addNewEmployee(EmployeeServiceImpl.java:18) ~[classes/:na]
	at com.EmployeeManagement.Service.EmployeeServiceImpl.addNewEmployee(EmployeeServiceImpl.java:18) ~[classes/:na]
	at com.EmployeeManagement.Service.EmployeeServiceImpl.addNewEmployee(EmployeeServiceImpl.java:18) ~[classes/:na]
	at com.EmployeeManagement.Service.EmployeeServiceImpl.addNewEmployee(EmployeeServiceImpl.java:18) ~[classes/:na]
	at com.EmployeeManagement.Service.EmployeeServiceImpl.addNewEmployee(EmployeeServiceImpl.java:18) ~[classes/:na]
	at com.EmployeeManagement.Service.EmployeeServiceImpl.addNewEmployee(EmployeeServiceImpl.java:18) ~[classes/:na]
	at com.EmployeeManagement.Service.EmployeeServiceImpl.addNewEmployee(EmployeeServiceImpl.java:18) ~[classes/:na]
	at com.EmployeeManagement.Service.EmployeeServiceImpl.addNewEmployee(EmployeeServiceImpl.java:18) ~[classes/:na]
	at com.EmployeeManagement.Service.EmployeeServiceImpl.addNewEmployee(EmployeeServiceImpl.java:18) ~[classes/:na]
	at com.EmployeeManagement.Service.EmployeeServiceImpl.addNewEmployee(EmployeeServiceImpl.java:18) ~[classes/:na]
	at com.EmployeeManagement.Service.EmployeeServiceImpl.addNewEmployee(EmployeeServiceImpl.java:18) ~[classes/:na]
	at com.EmployeeManagement.Service.EmployeeServiceImpl.addNewEmployee(EmployeeServiceImpl.java:18) ~[classes/:na]
	at com.EmployeeManagement.Service.EmployeeServiceImpl.addNewEmployee(EmployeeServiceImpl.java:18) ~[classes/:na]
	at com.EmployeeManagement.Service.EmployeeServiceImpl.addNewEmployee(EmployeeServiceImpl.java:18) ~[classes/:na]
	at com.EmployeeManagement.Service.EmployeeServiceImpl.addNewEmployee(EmployeeServiceImpl.java:18) ~[classes/:na]
	at com.EmployeeManagement.Service.EmployeeServiceImpl.addNewEmployee(EmployeeServiceImpl.java:18) ~[classes/:na]

]]></system-out>
  </testcase>
</testsuite>